2014-08-30 12:33:53 [org.springframework.web.context.support.XmlWebApplicationContext:873] [Thread-1]
INFO: Closing WebApplicationContext for namespace 'dispatcherServlet-servlet': startup date [Fri Aug 29 23:55:44 CST 2014]; root of context hierarchy
2014-08-30 12:34:17 [org.springframework.web.servlet.mvc.method.annotation.RequestMappingHandlerMapping:197] [main]
INFO: Mapped "{[/login],methods=[POST],params=[],headers=[],consumes=[],produces=[],custom=[]}" onto public org.springframework.web.servlet.ModelAndView com.oncecloud.ui.controller.AccountController.login(javax.servlet.http.HttpServletRequest,com.oncecloud.ui.model.LogOnRequestModel)
2014-08-30 12:34:17 [org.springframework.web.servlet.mvc.method.annotation.RequestMappingHandlerMapping:197] [main]
INFO: Mapped "{[/login],methods=[GET],params=[],headers=[],consumes=[],produces=[],custom=[]}" onto public org.springframework.web.servlet.ModelAndView com.oncecloud.ui.controller.AccountController.login(javax.servlet.http.HttpServletRequest)
2014-08-30 12:34:17 [org.springframework.web.servlet.mvc.method.annotation.RequestMappingHandlerMapping:197] [main]
INFO: Mapped "{[/backdoor],methods=[GET],params=[],headers=[],consumes=[],produces=[],custom=[]}" onto public org.springframework.web.servlet.ModelAndView com.oncecloud.ui.controller.AccountController.backdoor(javax.servlet.http.HttpServletRequest)
2014-08-30 12:34:17 [org.springframework.web.servlet.mvc.method.annotation.RequestMappingHandlerMapping:197] [main]
INFO: Mapped "{[/backdoor],methods=[POST],params=[],headers=[],consumes=[],produces=[],custom=[]}" onto public org.springframework.web.servlet.ModelAndView com.oncecloud.ui.controller.AccountController.backdoor(javax.servlet.http.HttpServletRequest,com.oncecloud.ui.model.LogOnRequestModel)
2014-08-30 12:34:17 [org.springframework.web.servlet.mvc.method.annotation.RequestMappingHandlerMapping:197] [main]
INFO: Mapped "{[/captcha],methods=[GET],params=[],headers=[],consumes=[],produces=[],custom=[]}" onto public org.springframework.http.ResponseEntity<[B> com.oncecloud.ui.controller.AuthenticationController.image(javax.servlet.http.HttpServletRequest) throws java.io.IOException
2014-08-30 12:34:17 [org.springframework.web.servlet.mvc.method.annotation.RequestMappingHandlerMapping:197] [main]
INFO: Mapped "{[/dashboard],methods=[],params=[],headers=[],consumes=[],produces=[],custom=[]}" onto public org.springframework.web.servlet.ModelAndView com.oncecloud.ui.controller.DashboardController.dashboard(javax.servlet.http.HttpServletRequest)
2014-08-30 12:34:17 [org.springframework.web.servlet.mvc.method.annotation.RequestMappingHandlerMapping:197] [main]
INFO: Mapped "{[/user/modal/viewquota],methods=[],params=[],headers=[],consumes=[],produces=[],custom=[]}" onto public org.springframework.web.servlet.ModelAndView com.oncecloud.ui.controller.DashboardController.viewQuota(javax.servlet.http.HttpServletRequest)
2014-08-30 12:34:17 [org.springframework.web.servlet.mvc.method.annotation.RequestMappingHandlerMapping:197] [main]
INFO: Mapped "{[/DatacenterAction/GetList],methods=[],params=[],headers=[],consumes=[],produces=[],custom=[]}" onto public java.lang.String com.oncecloud.ui.controller.DatacenterController.getList(javax.servlet.http.HttpServletRequest)
2014-08-30 12:34:17 [org.springframework.web.servlet.mvc.method.annotation.RequestMappingHandlerMapping:197] [main]
INFO: Mapped "{[/DatacenterAction/Overview],methods=[],params=[],headers=[],consumes=[],produces=[],custom=[]}" onto public java.lang.String com.oncecloud.ui.controller.DatacenterController.overview(javax.servlet.http.HttpServletRequest)
2014-08-30 12:34:17 [org.springframework.web.servlet.mvc.method.annotation.RequestMappingHandlerMapping:197] [main]
INFO: Mapped "{[/],methods=[GET],params=[],headers=[],consumes=[],produces=[],custom=[]}" onto public org.springframework.web.servlet.ModelAndView com.oncecloud.ui.controller.HomeController.home(javax.servlet.http.HttpServletRequest)
2014-08-30 12:34:17 [org.springframework.web.servlet.mvc.method.annotation.RequestMappingHandlerMapping:197] [main]
INFO: Mapped "{[/instance],methods=[GET],params=[],headers=[],consumes=[],produces=[],custom=[]}" onto public org.springframework.web.servlet.ModelAndView com.oncecloud.ui.controller.InstanceController.login(javax.servlet.http.HttpServletRequest)
2014-08-30 12:34:17 [org.springframework.web.servlet.mvc.method.annotation.RequestMappingHandlerMapping:197] [main]
INFO: Mapped "{[/LogAction],methods=[],params=[],headers=[],consumes=[],produces=[],custom=[]}" onto public java.lang.String com.oncecloud.ui.controller.LogController.logList(javax.servlet.http.HttpServletRequest,int,int,int) throws javax.servlet.ServletException,java.io.IOException
2014-08-30 12:34:17 [org.springframework.web.servlet.mvc.method.annotation.RequestMappingHandlerMapping:197] [main]
INFO: Mapped "{[/QAAction/QuestionList],methods=[],params=[],headers=[],consumes=[],produces=[],custom=[]}" onto public java.lang.String com.oncecloud.ui.controller.QAController.questionList(javax.servlet.http.HttpServletRequest,int,int,java.lang.String)
2014-08-30 12:34:17 [org.springframework.web.servlet.mvc.method.annotation.RequestMappingHandlerMapping:197] [main]
INFO: Mapped "{[/VMAction/AdminList],methods=[],params=[],headers=[],consumes=[],produces=[],custom=[]}" onto public java.lang.String com.oncecloud.ui.controller.VMController.adminList(javax.servlet.http.HttpServletRequest,com.oncecloud.ui.model.AdminListRequestModel)
2014-08-30 12:34:17 [org.springframework.web.servlet.handler.SimpleUrlHandlerMapping:315] [main]
INFO: Mapped URL path [/bootstrap/**] onto handler 'org.springframework.web.servlet.resource.ResourceHttpRequestHandler#0'
2014-08-30 12:34:17 [org.springframework.web.servlet.handler.SimpleUrlHandlerMapping:315] [main]
INFO: Mapped URL path [/css/**] onto handler 'org.springframework.web.servlet.resource.ResourceHttpRequestHandler#1'
2014-08-30 12:34:17 [org.springframework.web.servlet.handler.SimpleUrlHandlerMapping:315] [main]
INFO: Mapped URL path [/js/**] onto handler 'org.springframework.web.servlet.resource.ResourceHttpRequestHandler#2'
2014-08-30 12:34:17 [org.springframework.web.servlet.handler.SimpleUrlHandlerMapping:315] [main]
INFO: Mapped URL path [/user/js/**] onto handler 'org.springframework.web.servlet.resource.ResourceHttpRequestHandler#3'
2014-08-30 12:34:17 [org.springframework.web.servlet.handler.SimpleUrlHandlerMapping:315] [main]
INFO: Mapped URL path [/admin/js/**] onto handler 'org.springframework.web.servlet.resource.ResourceHttpRequestHandler#4'
2014-08-30 12:34:17 [org.springframework.web.servlet.handler.SimpleUrlHandlerMapping:315] [main]
INFO: Mapped URL path [/img/**] onto handler 'org.springframework.web.servlet.resource.ResourceHttpRequestHandler#5'
2014-08-30 12:34:18 [org.springframework.web.servlet.DispatcherServlet:498] [main]
INFO: FrameworkServlet 'dispatcherServlet': initialization completed in 3861 ms
2014-08-30 12:34:22 [com.oncecloud.manager.UserManager:89] [qtp1369401216-14]
INFO: Check Login: User [admin] Password [onceas] Result [0]
2014-08-30 12:34:23 [org.springframework.web.servlet.PageNotFound:1114] [qtp1369401216-19]
WARN: No mapping found for HTTP request with URI [/dwr/call/plaincall/__System.generateId.dwr] in DispatcherServlet with name 'dispatcherServlet'
2014-08-30 12:34:23 [org.springframework.web.servlet.PageNotFound:1114] [qtp1369401216-13]
WARN: No mapping found for HTTP request with URI [/dwr/util.js] in DispatcherServlet with name 'dispatcherServlet'
2014-08-30 12:36:17 [org.springframework.web.servlet.PageNotFound:1114] [qtp1369401216-19]
WARN: No mapping found for HTTP request with URI [/dwr/util.js] in DispatcherServlet with name 'dispatcherServlet'
2014-08-30 12:36:17 [org.springframework.web.servlet.PageNotFound:1114] [qtp1369401216-18]
WARN: No mapping found for HTTP request with URI [/dwr/call/plaincall/__System.generateId.dwr] in DispatcherServlet with name 'dispatcherServlet'
2014-08-30 12:36:19 [org.springframework.web.servlet.PageNotFound:1114] [qtp1369401216-15]
WARN: No mapping found for HTTP request with URI [/dwr/util.js] in DispatcherServlet with name 'dispatcherServlet'
2014-08-30 12:36:19 [org.springframework.web.servlet.PageNotFound:1114] [qtp1369401216-13]
WARN: No mapping found for HTTP request with URI [/dwr/call/plaincall/__System.generateId.dwr] in DispatcherServlet with name 'dispatcherServlet'
2014-08-30 12:36:21 [org.springframework.web.servlet.PageNotFound:1114] [qtp1369401216-14]
WARN: No mapping found for HTTP request with URI [/dwr/util.js] in DispatcherServlet with name 'dispatcherServlet'
2014-08-30 12:36:21 [org.springframework.web.servlet.PageNotFound:1114] [qtp1369401216-13]
WARN: No mapping found for HTTP request with URI [/dwr/call/plaincall/__System.generateId.dwr] in DispatcherServlet with name 'dispatcherServlet'
2014-08-30 12:36:21 [org.springframework.web.servlet.PageNotFound:1114] [qtp1369401216-48]
WARN: No mapping found for HTTP request with URI [/HostAction] in DispatcherServlet with name 'dispatcherServlet'
2014-08-30 12:44:16 [org.springframework.web.context.support.XmlWebApplicationContext:873] [Thread-1]
INFO: Closing WebApplicationContext for namespace 'dispatcherServlet-servlet': startup date [Sat Aug 30 00:34:14 CST 2014]; root of context hierarchy
2014-08-30 12:53:09 [org.springframework.web.servlet.mvc.method.annotation.RequestMappingHandlerMapping:197] [main]
INFO: Mapped "{[/backdoor],methods=[GET],params=[],headers=[],consumes=[],produces=[],custom=[]}" onto public org.springframework.web.servlet.ModelAndView com.oncecloud.ui.controller.AccountController.backdoor(javax.servlet.http.HttpServletRequest)
2014-08-30 12:53:09 [org.springframework.web.servlet.mvc.method.annotation.RequestMappingHandlerMapping:197] [main]
INFO: Mapped "{[/backdoor],methods=[POST],params=[],headers=[],consumes=[],produces=[],custom=[]}" onto public org.springframework.web.servlet.ModelAndView com.oncecloud.ui.controller.AccountController.backdoor(javax.servlet.http.HttpServletRequest,com.oncecloud.ui.model.LogOnRequestModel)
2014-08-30 12:53:09 [org.springframework.web.servlet.mvc.method.annotation.RequestMappingHandlerMapping:197] [main]
INFO: Mapped "{[/login],methods=[GET],params=[],headers=[],consumes=[],produces=[],custom=[]}" onto public org.springframework.web.servlet.ModelAndView com.oncecloud.ui.controller.AccountController.login(javax.servlet.http.HttpServletRequest)
2014-08-30 12:53:09 [org.springframework.web.servlet.mvc.method.annotation.RequestMappingHandlerMapping:197] [main]
INFO: Mapped "{[/login],methods=[POST],params=[],headers=[],consumes=[],produces=[],custom=[]}" onto public org.springframework.web.servlet.ModelAndView com.oncecloud.ui.controller.AccountController.login(javax.servlet.http.HttpServletRequest,com.oncecloud.ui.model.LogOnRequestModel)
2014-08-30 12:53:09 [org.springframework.web.servlet.mvc.method.annotation.RequestMappingHandlerMapping:197] [main]
INFO: Mapped "{[/captcha],methods=[GET],params=[],headers=[],consumes=[],produces=[],custom=[]}" onto public org.springframework.http.ResponseEntity<[B> com.oncecloud.ui.controller.AuthenticationController.image(javax.servlet.http.HttpServletRequest) throws java.io.IOException
2014-08-30 12:53:09 [org.springframework.web.servlet.mvc.method.annotation.RequestMappingHandlerMapping:197] [main]
INFO: Mapped "{[/dashboard],methods=[GET],params=[],headers=[],consumes=[],produces=[],custom=[]}" onto public org.springframework.web.servlet.ModelAndView com.oncecloud.ui.controller.DashboardController.dashboard(javax.servlet.http.HttpServletRequest)
2014-08-30 12:53:09 [org.springframework.web.servlet.mvc.method.annotation.RequestMappingHandlerMapping:197] [main]
INFO: Mapped "{[/user/modal/viewquota],methods=[GET],params=[],headers=[],consumes=[],produces=[],custom=[]}" onto public org.springframework.web.servlet.ModelAndView com.oncecloud.ui.controller.DashboardController.viewQuota(javax.servlet.http.HttpServletRequest)
2014-08-30 12:53:09 [org.springframework.web.servlet.mvc.method.annotation.RequestMappingHandlerMapping:197] [main]
INFO: Mapped "{[/DatacenterAction/GetList],methods=[GET],params=[],headers=[],consumes=[],produces=[],custom=[]}" onto public java.lang.String com.oncecloud.ui.controller.DatacenterController.getList(javax.servlet.http.HttpServletRequest)
2014-08-30 12:53:09 [org.springframework.web.servlet.mvc.method.annotation.RequestMappingHandlerMapping:197] [main]
INFO: Mapped "{[/DatacenterAction/Overview],methods=[GET],params=[],headers=[],consumes=[],produces=[],custom=[]}" onto public java.lang.String com.oncecloud.ui.controller.DatacenterController.overview(javax.servlet.http.HttpServletRequest)
2014-08-30 12:53:09 [org.springframework.web.servlet.mvc.method.annotation.RequestMappingHandlerMapping:197] [main]
INFO: Mapped "{[/],methods=[GET],params=[],headers=[],consumes=[],produces=[],custom=[]}" onto public org.springframework.web.servlet.ModelAndView com.oncecloud.ui.controller.HomeController.home(javax.servlet.http.HttpServletRequest)
2014-08-30 12:53:09 [org.springframework.web.servlet.mvc.method.annotation.RequestMappingHandlerMapping:197] [main]
INFO: Mapped "{[/instance],methods=[GET],params=[],headers=[],consumes=[],produces=[],custom=[]}" onto public org.springframework.web.servlet.ModelAndView com.oncecloud.ui.controller.InstanceController.login(javax.servlet.http.HttpServletRequest)
2014-08-30 12:53:09 [org.springframework.web.servlet.mvc.method.annotation.RequestMappingHandlerMapping:197] [main]
INFO: Mapped "{[/LBAction/AdminList],methods=[GET],params=[],headers=[],consumes=[],produces=[],custom=[]}" onto public java.lang.String com.oncecloud.ui.controller.LoadBalanceController.adminList(javax.servlet.http.HttpServletRequest,com.oncecloud.ui.model.AdminListRequestModel)
2014-08-30 12:53:09 [org.springframework.web.servlet.mvc.method.annotation.RequestMappingHandlerMapping:197] [main]
INFO: Mapped "{[/LogAction],methods=[GET],params=[],headers=[],consumes=[],produces=[],custom=[]}" onto public java.lang.String com.oncecloud.ui.controller.LogController.logList(javax.servlet.http.HttpServletRequest,int,int,int) throws javax.servlet.ServletException,java.io.IOException
2014-08-30 12:53:09 [org.springframework.web.servlet.mvc.method.annotation.RequestMappingHandlerMapping:197] [main]
INFO: Mapped "{[/QAAction/QuestionList],methods=[GET],params=[],headers=[],consumes=[],produces=[],custom=[]}" onto public java.lang.String com.oncecloud.ui.controller.QAController.questionList(javax.servlet.http.HttpServletRequest,int,int,java.lang.String)
2014-08-30 12:53:09 [org.springframework.web.servlet.mvc.method.annotation.RequestMappingHandlerMapping:197] [main]
INFO: Mapped "{[/RouterAction/AdminList],methods=[GET],params=[],headers=[],consumes=[],produces=[],custom=[]}" onto public java.lang.String com.oncecloud.ui.controller.RouterController.adminList(javax.servlet.http.HttpServletRequest,com.oncecloud.ui.model.AdminListRequestModel)
2014-08-30 12:53:09 [org.springframework.web.servlet.mvc.method.annotation.RequestMappingHandlerMapping:197] [main]
INFO: Mapped "{[/VMAction/AdminList],methods=[GET],params=[],headers=[],consumes=[],produces=[],custom=[]}" onto public java.lang.String com.oncecloud.ui.controller.VMController.adminList(javax.servlet.http.HttpServletRequest,com.oncecloud.ui.model.AdminListRequestModel)
2014-08-30 12:53:09 [org.springframework.web.servlet.handler.SimpleUrlHandlerMapping:315] [main]
INFO: Mapped URL path [/bootstrap/**] onto handler 'org.springframework.web.servlet.resource.ResourceHttpRequestHandler#0'
2014-08-30 12:53:09 [org.springframework.web.servlet.handler.SimpleUrlHandlerMapping:315] [main]
INFO: Mapped URL path [/css/**] onto handler 'org.springframework.web.servlet.resource.ResourceHttpRequestHandler#1'
2014-08-30 12:53:09 [org.springframework.web.servlet.handler.SimpleUrlHandlerMapping:315] [main]
INFO: Mapped URL path [/js/**] onto handler 'org.springframework.web.servlet.resource.ResourceHttpRequestHandler#2'
2014-08-30 12:53:09 [org.springframework.web.servlet.handler.SimpleUrlHandlerMapping:315] [main]
INFO: Mapped URL path [/user/js/**] onto handler 'org.springframework.web.servlet.resource.ResourceHttpRequestHandler#3'
2014-08-30 12:53:09 [org.springframework.web.servlet.handler.SimpleUrlHandlerMapping:315] [main]
INFO: Mapped URL path [/admin/js/**] onto handler 'org.springframework.web.servlet.resource.ResourceHttpRequestHandler#4'
2014-08-30 12:53:09 [org.springframework.web.servlet.handler.SimpleUrlHandlerMapping:315] [main]
INFO: Mapped URL path [/img/**] onto handler 'org.springframework.web.servlet.resource.ResourceHttpRequestHandler#5'
2014-08-30 12:53:09 [org.springframework.web.servlet.DispatcherServlet:498] [main]
INFO: FrameworkServlet 'dispatcherServlet': initialization completed in 3836 ms
2014-08-30 12:57:16 [com.oncecloud.manager.UserManager:89] [qtp804301072-15]
INFO: Check Login: User [admin] Password [onceas] Result [0]
2014-08-30 12:57:17 [org.springframework.web.servlet.PageNotFound:1114] [qtp804301072-42]
WARN: No mapping found for HTTP request with URI [/dwr/util.js] in DispatcherServlet with name 'dispatcherServlet'
2014-08-30 12:57:17 [org.springframework.web.servlet.PageNotFound:1114] [qtp804301072-17]
WARN: No mapping found for HTTP request with URI [/dwr/call/plaincall/__System.generateId.dwr] in DispatcherServlet with name 'dispatcherServlet'
2014-08-30 12:57:17 [org.springframework.web.servlet.PageNotFound:198] [qtp804301072-44]
WARN: Request method 'POST' not supported
2014-08-30 12:58:20 [org.springframework.web.servlet.PageNotFound:1114] [qtp804301072-44]
WARN: No mapping found for HTTP request with URI [/dwr/call/plaincall/__System.generateId.dwr] in DispatcherServlet with name 'dispatcherServlet'
2014-08-30 12:58:20 [org.springframework.web.servlet.PageNotFound:1114] [qtp804301072-18]
WARN: No mapping found for HTTP request with URI [/dwr/util.js] in DispatcherServlet with name 'dispatcherServlet'
2014-08-30 12:58:20 [org.springframework.web.servlet.PageNotFound:198] [qtp804301072-15]
WARN: Request method 'POST' not supported
2014-08-30 12:58:22 [org.springframework.web.servlet.PageNotFound:1114] [qtp804301072-44]
WARN: No mapping found for HTTP request with URI [/dwr/util.js] in DispatcherServlet with name 'dispatcherServlet'
2014-08-30 12:58:22 [org.springframework.web.servlet.PageNotFound:1114] [qtp804301072-15]
WARN: No mapping found for HTTP request with URI [/dwr/call/plaincall/__System.generateId.dwr] in DispatcherServlet with name 'dispatcherServlet'
2014-08-30 12:58:22 [org.springframework.web.servlet.PageNotFound:1114] [qtp804301072-19]
WARN: No mapping found for HTTP request with URI [/HostAction] in DispatcherServlet with name 'dispatcherServlet'
2014-08-30 01:07:11 [org.springframework.web.context.support.XmlWebApplicationContext:873] [Thread-1]
INFO: Closing WebApplicationContext for namespace 'dispatcherServlet-servlet': startup date [Sat Aug 30 00:53:05 CST 2014]; root of context hierarchy
2014-08-30 01:07:40 [org.springframework.web.servlet.mvc.method.annotation.RequestMappingHandlerMapping:197] [main]
INFO: Mapped "{[/login],methods=[POST],params=[],headers=[],consumes=[],produces=[],custom=[]}" onto public org.springframework.web.servlet.ModelAndView com.oncecloud.ui.controller.AccountController.login(javax.servlet.http.HttpServletRequest,com.oncecloud.ui.model.LogOnRequestModel)
2014-08-30 01:07:40 [org.springframework.web.servlet.mvc.method.annotation.RequestMappingHandlerMapping:197] [main]
INFO: Mapped "{[/login],methods=[GET],params=[],headers=[],consumes=[],produces=[],custom=[]}" onto public org.springframework.web.servlet.ModelAndView com.oncecloud.ui.controller.AccountController.login(javax.servlet.http.HttpServletRequest)
2014-08-30 01:07:40 [org.springframework.web.servlet.mvc.method.annotation.RequestMappingHandlerMapping:197] [main]
INFO: Mapped "{[/backdoor],methods=[GET],params=[],headers=[],consumes=[],produces=[],custom=[]}" onto public org.springframework.web.servlet.ModelAndView com.oncecloud.ui.controller.AccountController.backdoor(javax.servlet.http.HttpServletRequest)
2014-08-30 01:07:40 [org.springframework.web.servlet.mvc.method.annotation.RequestMappingHandlerMapping:197] [main]
INFO: Mapped "{[/backdoor],methods=[POST],params=[],headers=[],consumes=[],produces=[],custom=[]}" onto public org.springframework.web.servlet.ModelAndView com.oncecloud.ui.controller.AccountController.backdoor(javax.servlet.http.HttpServletRequest,com.oncecloud.ui.model.LogOnRequestModel)
2014-08-30 01:07:40 [org.springframework.web.servlet.mvc.method.annotation.RequestMappingHandlerMapping:197] [main]
INFO: Mapped "{[/captcha],methods=[GET],params=[],headers=[],consumes=[],produces=[],custom=[]}" onto public org.springframework.http.ResponseEntity<[B> com.oncecloud.ui.controller.AuthenticationController.image(javax.servlet.http.HttpServletRequest) throws java.io.IOException
2014-08-30 01:07:40 [org.springframework.web.servlet.mvc.method.annotation.RequestMappingHandlerMapping:197] [main]
INFO: Mapped "{[/dashboard],methods=[GET],params=[],headers=[],consumes=[],produces=[],custom=[]}" onto public org.springframework.web.servlet.ModelAndView com.oncecloud.ui.controller.DashboardController.dashboard(javax.servlet.http.HttpServletRequest)
2014-08-30 01:07:40 [org.springframework.web.servlet.mvc.method.annotation.RequestMappingHandlerMapping:197] [main]
INFO: Mapped "{[/user/modal/viewquota],methods=[GET],params=[],headers=[],consumes=[],produces=[],custom=[]}" onto public org.springframework.web.servlet.ModelAndView com.oncecloud.ui.controller.DashboardController.viewQuota(javax.servlet.http.HttpServletRequest)
2014-08-30 01:07:40 [org.springframework.web.servlet.mvc.method.annotation.RequestMappingHandlerMapping:197] [main]
INFO: Mapped "{[/DatacenterAction/GetList],methods=[GET],params=[],headers=[],consumes=[],produces=[],custom=[]}" onto public java.lang.String com.oncecloud.ui.controller.DatacenterController.getList(javax.servlet.http.HttpServletRequest)
2014-08-30 01:07:40 [org.springframework.web.servlet.mvc.method.annotation.RequestMappingHandlerMapping:197] [main]
INFO: Mapped "{[/DatacenterAction/Overview],methods=[GET],params=[],headers=[],consumes=[],produces=[],custom=[]}" onto public java.lang.String com.oncecloud.ui.controller.DatacenterController.overview(javax.servlet.http.HttpServletRequest)
2014-08-30 01:07:40 [org.springframework.web.servlet.mvc.method.annotation.RequestMappingHandlerMapping:197] [main]
INFO: Mapped "{[/],methods=[GET],params=[],headers=[],consumes=[],produces=[],custom=[]}" onto public org.springframework.web.servlet.ModelAndView com.oncecloud.ui.controller.HomeController.home(javax.servlet.http.HttpServletRequest)
2014-08-30 01:07:40 [org.springframework.web.servlet.mvc.method.annotation.RequestMappingHandlerMapping:197] [main]
INFO: Mapped "{[/HostAction/ALLList],methods=[GET],params=[],headers=[],consumes=[],produces=[],custom=[]}" onto public java.lang.String com.oncecloud.ui.controller.HostController.allList(javax.servlet.http.HttpServletRequest)
2014-08-30 01:07:40 [org.springframework.web.servlet.mvc.method.annotation.RequestMappingHandlerMapping:197] [main]
INFO: Mapped "{[/instance],methods=[GET],params=[],headers=[],consumes=[],produces=[],custom=[]}" onto public org.springframework.web.servlet.ModelAndView com.oncecloud.ui.controller.InstanceController.login(javax.servlet.http.HttpServletRequest)
2014-08-30 01:07:40 [org.springframework.web.servlet.mvc.method.annotation.RequestMappingHandlerMapping:197] [main]
INFO: Mapped "{[/LBAction/AdminList],methods=[GET],params=[],headers=[],consumes=[],produces=[],custom=[]}" onto public java.lang.String com.oncecloud.ui.controller.LoadBalanceController.adminList(javax.servlet.http.HttpServletRequest,com.oncecloud.ui.model.AdminListRequestModel)
2014-08-30 01:07:40 [org.springframework.web.servlet.mvc.method.annotation.RequestMappingHandlerMapping:197] [main]
INFO: Mapped "{[/LogAction],methods=[GET],params=[],headers=[],consumes=[],produces=[],custom=[]}" onto public java.lang.String com.oncecloud.ui.controller.LogController.logList(javax.servlet.http.HttpServletRequest,int,int,int) throws javax.servlet.ServletException,java.io.IOException
2014-08-30 01:07:40 [org.springframework.web.servlet.mvc.method.annotation.RequestMappingHandlerMapping:197] [main]
INFO: Mapped "{[/QAAction/QuestionList],methods=[GET],params=[],headers=[],consumes=[],produces=[],custom=[]}" onto public java.lang.String com.oncecloud.ui.controller.QAController.questionList(javax.servlet.http.HttpServletRequest,int,int,java.lang.String)
2014-08-30 01:07:40 [org.springframework.web.servlet.mvc.method.annotation.RequestMappingHandlerMapping:197] [main]
INFO: Mapped "{[/RouterAction/AdminList],methods=[GET],params=[],headers=[],consumes=[],produces=[],custom=[]}" onto public java.lang.String com.oncecloud.ui.controller.RouterController.adminList(javax.servlet.http.HttpServletRequest,com.oncecloud.ui.model.AdminListRequestModel)
2014-08-30 01:07:40 [org.springframework.web.servlet.mvc.method.annotation.RequestMappingHandlerMapping:197] [main]
INFO: Mapped "{[/VMAction/AdminList],methods=[GET],params=[],headers=[],consumes=[],produces=[],custom=[]}" onto public java.lang.String com.oncecloud.ui.controller.VMController.adminList(javax.servlet.http.HttpServletRequest,com.oncecloud.ui.model.AdminListRequestModel)
2014-08-30 01:07:40 [org.springframework.web.servlet.handler.SimpleUrlHandlerMapping:315] [main]
INFO: Mapped URL path [/bootstrap/**] onto handler 'org.springframework.web.servlet.resource.ResourceHttpRequestHandler#0'
2014-08-30 01:07:40 [org.springframework.web.servlet.handler.SimpleUrlHandlerMapping:315] [main]
INFO: Mapped URL path [/css/**] onto handler 'org.springframework.web.servlet.resource.ResourceHttpRequestHandler#1'
2014-08-30 01:07:40 [org.springframework.web.servlet.handler.SimpleUrlHandlerMapping:315] [main]
INFO: Mapped URL path [/js/**] onto handler 'org.springframework.web.servlet.resource.ResourceHttpRequestHandler#2'
2014-08-30 01:07:40 [org.springframework.web.servlet.handler.SimpleUrlHandlerMapping:315] [main]
INFO: Mapped URL path [/user/js/**] onto handler 'org.springframework.web.servlet.resource.ResourceHttpRequestHandler#3'
2014-08-30 01:07:40 [org.springframework.web.servlet.handler.SimpleUrlHandlerMapping:315] [main]
INFO: Mapped URL path [/admin/js/**] onto handler 'org.springframework.web.servlet.resource.ResourceHttpRequestHandler#4'
2014-08-30 01:07:40 [org.springframework.web.servlet.handler.SimpleUrlHandlerMapping:315] [main]
INFO: Mapped URL path [/img/**] onto handler 'org.springframework.web.servlet.resource.ResourceHttpRequestHandler#5'
2014-08-30 01:07:40 [org.springframework.web.servlet.DispatcherServlet:498] [main]
INFO: FrameworkServlet 'dispatcherServlet': initialization completed in 3958 ms
2014-08-30 01:07:46 [com.oncecloud.manager.UserManager:89] [qtp1369401216-18]
INFO: Check Login: User [admin] Password [onceas] Result [0]
2014-08-30 01:07:47 [org.springframework.web.servlet.PageNotFound:1114] [qtp1369401216-17]
WARN: No mapping found for HTTP request with URI [/dwr/util.js] in DispatcherServlet with name 'dispatcherServlet'
2014-08-30 01:07:47 [org.springframework.web.servlet.PageNotFound:1114] [qtp1369401216-19]
WARN: No mapping found for HTTP request with URI [/dwr/call/plaincall/__System.generateId.dwr] in DispatcherServlet with name 'dispatcherServlet'
2014-08-30 01:07:47 [org.springframework.web.servlet.PageNotFound:198] [qtp1369401216-19]
WARN: Request method 'POST' not supported
2014-08-30 01:07:55 [org.springframework.web.servlet.PageNotFound:1114] [qtp1369401216-19]
WARN: No mapping found for HTTP request with URI [/dwr/util.js] in DispatcherServlet with name 'dispatcherServlet'
2014-08-30 01:07:55 [org.springframework.web.servlet.PageNotFound:1114] [qtp1369401216-14]
WARN: No mapping found for HTTP request with URI [/dwr/call/plaincall/__System.generateId.dwr] in DispatcherServlet with name 'dispatcherServlet'
2014-08-30 01:07:55 [org.springframework.web.servlet.PageNotFound:198] [qtp1369401216-18]
WARN: Request method 'POST' not supported
2014-08-30 01:08:19 [org.springframework.web.servlet.PageNotFound:1114] [qtp1369401216-16]
WARN: No mapping found for HTTP request with URI [/dwr/util.js] in DispatcherServlet with name 'dispatcherServlet'
2014-08-30 01:08:19 [org.springframework.web.servlet.PageNotFound:1114] [qtp1369401216-16]
WARN: No mapping found for HTTP request with URI [/dwr/call/plaincall/__System.generateId.dwr] in DispatcherServlet with name 'dispatcherServlet'
2014-08-30 01:08:22 [org.springframework.web.servlet.PageNotFound:1114] [qtp1369401216-14]
WARN: No mapping found for HTTP request with URI [/dwr/call/plaincall/__System.generateId.dwr] in DispatcherServlet with name 'dispatcherServlet'
2014-08-30 01:08:22 [org.springframework.web.servlet.PageNotFound:1114] [qtp1369401216-16]
WARN: No mapping found for HTTP request with URI [/dwr/util.js] in DispatcherServlet with name 'dispatcherServlet'
2014-08-30 01:09:34 [org.springframework.web.servlet.PageNotFound:1114] [qtp1369401216-14]
WARN: No mapping found for HTTP request with URI [/dwr/call/plaincall/__System.generateId.dwr] in DispatcherServlet with name 'dispatcherServlet'
2014-08-30 01:09:34 [org.springframework.web.servlet.PageNotFound:1114] [qtp1369401216-16]
WARN: No mapping found for HTTP request with URI [/dwr/util.js] in DispatcherServlet with name 'dispatcherServlet'
2014-08-30 01:11:02 [org.springframework.web.context.support.XmlWebApplicationContext:873] [Thread-1]
INFO: Closing WebApplicationContext for namespace 'dispatcherServlet-servlet': startup date [Sat Aug 30 01:07:37 CST 2014]; root of context hierarchy
