2014-12-16 17:10:44.578 INFO  [org.springframework.web.servlet.DispatcherServlet] FrameworkServlet 'dispatcherServlet': initialization started
2014-12-16 17:10:44.596 INFO  [org.springframework.web.context.support.XmlWebApplicationContext] Refreshing WebApplicationContext for namespace 'dispatcherServlet-servlet': startup date [Tue Dec 16 17:10:44 CST 2014]; root of context hierarchy
2014-12-16 17:10:44.621 INFO  [org.springframework.beans.factory.xml.XmlBeanDefinitionReader] Loading XML bean definitions from URL [file:/Users/hty/Documents/Workspaces/git/OnceCloud/oncecloud3-web/target/classes/com/oncecloud/config/application-context.xml]
2014-12-16 17:10:45.210 INFO  [org.springframework.beans.factory.support.DefaultListableBeanFactory] Overriding bean definition for bean 'mvcContentNegotiationManager': replacing [Root bean: class [org.springframework.web.accept.ContentNegotiationManagerFactoryBean]; scope=; abstract=false; lazyInit=false; autowireMode=0; dependencyCheck=0; autowireCandidate=true; primary=false; factoryBeanName=null; factoryMethodName=null; initMethodName=null; destroyMethodName=null] with [Root bean: class [null]; scope=; abstract=false; lazyInit=false; autowireMode=3; dependencyCheck=0; autowireCandidate=true; primary=false; factoryBeanName=org.springframework.web.servlet.config.annotation.DelegatingWebMvcConfiguration; factoryMethodName=mvcContentNegotiationManager; initMethodName=null; destroyMethodName=(inferred); defined in class path resource [org/springframework/web/servlet/config/annotation/DelegatingWebMvcConfiguration.class]]
2014-12-16 17:10:45.213 INFO  [org.springframework.context.annotation.ConfigurationClassBeanDefinitionReader] Skipping bean definition for [BeanMethod:name=mvcUriComponentsContributor,declaringClass=org.springframework.web.servlet.config.annotation.WebMvcConfigurationSupport]: a definition for bean 'mvcUriComponentsContributor' already exists. This top-level bean definition is considered as an override.
2014-12-16 17:10:45.342 INFO  [org.springframework.beans.factory.annotation.AutowiredAnnotationBeanPostProcessor] JSR-330 'javax.inject.Inject' annotation found and supported for autowiring
2014-12-16 17:10:45.809 INFO  [org.hibernate.annotations.common.Version] HCANN000001: Hibernate Commons Annotations {4.0.5.Final}
2014-12-16 17:10:45.820 INFO  [org.hibernate.Version] HHH000412: Hibernate Core {4.3.6.Final}
2014-12-16 17:10:45.826 INFO  [org.hibernate.cfg.Environment] HHH000206: hibernate.properties not found
2014-12-16 17:10:45.827 INFO  [org.hibernate.cfg.Environment] HHH000021: Bytecode provider name : javassist
2014-12-16 17:10:45.843 INFO  [org.hibernate.cfg.Configuration] HHH000043: Configuring from resource: com/oncecloud/config/hibernate-main.cfg.xml
2014-12-16 17:10:45.843 INFO  [org.hibernate.cfg.Configuration] HHH000040: Configuration resource: com/oncecloud/config/hibernate-main.cfg.xml
2014-12-16 17:10:45.900 INFO  [org.hibernate.cfg.Configuration] HHH000041: Configured SessionFactory: null
2014-12-16 17:10:45.967 INFO  [org.hibernate.engine.jdbc.connections.internal.ConnectionProviderInitiator] HHH000130: Instantiating explicit connection provider: org.hibernate.connection.C3P0ConnectionProvider
2014-12-16 17:10:45.978 INFO  [org.hibernate.c3p0.internal.C3P0ConnectionProvider] HHH010002: C3P0 using driver: com.mysql.jdbc.Driver at URL: jdbc:mysql://58.211.191.37:3306/beyondcloud
2014-12-16 17:10:45.979 INFO  [org.hibernate.c3p0.internal.C3P0ConnectionProvider] HHH000046: Connection properties: {user=root, password=****, characterEncoding=utf-8}
2014-12-16 17:10:45.980 INFO  [org.hibernate.c3p0.internal.C3P0ConnectionProvider] HHH000006: Autocommit mode: false
2014-12-16 17:10:45.985 WARN  [org.hibernate.c3p0.internal.C3P0ConnectionProvider] HHH010001: Both hibernate-style property 'hibernate.c3p0.timeout' and c3p0-style property 'c3p0.maxIdleTime' have been set in Hibernate properties.  Hibernate-style property 'hibernate.c3p0.timeout' will be used and c3p0-style property 'c3p0.maxIdleTime' will be ignored!
2014-12-16 17:10:45.986 WARN  [org.hibernate.c3p0.internal.C3P0ConnectionProvider] HHH010001: Both hibernate-style property 'hibernate.c3p0.timeout' and c3p0-style property 'hibernate.c3p0.maxIdleTime' have been set in Hibernate properties.  Hibernate-style property 'hibernate.c3p0.timeout' will be used and c3p0-style property 'hibernate.c3p0.maxIdleTime' will be ignored!
2014-12-16 17:10:45.994 INFO  [com.mchange.v2.log.MLog] MLog clients using log4j logging.
2014-12-16 17:10:46.093 INFO  [com.mchange.v2.c3p0.C3P0Registry] Initializing c3p0-0.9.2.1 [built 20-March-2013 10:47:27 +0000; debug? true; trace: 10]
2014-12-16 17:10:46.183 INFO  [com.mchange.v2.c3p0.impl.AbstractPoolBackedDataSource] Initializing c3p0 pool... com.mchange.v2.c3p0.PoolBackedDataSource@9d3bd06e [ connectionPoolDataSource -> com.mchange.v2.c3p0.WrapperConnectionPoolDataSource@fd52359a [ acquireIncrement -> 2, acquireRetryAttempts -> 30, acquireRetryDelay -> 1000, autoCommitOnClose -> false, automaticTestTable -> null, breakAfterAcquireFailure -> false, checkoutTimeout -> 0, connectionCustomizerClassName -> null, connectionTesterClassName -> com.mchange.v2.c3p0.impl.DefaultConnectionTester, debugUnreturnedConnectionStackTraces -> false, factoryClassLocation -> null, forceIgnoreUnresolvedTransactions -> false, identityToken -> 1hge0zk96muplak1od4c6e|e7fa12b, idleConnectionTestPeriod -> 120, initialPoolSize -> 6, maxAdministrativeTaskTime -> 0, maxConnectionAge -> 0, maxIdleTime -> 120, maxIdleTimeExcessConnections -> 0, maxPoolSize -> 30, maxStatements -> 100, maxStatementsPerConnection -> 0, minPoolSize -> 6, nestedDataSource -> com.mchange.v2.c3p0.DriverManagerDataSource@bd11ba2 [ description -> null, driverClass -> null, factoryClassLocation -> null, identityToken -> 1hge0zk96muplak1od4c6e|e096a0c, jdbcUrl -> jdbc:mysql://58.211.191.37:3306/beyondcloud, properties -> {user=******, password=******, characterEncoding=utf-8} ], preferredTestQuery -> null, propertyCycle -> 0, statementCacheNumDeferredCloseThreads -> 0, testConnectionOnCheckin -> false, testConnectionOnCheckout -> false, unreturnedConnectionTimeout -> 0, usesTraditionalReflectiveProxies -> false; userOverrides: {} ], dataSourceName -> null, factoryClassLocation -> null, identityToken -> 1hge0zk96muplak1od4c6e|3a68f437, numHelperThreads -> 3 ]
2014-12-16 17:10:46.481 INFO  [org.hibernate.dialect.Dialect] HHH000400: Using dialect: org.hibernate.dialect.MySQLInnoDBDialect
2014-12-16 17:10:46.489 INFO  [org.hibernate.engine.jdbc.internal.LobCreatorBuilder] HHH000424: Disabling contextual LOB creation as createClob() method threw error : java.lang.reflect.InvocationTargetException
2014-12-16 17:10:46.745 INFO  [org.hibernate.engine.transaction.internal.TransactionFactoryInitiator] HHH000399: Using default transaction strategy (direct JDBC transactions)
2014-12-16 17:10:46.749 INFO  [org.hibernate.hql.internal.ast.ASTQueryTranslatorFactory] HHH000397: Using ASTQueryTranslatorFactory
2014-12-16 17:10:47.238 INFO  [org.hibernate.cfg.Configuration] HHH000043: Configuring from resource: com/oncecloud/config/hibernate-performance.cfg.xml
2014-12-16 17:10:47.239 INFO  [org.hibernate.cfg.Configuration] HHH000040: Configuration resource: com/oncecloud/config/hibernate-performance.cfg.xml
2014-12-16 17:10:47.245 INFO  [org.hibernate.cfg.Configuration] HHH000221: Reading mappings from resource: com/oncecloud/config/performance/cpu.hbm.xml
2014-12-16 17:10:47.251 WARN  [org.hibernate.internal.util.xml.DTDEntityResolver] HHH000223: Recognized obsolete hibernate namespace http://hibernate.sourceforge.net/. Use namespace http://www.hibernate.org/dtd/ instead. Refer to Hibernate 3.6 Migration Guide!
2014-12-16 17:10:47.272 INFO  [org.hibernate.cfg.Configuration] HHH000221: Reading mappings from resource: com/oncecloud/config/performance/mem.hbm.xml
2014-12-16 17:10:47.274 WARN  [org.hibernate.internal.util.xml.DTDEntityResolver] HHH000223: Recognized obsolete hibernate namespace http://hibernate.sourceforge.net/. Use namespace http://www.hibernate.org/dtd/ instead. Refer to Hibernate 3.6 Migration Guide!
2014-12-16 17:10:47.296 INFO  [org.hibernate.cfg.Configuration] HHH000221: Reading mappings from resource: com/oncecloud/config/performance/pif.hbm.xml
2014-12-16 17:10:47.300 WARN  [org.hibernate.internal.util.xml.DTDEntityResolver] HHH000223: Recognized obsolete hibernate namespace http://hibernate.sourceforge.net/. Use namespace http://www.hibernate.org/dtd/ instead. Refer to Hibernate 3.6 Migration Guide!
2014-12-16 17:10:47.322 INFO  [org.hibernate.cfg.Configuration] HHH000221: Reading mappings from resource: com/oncecloud/config/performance/vbd.hbm.xml
2014-12-16 17:10:47.326 WARN  [org.hibernate.internal.util.xml.DTDEntityResolver] HHH000223: Recognized obsolete hibernate namespace http://hibernate.sourceforge.net/. Use namespace http://www.hibernate.org/dtd/ instead. Refer to Hibernate 3.6 Migration Guide!
2014-12-16 17:10:47.347 INFO  [org.hibernate.cfg.Configuration] HHH000221: Reading mappings from resource: com/oncecloud/config/performance/vif.hbm.xml
2014-12-16 17:10:47.351 WARN  [org.hibernate.internal.util.xml.DTDEntityResolver] HHH000223: Recognized obsolete hibernate namespace http://hibernate.sourceforge.net/. Use namespace http://www.hibernate.org/dtd/ instead. Refer to Hibernate 3.6 Migration Guide!
2014-12-16 17:10:47.370 INFO  [org.hibernate.cfg.Configuration] HHH000221: Reading mappings from resource: com/oncecloud/config/performance/cpu6h.hbm.xml
2014-12-16 17:10:47.375 WARN  [org.hibernate.internal.util.xml.DTDEntityResolver] HHH000223: Recognized obsolete hibernate namespace http://hibernate.sourceforge.net/. Use namespace http://www.hibernate.org/dtd/ instead. Refer to Hibernate 3.6 Migration Guide!
2014-12-16 17:10:47.392 INFO  [org.hibernate.cfg.Configuration] HHH000221: Reading mappings from resource: com/oncecloud/config/performance/cpu1d.hbm.xml
2014-12-16 17:10:47.397 WARN  [org.hibernate.internal.util.xml.DTDEntityResolver] HHH000223: Recognized obsolete hibernate namespace http://hibernate.sourceforge.net/. Use namespace http://www.hibernate.org/dtd/ instead. Refer to Hibernate 3.6 Migration Guide!
2014-12-16 17:10:47.411 INFO  [org.hibernate.cfg.Configuration] HHH000221: Reading mappings from resource: com/oncecloud/config/performance/cpu2w.hbm.xml
2014-12-16 17:10:47.415 WARN  [org.hibernate.internal.util.xml.DTDEntityResolver] HHH000223: Recognized obsolete hibernate namespace http://hibernate.sourceforge.net/. Use namespace http://www.hibernate.org/dtd/ instead. Refer to Hibernate 3.6 Migration Guide!
2014-12-16 17:10:47.439 INFO  [org.hibernate.cfg.Configuration] HHH000221: Reading mappings from resource: com/oncecloud/config/performance/cpu1m.hbm.xml
2014-12-16 17:10:47.443 WARN  [org.hibernate.internal.util.xml.DTDEntityResolver] HHH000223: Recognized obsolete hibernate namespace http://hibernate.sourceforge.net/. Use namespace http://www.hibernate.org/dtd/ instead. Refer to Hibernate 3.6 Migration Guide!
2014-12-16 17:10:47.458 INFO  [org.hibernate.cfg.Configuration] HHH000221: Reading mappings from resource: com/oncecloud/config/performance/mem6h.hbm.xml
2014-12-16 17:10:47.463 WARN  [org.hibernate.internal.util.xml.DTDEntityResolver] HHH000223: Recognized obsolete hibernate namespace http://hibernate.sourceforge.net/. Use namespace http://www.hibernate.org/dtd/ instead. Refer to Hibernate 3.6 Migration Guide!
2014-12-16 17:10:47.491 INFO  [org.hibernate.cfg.Configuration] HHH000221: Reading mappings from resource: com/oncecloud/config/performance/mem1d.hbm.xml
2014-12-16 17:10:47.495 WARN  [org.hibernate.internal.util.xml.DTDEntityResolver] HHH000223: Recognized obsolete hibernate namespace http://hibernate.sourceforge.net/. Use namespace http://www.hibernate.org/dtd/ instead. Refer to Hibernate 3.6 Migration Guide!
2014-12-16 17:10:47.514 INFO  [org.hibernate.cfg.Configuration] HHH000221: Reading mappings from resource: com/oncecloud/config/performance/mem2w.hbm.xml
2014-12-16 17:10:47.518 WARN  [org.hibernate.internal.util.xml.DTDEntityResolver] HHH000223: Recognized obsolete hibernate namespace http://hibernate.sourceforge.net/. Use namespace http://www.hibernate.org/dtd/ instead. Refer to Hibernate 3.6 Migration Guide!
2014-12-16 17:10:47.546 INFO  [org.hibernate.cfg.Configuration] HHH000221: Reading mappings from resource: com/oncecloud/config/performance/mem1m.hbm.xml
2014-12-16 17:10:47.552 WARN  [org.hibernate.internal.util.xml.DTDEntityResolver] HHH000223: Recognized obsolete hibernate namespace http://hibernate.sourceforge.net/. Use namespace http://www.hibernate.org/dtd/ instead. Refer to Hibernate 3.6 Migration Guide!
2014-12-16 17:10:47.576 INFO  [org.hibernate.cfg.Configuration] HHH000221: Reading mappings from resource: com/oncecloud/config/performance/vbd6h.hbm.xml
2014-12-16 17:10:47.582 WARN  [org.hibernate.internal.util.xml.DTDEntityResolver] HHH000223: Recognized obsolete hibernate namespace http://hibernate.sourceforge.net/. Use namespace http://www.hibernate.org/dtd/ instead. Refer to Hibernate 3.6 Migration Guide!
2014-12-16 17:10:47.598 INFO  [org.hibernate.cfg.Configuration] HHH000221: Reading mappings from resource: com/oncecloud/config/performance/vbd1d.hbm.xml
2014-12-16 17:10:47.602 WARN  [org.hibernate.internal.util.xml.DTDEntityResolver] HHH000223: Recognized obsolete hibernate namespace http://hibernate.sourceforge.net/. Use namespace http://www.hibernate.org/dtd/ instead. Refer to Hibernate 3.6 Migration Guide!
2014-12-16 17:10:47.620 INFO  [org.hibernate.cfg.Configuration] HHH000221: Reading mappings from resource: com/oncecloud/config/performance/vbd2w.hbm.xml
2014-12-16 17:10:47.624 WARN  [org.hibernate.internal.util.xml.DTDEntityResolver] HHH000223: Recognized obsolete hibernate namespace http://hibernate.sourceforge.net/. Use namespace http://www.hibernate.org/dtd/ instead. Refer to Hibernate 3.6 Migration Guide!
2014-12-16 17:10:47.642 INFO  [org.hibernate.cfg.Configuration] HHH000221: Reading mappings from resource: com/oncecloud/config/performance/vbd1m.hbm.xml
2014-12-16 17:10:47.647 WARN  [org.hibernate.internal.util.xml.DTDEntityResolver] HHH000223: Recognized obsolete hibernate namespace http://hibernate.sourceforge.net/. Use namespace http://www.hibernate.org/dtd/ instead. Refer to Hibernate 3.6 Migration Guide!
2014-12-16 17:10:47.659 INFO  [org.hibernate.cfg.Configuration] HHH000221: Reading mappings from resource: com/oncecloud/config/performance/vif6h.hbm.xml
2014-12-16 17:10:47.664 WARN  [org.hibernate.internal.util.xml.DTDEntityResolver] HHH000223: Recognized obsolete hibernate namespace http://hibernate.sourceforge.net/. Use namespace http://www.hibernate.org/dtd/ instead. Refer to Hibernate 3.6 Migration Guide!
2014-12-16 17:10:47.691 INFO  [org.hibernate.cfg.Configuration] HHH000221: Reading mappings from resource: com/oncecloud/config/performance/vif1d.hbm.xml
2014-12-16 17:10:47.696 WARN  [org.hibernate.internal.util.xml.DTDEntityResolver] HHH000223: Recognized obsolete hibernate namespace http://hibernate.sourceforge.net/. Use namespace http://www.hibernate.org/dtd/ instead. Refer to Hibernate 3.6 Migration Guide!
2014-12-16 17:10:47.710 INFO  [org.hibernate.cfg.Configuration] HHH000221: Reading mappings from resource: com/oncecloud/config/performance/vif2w.hbm.xml
2014-12-16 17:10:47.714 WARN  [org.hibernate.internal.util.xml.DTDEntityResolver] HHH000223: Recognized obsolete hibernate namespace http://hibernate.sourceforge.net/. Use namespace http://www.hibernate.org/dtd/ instead. Refer to Hibernate 3.6 Migration Guide!
2014-12-16 17:10:47.732 INFO  [org.hibernate.cfg.Configuration] HHH000221: Reading mappings from resource: com/oncecloud/config/performance/vif1m.hbm.xml
2014-12-16 17:10:47.736 WARN  [org.hibernate.internal.util.xml.DTDEntityResolver] HHH000223: Recognized obsolete hibernate namespace http://hibernate.sourceforge.net/. Use namespace http://www.hibernate.org/dtd/ instead. Refer to Hibernate 3.6 Migration Guide!
2014-12-16 17:10:47.754 INFO  [org.hibernate.cfg.Configuration] HHH000221: Reading mappings from resource: com/oncecloud/config/performance/pif6h.hbm.xml
2014-12-16 17:10:47.758 WARN  [org.hibernate.internal.util.xml.DTDEntityResolver] HHH000223: Recognized obsolete hibernate namespace http://hibernate.sourceforge.net/. Use namespace http://www.hibernate.org/dtd/ instead. Refer to Hibernate 3.6 Migration Guide!
2014-12-16 17:10:47.772 INFO  [org.hibernate.cfg.Configuration] HHH000221: Reading mappings from resource: com/oncecloud/config/performance/pif1d.hbm.xml
2014-12-16 17:10:47.778 WARN  [org.hibernate.internal.util.xml.DTDEntityResolver] HHH000223: Recognized obsolete hibernate namespace http://hibernate.sourceforge.net/. Use namespace http://www.hibernate.org/dtd/ instead. Refer to Hibernate 3.6 Migration Guide!
2014-12-16 17:10:47.796 INFO  [org.hibernate.cfg.Configuration] HHH000221: Reading mappings from resource: com/oncecloud/config/performance/pif2w.hbm.xml
2014-12-16 17:10:47.801 WARN  [org.hibernate.internal.util.xml.DTDEntityResolver] HHH000223: Recognized obsolete hibernate namespace http://hibernate.sourceforge.net/. Use namespace http://www.hibernate.org/dtd/ instead. Refer to Hibernate 3.6 Migration Guide!
2014-12-16 17:10:47.820 INFO  [org.hibernate.cfg.Configuration] HHH000221: Reading mappings from resource: com/oncecloud/config/performance/pif1m.hbm.xml
2014-12-16 17:10:47.823 WARN  [org.hibernate.internal.util.xml.DTDEntityResolver] HHH000223: Recognized obsolete hibernate namespace http://hibernate.sourceforge.net/. Use namespace http://www.hibernate.org/dtd/ instead. Refer to Hibernate 3.6 Migration Guide!
2014-12-16 17:10:47.841 INFO  [org.hibernate.cfg.Configuration] HHH000041: Configured SessionFactory: null
2014-12-16 17:10:47.853 INFO  [org.hibernate.engine.jdbc.connections.internal.ConnectionProviderInitiator] HHH000130: Instantiating explicit connection provider: org.hibernate.connection.C3P0ConnectionProvider
2014-12-16 17:10:47.853 INFO  [org.hibernate.c3p0.internal.C3P0ConnectionProvider] HHH010002: C3P0 using driver: com.mysql.jdbc.Driver at URL: jdbc:mysql://58.211.191.37:3306/bcperformance
2014-12-16 17:10:47.854 INFO  [org.hibernate.c3p0.internal.C3P0ConnectionProvider] HHH000046: Connection properties: {user=root, password=****, characterEncoding=utf-8}
2014-12-16 17:10:47.854 INFO  [org.hibernate.c3p0.internal.C3P0ConnectionProvider] HHH000006: Autocommit mode: false
2014-12-16 17:10:47.855 WARN  [org.hibernate.c3p0.internal.C3P0ConnectionProvider] HHH010001: Both hibernate-style property 'hibernate.c3p0.timeout' and c3p0-style property 'c3p0.maxIdleTime' have been set in Hibernate properties.  Hibernate-style property 'hibernate.c3p0.timeout' will be used and c3p0-style property 'c3p0.maxIdleTime' will be ignored!
2014-12-16 17:10:47.856 WARN  [org.hibernate.c3p0.internal.C3P0ConnectionProvider] HHH010001: Both hibernate-style property 'hibernate.c3p0.timeout' and c3p0-style property 'hibernate.c3p0.maxIdleTime' have been set in Hibernate properties.  Hibernate-style property 'hibernate.c3p0.timeout' will be used and c3p0-style property 'hibernate.c3p0.maxIdleTime' will be ignored!
2014-12-16 17:10:47.992 INFO  [com.mchange.v2.c3p0.impl.AbstractPoolBackedDataSource] Initializing c3p0 pool... com.mchange.v2.c3p0.PoolBackedDataSource@8aa2eec2 [ connectionPoolDataSource -> com.mchange.v2.c3p0.WrapperConnectionPoolDataSource@cd5d51a6 [ acquireIncrement -> 2, acquireRetryAttempts -> 30, acquireRetryDelay -> 1000, autoCommitOnClose -> false, automaticTestTable -> null, breakAfterAcquireFailure -> false, checkoutTimeout -> 0, connectionCustomizerClassName -> null, connectionTesterClassName -> com.mchange.v2.c3p0.impl.DefaultConnectionTester, debugUnreturnedConnectionStackTraces -> false, factoryClassLocation -> null, forceIgnoreUnresolvedTransactions -> false, identityToken -> 1hge0zk96muplak1od4c6e|25cfe3c9, idleConnectionTestPeriod -> 120, initialPoolSize -> 6, maxAdministrativeTaskTime -> 0, maxConnectionAge -> 0, maxIdleTime -> 120, maxIdleTimeExcessConnections -> 0, maxPoolSize -> 30, maxStatements -> 100, maxStatementsPerConnection -> 0, minPoolSize -> 6, nestedDataSource -> com.mchange.v2.c3p0.DriverManagerDataSource@3f6d700c [ description -> null, driverClass -> null, factoryClassLocation -> null, identityToken -> 1hge0zk96muplak1od4c6e|6eecea61, jdbcUrl -> jdbc:mysql://58.211.191.37:3306/bcperformance, properties -> {user=******, password=******, characterEncoding=utf-8} ], preferredTestQuery -> null, propertyCycle -> 0, statementCacheNumDeferredCloseThreads -> 0, testConnectionOnCheckin -> false, testConnectionOnCheckout -> false, unreturnedConnectionTimeout -> 0, usesTraditionalReflectiveProxies -> false; userOverrides: {} ], dataSourceName -> null, factoryClassLocation -> null, identityToken -> 1hge0zk96muplak1od4c6e|31503fac, numHelperThreads -> 3 ]
2014-12-16 17:10:48.094 INFO  [org.hibernate.dialect.Dialect] HHH000400: Using dialect: org.hibernate.dialect.MySQLInnoDBDialect
2014-12-16 17:10:48.097 INFO  [org.hibernate.engine.jdbc.internal.LobCreatorBuilder] HHH000424: Disabling contextual LOB creation as createClob() method threw error : java.lang.reflect.InvocationTargetException
2014-12-16 17:10:48.169 WARN  [org.hibernate.mapping.RootClass] HHH000038: Composite-id class does not override equals(): com.oncecloud.entity.performance.Cpu1m
2014-12-16 17:10:48.178 WARN  [org.hibernate.mapping.RootClass] HHH000039: Composite-id class does not override hashCode(): com.oncecloud.entity.performance.Cpu1m
2014-12-16 17:10:48.180 WARN  [org.hibernate.mapping.RootClass] HHH000038: Composite-id class does not override equals(): com.oncecloud.entity.performance.Vbd6h
2014-12-16 17:10:48.180 WARN  [org.hibernate.mapping.RootClass] HHH000039: Composite-id class does not override hashCode(): com.oncecloud.entity.performance.Vbd6h
2014-12-16 17:10:48.182 WARN  [org.hibernate.mapping.RootClass] HHH000038: Composite-id class does not override equals(): com.oncecloud.entity.performance.Memory30min
2014-12-16 17:10:48.183 WARN  [org.hibernate.mapping.RootClass] HHH000039: Composite-id class does not override hashCode(): com.oncecloud.entity.performance.Memory30min
2014-12-16 17:10:48.184 WARN  [org.hibernate.mapping.RootClass] HHH000038: Composite-id class does not override equals(): com.oncecloud.entity.performance.Vbd2w
2014-12-16 17:10:48.184 WARN  [org.hibernate.mapping.RootClass] HHH000039: Composite-id class does not override hashCode(): com.oncecloud.entity.performance.Vbd2w
2014-12-16 17:10:48.186 WARN  [org.hibernate.mapping.RootClass] HHH000038: Composite-id class does not override equals(): com.oncecloud.entity.performance.Pif1d
2014-12-16 17:10:48.187 WARN  [org.hibernate.mapping.RootClass] HHH000039: Composite-id class does not override hashCode(): com.oncecloud.entity.performance.Pif1d
2014-12-16 17:10:48.188 WARN  [org.hibernate.mapping.RootClass] HHH000038: Composite-id class does not override equals(): com.oncecloud.entity.performance.Memory2w
2014-12-16 17:10:48.188 WARN  [org.hibernate.mapping.RootClass] HHH000039: Composite-id class does not override hashCode(): com.oncecloud.entity.performance.Memory2w
2014-12-16 17:10:48.190 WARN  [org.hibernate.mapping.RootClass] HHH000038: Composite-id class does not override equals(): com.oncecloud.entity.performance.Memory1d
2014-12-16 17:10:48.190 WARN  [org.hibernate.mapping.RootClass] HHH000039: Composite-id class does not override hashCode(): com.oncecloud.entity.performance.Memory1d
2014-12-16 17:10:48.224 WARN  [org.hibernate.mapping.RootClass] HHH000038: Composite-id class does not override equals(): com.oncecloud.entity.performance.Vif1d
2014-12-16 17:10:48.224 WARN  [org.hibernate.mapping.RootClass] HHH000039: Composite-id class does not override hashCode(): com.oncecloud.entity.performance.Vif1d
2014-12-16 17:10:48.226 WARN  [org.hibernate.mapping.RootClass] HHH000038: Composite-id class does not override equals(): com.oncecloud.entity.performance.Cpu6h
2014-12-16 17:10:48.226 WARN  [org.hibernate.mapping.RootClass] HHH000039: Composite-id class does not override hashCode(): com.oncecloud.entity.performance.Cpu6h
2014-12-16 17:10:48.227 WARN  [org.hibernate.mapping.RootClass] HHH000038: Composite-id class does not override equals(): com.oncecloud.entity.performance.Memory1m
2014-12-16 17:10:48.228 WARN  [org.hibernate.mapping.RootClass] HHH000039: Composite-id class does not override hashCode(): com.oncecloud.entity.performance.Memory1m
2014-12-16 17:10:48.230 WARN  [org.hibernate.mapping.RootClass] HHH000038: Composite-id class does not override equals(): com.oncecloud.entity.performance.Vif1m
2014-12-16 17:10:48.231 WARN  [org.hibernate.mapping.RootClass] HHH000039: Composite-id class does not override hashCode(): com.oncecloud.entity.performance.Vif1m
2014-12-16 17:10:48.232 WARN  [org.hibernate.mapping.RootClass] HHH000038: Composite-id class does not override equals(): com.oncecloud.entity.performance.Vif30min
2014-12-16 17:10:48.233 WARN  [org.hibernate.mapping.RootClass] HHH000039: Composite-id class does not override hashCode(): com.oncecloud.entity.performance.Vif30min
2014-12-16 17:10:48.234 WARN  [org.hibernate.mapping.RootClass] HHH000038: Composite-id class does not override equals(): com.oncecloud.entity.performance.Pif30min
2014-12-16 17:10:48.234 WARN  [org.hibernate.mapping.RootClass] HHH000039: Composite-id class does not override hashCode(): com.oncecloud.entity.performance.Pif30min
2014-12-16 17:10:48.235 WARN  [org.hibernate.mapping.RootClass] HHH000038: Composite-id class does not override equals(): com.oncecloud.entity.performance.Pif6h
2014-12-16 17:10:48.236 WARN  [org.hibernate.mapping.RootClass] HHH000039: Composite-id class does not override hashCode(): com.oncecloud.entity.performance.Pif6h
2014-12-16 17:10:48.237 WARN  [org.hibernate.mapping.RootClass] HHH000038: Composite-id class does not override equals(): com.oncecloud.entity.performance.Vif6h
2014-12-16 17:10:48.237 WARN  [org.hibernate.mapping.RootClass] HHH000039: Composite-id class does not override hashCode(): com.oncecloud.entity.performance.Vif6h
2014-12-16 17:10:48.239 WARN  [org.hibernate.mapping.RootClass] HHH000038: Composite-id class does not override equals(): com.oncecloud.entity.performance.Vbd1m
2014-12-16 17:10:48.239 WARN  [org.hibernate.mapping.RootClass] HHH000039: Composite-id class does not override hashCode(): com.oncecloud.entity.performance.Vbd1m
2014-12-16 17:10:48.240 WARN  [org.hibernate.mapping.RootClass] HHH000038: Composite-id class does not override equals(): com.oncecloud.entity.performance.Cpu2w
2014-12-16 17:10:48.241 WARN  [org.hibernate.mapping.RootClass] HHH000039: Composite-id class does not override hashCode(): com.oncecloud.entity.performance.Cpu2w
2014-12-16 17:10:48.243 WARN  [org.hibernate.mapping.RootClass] HHH000038: Composite-id class does not override equals(): com.oncecloud.entity.performance.Vbd30min
2014-12-16 17:10:48.243 WARN  [org.hibernate.mapping.RootClass] HHH000039: Composite-id class does not override hashCode(): com.oncecloud.entity.performance.Vbd30min
2014-12-16 17:10:48.244 WARN  [org.hibernate.mapping.RootClass] HHH000038: Composite-id class does not override equals(): com.oncecloud.entity.performance.Pif1m
2014-12-16 17:10:48.245 WARN  [org.hibernate.mapping.RootClass] HHH000039: Composite-id class does not override hashCode(): com.oncecloud.entity.performance.Pif1m
2014-12-16 17:10:48.246 WARN  [org.hibernate.mapping.RootClass] HHH000038: Composite-id class does not override equals(): com.oncecloud.entity.performance.Pif2w
2014-12-16 17:10:48.247 WARN  [org.hibernate.mapping.RootClass] HHH000039: Composite-id class does not override hashCode(): com.oncecloud.entity.performance.Pif2w
2014-12-16 17:10:48.248 WARN  [org.hibernate.mapping.RootClass] HHH000038: Composite-id class does not override equals(): com.oncecloud.entity.performance.Memory6h
2014-12-16 17:10:48.248 WARN  [org.hibernate.mapping.RootClass] HHH000039: Composite-id class does not override hashCode(): com.oncecloud.entity.performance.Memory6h
2014-12-16 17:10:48.249 WARN  [org.hibernate.mapping.RootClass] HHH000038: Composite-id class does not override equals(): com.oncecloud.entity.performance.Vbd1d
2014-12-16 17:10:48.250 WARN  [org.hibernate.mapping.RootClass] HHH000039: Composite-id class does not override hashCode(): com.oncecloud.entity.performance.Vbd1d
2014-12-16 17:10:48.251 WARN  [org.hibernate.mapping.RootClass] HHH000038: Composite-id class does not override equals(): com.oncecloud.entity.performance.Cpu30min
2014-12-16 17:10:48.252 WARN  [org.hibernate.mapping.RootClass] HHH000039: Composite-id class does not override hashCode(): com.oncecloud.entity.performance.Cpu30min
2014-12-16 17:10:48.253 WARN  [org.hibernate.mapping.RootClass] HHH000038: Composite-id class does not override equals(): com.oncecloud.entity.performance.Cpu1d
2014-12-16 17:10:48.254 WARN  [org.hibernate.mapping.RootClass] HHH000039: Composite-id class does not override hashCode(): com.oncecloud.entity.performance.Cpu1d
2014-12-16 17:10:48.255 WARN  [org.hibernate.mapping.RootClass] HHH000038: Composite-id class does not override equals(): com.oncecloud.entity.performance.Vif2w
2014-12-16 17:10:48.256 WARN  [org.hibernate.mapping.RootClass] HHH000039: Composite-id class does not override hashCode(): com.oncecloud.entity.performance.Vif2w
2014-12-16 17:10:48.266 INFO  [org.hibernate.engine.transaction.internal.TransactionFactoryInitiator] HHH000399: Using default transaction strategy (direct JDBC transactions)
2014-12-16 17:10:48.267 INFO  [org.hibernate.hql.internal.ast.ASTQueryTranslatorFactory] HHH000397: Using ASTQueryTranslatorFactory
