2014-11-26 10:13:11.856 INFO  [org.springframework.web.servlet.DispatcherServlet] FrameworkServlet 'dispatcherServlet': initialization started
2014-11-26 10:13:11.870 INFO  [org.springframework.web.context.support.XmlWebApplicationContext] Refreshing WebApplicationContext for namespace 'dispatcherServlet-servlet': startup date [Wed Nov 26 10:13:11 CST 2014]; root of context hierarchy
2014-11-26 10:13:11.891 INFO  [org.springframework.beans.factory.xml.XmlBeanDefinitionReader] Loading XML bean definitions from URL [file:/E:/workspace%20for%20git/OnceCloud/oncecloud3-web/target/classes/com/oncecloud/config/application-context.xml]
2014-11-26 10:13:12.287 INFO  [org.springframework.beans.factory.support.DefaultListableBeanFactory] Overriding bean definition for bean 'mvcContentNegotiationManager': replacing [Root bean: class [org.springframework.web.accept.ContentNegotiationManagerFactoryBean]; scope=; abstract=false; lazyInit=false; autowireMode=0; dependencyCheck=0; autowireCandidate=true; primary=false; factoryBeanName=null; factoryMethodName=null; initMethodName=null; destroyMethodName=null] with [Root bean: class [null]; scope=; abstract=false; lazyInit=false; autowireMode=3; dependencyCheck=0; autowireCandidate=true; primary=false; factoryBeanName=org.springframework.web.servlet.config.annotation.DelegatingWebMvcConfiguration; factoryMethodName=mvcContentNegotiationManager; initMethodName=null; destroyMethodName=(inferred); defined in class path resource [org/springframework/web/servlet/config/annotation/DelegatingWebMvcConfiguration.class]]
2014-11-26 10:13:12.289 INFO  [org.springframework.context.annotation.ConfigurationClassBeanDefinitionReader] Skipping bean definition for [BeanMethod:name=mvcUriComponentsContributor,declaringClass=org.springframework.web.servlet.config.annotation.WebMvcConfigurationSupport]: a definition for bean 'mvcUriComponentsContributor' already exists. This top-level bean definition is considered as an override.
2014-11-26 10:13:12.375 INFO  [org.springframework.beans.factory.annotation.AutowiredAnnotationBeanPostProcessor] JSR-330 'javax.inject.Inject' annotation found and supported for autowiring
2014-11-26 10:13:12.528 INFO  [org.hibernate.annotations.common.Version] HCANN000001: Hibernate Commons Annotations {4.0.5.Final}
2014-11-26 10:13:12.533 INFO  [org.hibernate.Version] HHH000412: Hibernate Core {4.3.6.Final}
2014-11-26 10:13:12.536 INFO  [org.hibernate.cfg.Environment] HHH000206: hibernate.properties not found
2014-11-26 10:13:12.537 INFO  [org.hibernate.cfg.Environment] HHH000021: Bytecode provider name : javassist
2014-11-26 10:13:12.551 INFO  [org.hibernate.cfg.Configuration] HHH000043: Configuring from resource: com/oncecloud/config/hibernate-main.cfg.xml
2014-11-26 10:13:12.552 INFO  [org.hibernate.cfg.Configuration] HHH000040: Configuration resource: com/oncecloud/config/hibernate-main.cfg.xml
2014-11-26 10:13:12.591 INFO  [org.hibernate.cfg.Configuration] HHH000041: Configured SessionFactory: null
2014-11-26 10:13:12.645 INFO  [org.hibernate.engine.jdbc.connections.internal.ConnectionProviderInitiator] HHH000130: Instantiating explicit connection provider: org.hibernate.connection.C3P0ConnectionProvider
2014-11-26 10:13:12.654 INFO  [org.hibernate.c3p0.internal.C3P0ConnectionProvider] HHH010002: C3P0 using driver: com.mysql.jdbc.Driver at URL: jdbc:mysql://133.133.135.9:3306/beyondcloud
2014-11-26 10:13:12.655 INFO  [org.hibernate.c3p0.internal.C3P0ConnectionProvider] HHH000046: Connection properties: {user=root, password=****, characterEncoding=utf-8}
2014-11-26 10:13:12.656 INFO  [org.hibernate.c3p0.internal.C3P0ConnectionProvider] HHH000006: Autocommit mode: false
2014-11-26 10:13:12.661 WARN  [org.hibernate.c3p0.internal.C3P0ConnectionProvider] HHH010001: Both hibernate-style property 'hibernate.c3p0.timeout' and c3p0-style property 'c3p0.maxIdleTime' have been set in Hibernate properties.  Hibernate-style property 'hibernate.c3p0.timeout' will be used and c3p0-style property 'c3p0.maxIdleTime' will be ignored!
2014-11-26 10:13:12.661 WARN  [org.hibernate.c3p0.internal.C3P0ConnectionProvider] HHH010001: Both hibernate-style property 'hibernate.c3p0.timeout' and c3p0-style property 'hibernate.c3p0.maxIdleTime' have been set in Hibernate properties.  Hibernate-style property 'hibernate.c3p0.timeout' will be used and c3p0-style property 'hibernate.c3p0.maxIdleTime' will be ignored!
2014-11-26 10:13:12.669 INFO  [com.mchange.v2.log.MLog] MLog clients using log4j logging.
2014-11-26 10:13:12.744 INFO  [com.mchange.v2.c3p0.C3P0Registry] Initializing c3p0-0.9.2.1 [built 20-March-2013 10:47:27 +0000; debug? true; trace: 10]
2014-11-26 10:13:12.809 INFO  [com.mchange.v2.c3p0.impl.AbstractPoolBackedDataSource] Initializing c3p0 pool... com.mchange.v2.c3p0.PoolBackedDataSource@28fc1786 [ connectionPoolDataSource -> com.mchange.v2.c3p0.WrapperConnectionPoolDataSource@75b29bc2 [ acquireIncrement -> 2, acquireRetryAttempts -> 30, acquireRetryDelay -> 1000, autoCommitOnClose -> false, automaticTestTable -> null, breakAfterAcquireFailure -> false, checkoutTimeout -> 0, connectionCustomizerClassName -> null, connectionTesterClassName -> com.mchange.v2.c3p0.impl.DefaultConnectionTester, debugUnreturnedConnectionStackTraces -> false, factoryClassLocation -> null, forceIgnoreUnresolvedTransactions -> false, identityToken -> 111pjsv951sw3mnt5wavjw|19464a92, idleConnectionTestPeriod -> 120, initialPoolSize -> 6, maxAdministrativeTaskTime -> 0, maxConnectionAge -> 0, maxIdleTime -> 120, maxIdleTimeExcessConnections -> 0, maxPoolSize -> 30, maxStatements -> 100, maxStatementsPerConnection -> 0, minPoolSize -> 6, nestedDataSource -> com.mchange.v2.c3p0.DriverManagerDataSource@67c1518f [ description -> null, driverClass -> null, factoryClassLocation -> null, identityToken -> 111pjsv951sw3mnt5wavjw|69812856, jdbcUrl -> jdbc:mysql://133.133.135.9:3306/beyondcloud, properties -> {user=******, password=******, characterEncoding=utf-8} ], preferredTestQuery -> null, propertyCycle -> 0, statementCacheNumDeferredCloseThreads -> 0, testConnectionOnCheckin -> false, testConnectionOnCheckout -> false, unreturnedConnectionTimeout -> 0, usesTraditionalReflectiveProxies -> false; userOverrides: {} ], dataSourceName -> null, factoryClassLocation -> null, identityToken -> 111pjsv951sw3mnt5wavjw|1f49a696, numHelperThreads -> 3 ]
2014-11-26 10:13:12.992 INFO  [org.hibernate.dialect.Dialect] HHH000400: Using dialect: org.hibernate.dialect.MySQLInnoDBDialect
2014-11-26 10:13:12.999 INFO  [org.hibernate.engine.jdbc.internal.LobCreatorBuilder] HHH000424: Disabling contextual LOB creation as createClob() method threw error : java.lang.reflect.InvocationTargetException
2014-11-26 10:13:13.179 INFO  [org.hibernate.engine.transaction.internal.TransactionFactoryInitiator] HHH000399: Using default transaction strategy (direct JDBC transactions)
2014-11-26 10:13:13.183 INFO  [org.hibernate.hql.internal.ast.ASTQueryTranslatorFactory] HHH000397: Using ASTQueryTranslatorFactory
2014-11-26 10:13:13.600 INFO  [org.hibernate.cfg.Configuration] HHH000043: Configuring from resource: com/oncecloud/config/hibernate-performance.cfg.xml
2014-11-26 10:13:13.601 INFO  [org.hibernate.cfg.Configuration] HHH000040: Configuration resource: com/oncecloud/config/hibernate-performance.cfg.xml
2014-11-26 10:13:13.606 INFO  [org.hibernate.cfg.Configuration] HHH000221: Reading mappings from resource: com/oncecloud/config/performance/cpu.hbm.xml
2014-11-26 10:13:13.611 WARN  [org.hibernate.internal.util.xml.DTDEntityResolver] HHH000223: Recognized obsolete hibernate namespace http://hibernate.sourceforge.net/. Use namespace http://www.hibernate.org/dtd/ instead. Refer to Hibernate 3.6 Migration Guide!
2014-11-26 10:13:13.628 INFO  [org.hibernate.cfg.Configuration] HHH000221: Reading mappings from resource: com/oncecloud/config/performance/mem.hbm.xml
2014-11-26 10:13:13.631 WARN  [org.hibernate.internal.util.xml.DTDEntityResolver] HHH000223: Recognized obsolete hibernate namespace http://hibernate.sourceforge.net/. Use namespace http://www.hibernate.org/dtd/ instead. Refer to Hibernate 3.6 Migration Guide!
2014-11-26 10:13:13.643 INFO  [org.hibernate.cfg.Configuration] HHH000221: Reading mappings from resource: com/oncecloud/config/performance/pif.hbm.xml
2014-11-26 10:13:13.646 WARN  [org.hibernate.internal.util.xml.DTDEntityResolver] HHH000223: Recognized obsolete hibernate namespace http://hibernate.sourceforge.net/. Use namespace http://www.hibernate.org/dtd/ instead. Refer to Hibernate 3.6 Migration Guide!
2014-11-26 10:13:13.657 INFO  [org.hibernate.cfg.Configuration] HHH000221: Reading mappings from resource: com/oncecloud/config/performance/vbd.hbm.xml
2014-11-26 10:13:13.660 WARN  [org.hibernate.internal.util.xml.DTDEntityResolver] HHH000223: Recognized obsolete hibernate namespace http://hibernate.sourceforge.net/. Use namespace http://www.hibernate.org/dtd/ instead. Refer to Hibernate 3.6 Migration Guide!
2014-11-26 10:13:13.672 INFO  [org.hibernate.cfg.Configuration] HHH000221: Reading mappings from resource: com/oncecloud/config/performance/vif.hbm.xml
2014-11-26 10:13:13.675 WARN  [org.hibernate.internal.util.xml.DTDEntityResolver] HHH000223: Recognized obsolete hibernate namespace http://hibernate.sourceforge.net/. Use namespace http://www.hibernate.org/dtd/ instead. Refer to Hibernate 3.6 Migration Guide!
2014-11-26 10:13:13.685 INFO  [org.hibernate.cfg.Configuration] HHH000221: Reading mappings from resource: com/oncecloud/config/performance/cpu6h.hbm.xml
2014-11-26 10:13:13.687 WARN  [org.hibernate.internal.util.xml.DTDEntityResolver] HHH000223: Recognized obsolete hibernate namespace http://hibernate.sourceforge.net/. Use namespace http://www.hibernate.org/dtd/ instead. Refer to Hibernate 3.6 Migration Guide!
2014-11-26 10:13:13.698 INFO  [org.hibernate.cfg.Configuration] HHH000221: Reading mappings from resource: com/oncecloud/config/performance/cpu1d.hbm.xml
2014-11-26 10:13:13.701 WARN  [org.hibernate.internal.util.xml.DTDEntityResolver] HHH000223: Recognized obsolete hibernate namespace http://hibernate.sourceforge.net/. Use namespace http://www.hibernate.org/dtd/ instead. Refer to Hibernate 3.6 Migration Guide!
2014-11-26 10:13:13.711 INFO  [org.hibernate.cfg.Configuration] HHH000221: Reading mappings from resource: com/oncecloud/config/performance/cpu2w.hbm.xml
2014-11-26 10:13:13.714 WARN  [org.hibernate.internal.util.xml.DTDEntityResolver] HHH000223: Recognized obsolete hibernate namespace http://hibernate.sourceforge.net/. Use namespace http://www.hibernate.org/dtd/ instead. Refer to Hibernate 3.6 Migration Guide!
2014-11-26 10:13:13.725 INFO  [org.hibernate.cfg.Configuration] HHH000221: Reading mappings from resource: com/oncecloud/config/performance/cpu1m.hbm.xml
2014-11-26 10:13:13.727 WARN  [org.hibernate.internal.util.xml.DTDEntityResolver] HHH000223: Recognized obsolete hibernate namespace http://hibernate.sourceforge.net/. Use namespace http://www.hibernate.org/dtd/ instead. Refer to Hibernate 3.6 Migration Guide!
2014-11-26 10:13:13.738 INFO  [org.hibernate.cfg.Configuration] HHH000221: Reading mappings from resource: com/oncecloud/config/performance/mem6h.hbm.xml
2014-11-26 10:13:13.741 WARN  [org.hibernate.internal.util.xml.DTDEntityResolver] HHH000223: Recognized obsolete hibernate namespace http://hibernate.sourceforge.net/. Use namespace http://www.hibernate.org/dtd/ instead. Refer to Hibernate 3.6 Migration Guide!
2014-11-26 10:13:13.755 INFO  [org.hibernate.cfg.Configuration] HHH000221: Reading mappings from resource: com/oncecloud/config/performance/mem1d.hbm.xml
2014-11-26 10:13:13.758 WARN  [org.hibernate.internal.util.xml.DTDEntityResolver] HHH000223: Recognized obsolete hibernate namespace http://hibernate.sourceforge.net/. Use namespace http://www.hibernate.org/dtd/ instead. Refer to Hibernate 3.6 Migration Guide!
2014-11-26 10:13:13.770 INFO  [org.hibernate.cfg.Configuration] HHH000221: Reading mappings from resource: com/oncecloud/config/performance/mem2w.hbm.xml
2014-11-26 10:13:13.773 WARN  [org.hibernate.internal.util.xml.DTDEntityResolver] HHH000223: Recognized obsolete hibernate namespace http://hibernate.sourceforge.net/. Use namespace http://www.hibernate.org/dtd/ instead. Refer to Hibernate 3.6 Migration Guide!
2014-11-26 10:13:13.785 INFO  [org.hibernate.cfg.Configuration] HHH000221: Reading mappings from resource: com/oncecloud/config/performance/mem1m.hbm.xml
2014-11-26 10:13:13.788 WARN  [org.hibernate.internal.util.xml.DTDEntityResolver] HHH000223: Recognized obsolete hibernate namespace http://hibernate.sourceforge.net/. Use namespace http://www.hibernate.org/dtd/ instead. Refer to Hibernate 3.6 Migration Guide!
2014-11-26 10:13:13.799 INFO  [org.hibernate.cfg.Configuration] HHH000221: Reading mappings from resource: com/oncecloud/config/performance/vbd6h.hbm.xml
2014-11-26 10:13:13.802 WARN  [org.hibernate.internal.util.xml.DTDEntityResolver] HHH000223: Recognized obsolete hibernate namespace http://hibernate.sourceforge.net/. Use namespace http://www.hibernate.org/dtd/ instead. Refer to Hibernate 3.6 Migration Guide!
2014-11-26 10:13:13.814 INFO  [org.hibernate.cfg.Configuration] HHH000221: Reading mappings from resource: com/oncecloud/config/performance/vbd1d.hbm.xml
2014-11-26 10:13:13.816 WARN  [org.hibernate.internal.util.xml.DTDEntityResolver] HHH000223: Recognized obsolete hibernate namespace http://hibernate.sourceforge.net/. Use namespace http://www.hibernate.org/dtd/ instead. Refer to Hibernate 3.6 Migration Guide!
2014-11-26 10:13:13.827 INFO  [org.hibernate.cfg.Configuration] HHH000221: Reading mappings from resource: com/oncecloud/config/performance/vbd2w.hbm.xml
2014-11-26 10:13:13.830 WARN  [org.hibernate.internal.util.xml.DTDEntityResolver] HHH000223: Recognized obsolete hibernate namespace http://hibernate.sourceforge.net/. Use namespace http://www.hibernate.org/dtd/ instead. Refer to Hibernate 3.6 Migration Guide!
2014-11-26 10:13:13.840 INFO  [org.hibernate.cfg.Configuration] HHH000221: Reading mappings from resource: com/oncecloud/config/performance/vbd1m.hbm.xml
2014-11-26 10:13:13.843 WARN  [org.hibernate.internal.util.xml.DTDEntityResolver] HHH000223: Recognized obsolete hibernate namespace http://hibernate.sourceforge.net/. Use namespace http://www.hibernate.org/dtd/ instead. Refer to Hibernate 3.6 Migration Guide!
2014-11-26 10:13:13.854 INFO  [org.hibernate.cfg.Configuration] HHH000221: Reading mappings from resource: com/oncecloud/config/performance/vif6h.hbm.xml
2014-11-26 10:13:13.857 WARN  [org.hibernate.internal.util.xml.DTDEntityResolver] HHH000223: Recognized obsolete hibernate namespace http://hibernate.sourceforge.net/. Use namespace http://www.hibernate.org/dtd/ instead. Refer to Hibernate 3.6 Migration Guide!
2014-11-26 10:13:13.868 INFO  [org.hibernate.cfg.Configuration] HHH000221: Reading mappings from resource: com/oncecloud/config/performance/vif1d.hbm.xml
2014-11-26 10:13:13.870 WARN  [org.hibernate.internal.util.xml.DTDEntityResolver] HHH000223: Recognized obsolete hibernate namespace http://hibernate.sourceforge.net/. Use namespace http://www.hibernate.org/dtd/ instead. Refer to Hibernate 3.6 Migration Guide!
2014-11-26 10:13:13.878 INFO  [org.hibernate.cfg.Configuration] HHH000221: Reading mappings from resource: com/oncecloud/config/performance/vif2w.hbm.xml
2014-11-26 10:13:13.881 WARN  [org.hibernate.internal.util.xml.DTDEntityResolver] HHH000223: Recognized obsolete hibernate namespace http://hibernate.sourceforge.net/. Use namespace http://www.hibernate.org/dtd/ instead. Refer to Hibernate 3.6 Migration Guide!
2014-11-26 10:13:13.889 INFO  [org.hibernate.cfg.Configuration] HHH000221: Reading mappings from resource: com/oncecloud/config/performance/vif1m.hbm.xml
2014-11-26 10:13:13.891 WARN  [org.hibernate.internal.util.xml.DTDEntityResolver] HHH000223: Recognized obsolete hibernate namespace http://hibernate.sourceforge.net/. Use namespace http://www.hibernate.org/dtd/ instead. Refer to Hibernate 3.6 Migration Guide!
2014-11-26 10:13:13.899 INFO  [org.hibernate.cfg.Configuration] HHH000221: Reading mappings from resource: com/oncecloud/config/performance/pif6h.hbm.xml
2014-11-26 10:13:13.902 WARN  [org.hibernate.internal.util.xml.DTDEntityResolver] HHH000223: Recognized obsolete hibernate namespace http://hibernate.sourceforge.net/. Use namespace http://www.hibernate.org/dtd/ instead. Refer to Hibernate 3.6 Migration Guide!
2014-11-26 10:13:13.911 INFO  [org.hibernate.cfg.Configuration] HHH000221: Reading mappings from resource: com/oncecloud/config/performance/pif1d.hbm.xml
2014-11-26 10:13:13.913 WARN  [org.hibernate.internal.util.xml.DTDEntityResolver] HHH000223: Recognized obsolete hibernate namespace http://hibernate.sourceforge.net/. Use namespace http://www.hibernate.org/dtd/ instead. Refer to Hibernate 3.6 Migration Guide!
2014-11-26 10:13:13.923 INFO  [org.hibernate.cfg.Configuration] HHH000221: Reading mappings from resource: com/oncecloud/config/performance/pif2w.hbm.xml
2014-11-26 10:13:13.926 WARN  [org.hibernate.internal.util.xml.DTDEntityResolver] HHH000223: Recognized obsolete hibernate namespace http://hibernate.sourceforge.net/. Use namespace http://www.hibernate.org/dtd/ instead. Refer to Hibernate 3.6 Migration Guide!
2014-11-26 10:13:13.935 INFO  [org.hibernate.cfg.Configuration] HHH000221: Reading mappings from resource: com/oncecloud/config/performance/pif1m.hbm.xml
2014-11-26 10:13:13.938 WARN  [org.hibernate.internal.util.xml.DTDEntityResolver] HHH000223: Recognized obsolete hibernate namespace http://hibernate.sourceforge.net/. Use namespace http://www.hibernate.org/dtd/ instead. Refer to Hibernate 3.6 Migration Guide!
2014-11-26 10:13:13.948 INFO  [org.hibernate.cfg.Configuration] HHH000041: Configured SessionFactory: null
2014-11-26 10:13:13.954 INFO  [org.hibernate.engine.jdbc.connections.internal.ConnectionProviderInitiator] HHH000130: Instantiating explicit connection provider: org.hibernate.connection.C3P0ConnectionProvider
2014-11-26 10:13:13.955 INFO  [org.hibernate.c3p0.internal.C3P0ConnectionProvider] HHH010002: C3P0 using driver: com.mysql.jdbc.Driver at URL: jdbc:mysql://133.133.135.9:3306/bcperformance
2014-11-26 10:13:13.955 INFO  [org.hibernate.c3p0.internal.C3P0ConnectionProvider] HHH000046: Connection properties: {user=root, password=****, characterEncoding=utf-8}
2014-11-26 10:13:13.955 INFO  [org.hibernate.c3p0.internal.C3P0ConnectionProvider] HHH000006: Autocommit mode: false
2014-11-26 10:13:13.956 WARN  [org.hibernate.c3p0.internal.C3P0ConnectionProvider] HHH010001: Both hibernate-style property 'hibernate.c3p0.timeout' and c3p0-style property 'c3p0.maxIdleTime' have been set in Hibernate properties.  Hibernate-style property 'hibernate.c3p0.timeout' will be used and c3p0-style property 'c3p0.maxIdleTime' will be ignored!
2014-11-26 10:13:13.956 WARN  [org.hibernate.c3p0.internal.C3P0ConnectionProvider] HHH010001: Both hibernate-style property 'hibernate.c3p0.timeout' and c3p0-style property 'hibernate.c3p0.maxIdleTime' have been set in Hibernate properties.  Hibernate-style property 'hibernate.c3p0.timeout' will be used and c3p0-style property 'hibernate.c3p0.maxIdleTime' will be ignored!
2014-11-26 10:13:14.000 INFO  [com.mchange.v2.c3p0.impl.AbstractPoolBackedDataSource] Initializing c3p0 pool... com.mchange.v2.c3p0.PoolBackedDataSource@557846aa [ connectionPoolDataSource -> com.mchange.v2.c3p0.WrapperConnectionPoolDataSource@9ec2675e [ acquireIncrement -> 2, acquireRetryAttempts -> 30, acquireRetryDelay -> 1000, autoCommitOnClose -> false, automaticTestTable -> null, breakAfterAcquireFailure -> false, checkoutTimeout -> 0, connectionCustomizerClassName -> null, connectionTesterClassName -> com.mchange.v2.c3p0.impl.DefaultConnectionTester, debugUnreturnedConnectionStackTraces -> false, factoryClassLocation -> null, forceIgnoreUnresolvedTransactions -> false, identityToken -> 111pjsv951sw3mnt5wavjw|7ec4473e, idleConnectionTestPeriod -> 120, initialPoolSize -> 6, maxAdministrativeTaskTime -> 0, maxConnectionAge -> 0, maxIdleTime -> 120, maxIdleTimeExcessConnections -> 0, maxPoolSize -> 30, maxStatements -> 100, maxStatementsPerConnection -> 0, minPoolSize -> 6, nestedDataSource -> com.mchange.v2.c3p0.DriverManagerDataSource@e31d75f9 [ description -> null, driverClass -> null, factoryClassLocation -> null, identityToken -> 111pjsv951sw3mnt5wavjw|1ab878a3, jdbcUrl -> jdbc:mysql://133.133.135.9:3306/bcperformance, properties -> {user=******, password=******, characterEncoding=utf-8} ], preferredTestQuery -> null, propertyCycle -> 0, statementCacheNumDeferredCloseThreads -> 0, testConnectionOnCheckin -> false, testConnectionOnCheckout -> false, unreturnedConnectionTimeout -> 0, usesTraditionalReflectiveProxies -> false; userOverrides: {} ], dataSourceName -> null, factoryClassLocation -> null, identityToken -> 111pjsv951sw3mnt5wavjw|4d6bd0cc, numHelperThreads -> 3 ]
2014-11-26 10:13:14.023 INFO  [org.hibernate.dialect.Dialect] HHH000400: Using dialect: org.hibernate.dialect.MySQLInnoDBDialect
2014-11-26 10:13:14.024 INFO  [org.hibernate.engine.jdbc.internal.LobCreatorBuilder] HHH000424: Disabling contextual LOB creation as createClob() method threw error : java.lang.reflect.InvocationTargetException
2014-11-26 10:13:14.049 WARN  [org.hibernate.mapping.RootClass] HHH000038: Composite-id class does not override equals(): com.oncecloud.entity.performance.Cpu1m
2014-11-26 10:13:14.049 WARN  [org.hibernate.mapping.RootClass] HHH000039: Composite-id class does not override hashCode(): com.oncecloud.entity.performance.Cpu1m
2014-11-26 10:13:14.050 WARN  [org.hibernate.mapping.RootClass] HHH000038: Composite-id class does not override equals(): com.oncecloud.entity.performance.Vbd6h
2014-11-26 10:13:14.050 WARN  [org.hibernate.mapping.RootClass] HHH000039: Composite-id class does not override hashCode(): com.oncecloud.entity.performance.Vbd6h
2014-11-26 10:13:14.051 WARN  [org.hibernate.mapping.RootClass] HHH000038: Composite-id class does not override equals(): com.oncecloud.entity.performance.Memory30min
2014-11-26 10:13:14.052 WARN  [org.hibernate.mapping.RootClass] HHH000039: Composite-id class does not override hashCode(): com.oncecloud.entity.performance.Memory30min
2014-11-26 10:13:14.052 WARN  [org.hibernate.mapping.RootClass] HHH000038: Composite-id class does not override equals(): com.oncecloud.entity.performance.Vbd2w
2014-11-26 10:13:14.053 WARN  [org.hibernate.mapping.RootClass] HHH000039: Composite-id class does not override hashCode(): com.oncecloud.entity.performance.Vbd2w
2014-11-26 10:13:14.054 WARN  [org.hibernate.mapping.RootClass] HHH000038: Composite-id class does not override equals(): com.oncecloud.entity.performance.Pif1d
2014-11-26 10:13:14.054 WARN  [org.hibernate.mapping.RootClass] HHH000039: Composite-id class does not override hashCode(): com.oncecloud.entity.performance.Pif1d
2014-11-26 10:13:14.055 WARN  [org.hibernate.mapping.RootClass] HHH000038: Composite-id class does not override equals(): com.oncecloud.entity.performance.Memory2w
2014-11-26 10:13:14.055 WARN  [org.hibernate.mapping.RootClass] HHH000039: Composite-id class does not override hashCode(): com.oncecloud.entity.performance.Memory2w
2014-11-26 10:13:14.056 WARN  [org.hibernate.mapping.RootClass] HHH000038: Composite-id class does not override equals(): com.oncecloud.entity.performance.Memory1d
2014-11-26 10:13:14.056 WARN  [org.hibernate.mapping.RootClass] HHH000039: Composite-id class does not override hashCode(): com.oncecloud.entity.performance.Memory1d
2014-11-26 10:13:14.057 WARN  [org.hibernate.mapping.RootClass] HHH000038: Composite-id class does not override equals(): com.oncecloud.entity.performance.Vif1d
2014-11-26 10:13:14.058 WARN  [org.hibernate.mapping.RootClass] HHH000039: Composite-id class does not override hashCode(): com.oncecloud.entity.performance.Vif1d
2014-11-26 10:13:14.058 WARN  [org.hibernate.mapping.RootClass] HHH000038: Composite-id class does not override equals(): com.oncecloud.entity.performance.Cpu6h
2014-11-26 10:13:14.059 WARN  [org.hibernate.mapping.RootClass] HHH000039: Composite-id class does not override hashCode(): com.oncecloud.entity.performance.Cpu6h
2014-11-26 10:13:14.059 WARN  [org.hibernate.mapping.RootClass] HHH000038: Composite-id class does not override equals(): com.oncecloud.entity.performance.Memory1m
2014-11-26 10:13:14.060 WARN  [org.hibernate.mapping.RootClass] HHH000039: Composite-id class does not override hashCode(): com.oncecloud.entity.performance.Memory1m
2014-11-26 10:13:14.060 WARN  [org.hibernate.mapping.RootClass] HHH000038: Composite-id class does not override equals(): com.oncecloud.entity.performance.Vif1m
2014-11-26 10:13:14.061 WARN  [org.hibernate.mapping.RootClass] HHH000039: Composite-id class does not override hashCode(): com.oncecloud.entity.performance.Vif1m
2014-11-26 10:13:14.061 WARN  [org.hibernate.mapping.RootClass] HHH000038: Composite-id class does not override equals(): com.oncecloud.entity.performance.Vif30min
2014-11-26 10:13:14.062 WARN  [org.hibernate.mapping.RootClass] HHH000039: Composite-id class does not override hashCode(): com.oncecloud.entity.performance.Vif30min
2014-11-26 10:13:14.062 WARN  [org.hibernate.mapping.RootClass] HHH000038: Composite-id class does not override equals(): com.oncecloud.entity.performance.Pif30min
2014-11-26 10:13:14.063 WARN  [org.hibernate.mapping.RootClass] HHH000039: Composite-id class does not override hashCode(): com.oncecloud.entity.performance.Pif30min
2014-11-26 10:13:14.064 WARN  [org.hibernate.mapping.RootClass] HHH000038: Composite-id class does not override equals(): com.oncecloud.entity.performance.Pif6h
2014-11-26 10:13:14.064 WARN  [org.hibernate.mapping.RootClass] HHH000039: Composite-id class does not override hashCode(): com.oncecloud.entity.performance.Pif6h
2014-11-26 10:13:14.065 WARN  [org.hibernate.mapping.RootClass] HHH000038: Composite-id class does not override equals(): com.oncecloud.entity.performance.Vif6h
2014-11-26 10:13:14.066 WARN  [org.hibernate.mapping.RootClass] HHH000039: Composite-id class does not override hashCode(): com.oncecloud.entity.performance.Vif6h
2014-11-26 10:13:14.067 WARN  [org.hibernate.mapping.RootClass] HHH000038: Composite-id class does not override equals(): com.oncecloud.entity.performance.Vbd1m
2014-11-26 10:13:14.067 WARN  [org.hibernate.mapping.RootClass] HHH000039: Composite-id class does not override hashCode(): com.oncecloud.entity.performance.Vbd1m
2014-11-26 10:13:14.068 WARN  [org.hibernate.mapping.RootClass] HHH000038: Composite-id class does not override equals(): com.oncecloud.entity.performance.Cpu2w
2014-11-26 10:13:14.068 WARN  [org.hibernate.mapping.RootClass] HHH000039: Composite-id class does not override hashCode(): com.oncecloud.entity.performance.Cpu2w
2014-11-26 10:13:14.069 WARN  [org.hibernate.mapping.RootClass] HHH000038: Composite-id class does not override equals(): com.oncecloud.entity.performance.Vbd30min
2014-11-26 10:13:14.069 WARN  [org.hibernate.mapping.RootClass] HHH000039: Composite-id class does not override hashCode(): com.oncecloud.entity.performance.Vbd30min
2014-11-26 10:13:14.070 WARN  [org.hibernate.mapping.RootClass] HHH000038: Composite-id class does not override equals(): com.oncecloud.entity.performance.Pif1m
2014-11-26 10:13:14.070 WARN  [org.hibernate.mapping.RootClass] HHH000039: Composite-id class does not override hashCode(): com.oncecloud.entity.performance.Pif1m
2014-11-26 10:13:14.070 WARN  [org.hibernate.mapping.RootClass] HHH000038: Composite-id class does not override equals(): com.oncecloud.entity.performance.Pif2w
2014-11-26 10:13:14.071 WARN  [org.hibernate.mapping.RootClass] HHH000039: Composite-id class does not override hashCode(): com.oncecloud.entity.performance.Pif2w
2014-11-26 10:13:14.071 WARN  [org.hibernate.mapping.RootClass] HHH000038: Composite-id class does not override equals(): com.oncecloud.entity.performance.Memory6h
2014-11-26 10:13:14.072 WARN  [org.hibernate.mapping.RootClass] HHH000039: Composite-id class does not override hashCode(): com.oncecloud.entity.performance.Memory6h
2014-11-26 10:13:14.072 WARN  [org.hibernate.mapping.RootClass] HHH000038: Composite-id class does not override equals(): com.oncecloud.entity.performance.Vbd1d
2014-11-26 10:13:14.072 WARN  [org.hibernate.mapping.RootClass] HHH000039: Composite-id class does not override hashCode(): com.oncecloud.entity.performance.Vbd1d
2014-11-26 10:13:14.073 WARN  [org.hibernate.mapping.RootClass] HHH000038: Composite-id class does not override equals(): com.oncecloud.entity.performance.Cpu30min
2014-11-26 10:13:14.073 WARN  [org.hibernate.mapping.RootClass] HHH000039: Composite-id class does not override hashCode(): com.oncecloud.entity.performance.Cpu30min
2014-11-26 10:13:14.074 WARN  [org.hibernate.mapping.RootClass] HHH000038: Composite-id class does not override equals(): com.oncecloud.entity.performance.Cpu1d
2014-11-26 10:13:14.074 WARN  [org.hibernate.mapping.RootClass] HHH000039: Composite-id class does not override hashCode(): com.oncecloud.entity.performance.Cpu1d
2014-11-26 10:13:14.075 WARN  [org.hibernate.mapping.RootClass] HHH000038: Composite-id class does not override equals(): com.oncecloud.entity.performance.Vif2w
2014-11-26 10:13:14.079 WARN  [org.hibernate.mapping.RootClass] HHH000039: Composite-id class does not override hashCode(): com.oncecloud.entity.performance.Vif2w
2014-11-26 10:13:14.082 INFO  [org.hibernate.engine.transaction.internal.TransactionFactoryInitiator] HHH000399: Using default transaction strategy (direct JDBC transactions)
2014-11-26 10:13:14.083 INFO  [org.hibernate.hql.internal.ast.ASTQueryTranslatorFactory] HHH000397: Using ASTQueryTranslatorFactory
