2014-11-06 10:42:48 [org.springframework.web.servlet.mvc.method.annotation.RequestMappingHandlerMapping:197] [main]
INFO: Mapped "{[/DatacenterAction/Delete],methods=[POST],params=[],headers=[],consumes=[],produces=[],custom=[]}" onto public java.lang.String com.oncecloud.ui.action.DatacenterAction.delete(javax.servlet.http.HttpServletRequest,java.lang.String,java.lang.String)
2014-11-06 10:42:48 [org.springframework.web.servlet.mvc.method.annotation.RequestMappingHandlerMapping:197] [main]
INFO: Mapped "{[/DatacenterAction/Create],methods=[POST],params=[],headers=[],consumes=[],produces=[],custom=[]}" onto public java.lang.String com.oncecloud.ui.action.DatacenterAction.create(javax.servlet.http.HttpServletRequest,java.lang.String,java.lang.String,java.lang.String)
2014-11-06 10:42:48 [org.springframework.web.servlet.mvc.method.annotation.RequestMappingHandlerMapping:197] [main]
INFO: Mapped "{[/DatacenterAction/Update],methods=[POST],params=[],headers=[],consumes=[],produces=[],custom=[]}" onto public void com.oncecloud.ui.action.DatacenterAction.update(javax.servlet.http.HttpServletRequest,java.lang.String,java.lang.String,java.lang.String,java.lang.String)
2014-11-06 10:42:48 [org.springframework.web.servlet.mvc.method.annotation.RequestMappingHandlerMapping:197] [main]
INFO: Mapped "{[/DatacenterAction/RackList],methods=[GET],params=[],headers=[],consumes=[],produces=[],custom=[]}" onto public java.lang.String com.oncecloud.ui.action.DatacenterAction.rackList(javax.servlet.http.HttpServletRequest)
2014-11-06 10:42:48 [org.springframework.web.servlet.mvc.method.annotation.RequestMappingHandlerMapping:197] [main]
INFO: Mapped "{[/DatacenterAction/DCList],methods=[GET],params=[],headers=[],consumes=[],produces=[],custom=[]}" onto public java.lang.String com.oncecloud.ui.action.DatacenterAction.dcList(javax.servlet.http.HttpServletRequest,com.oncecloud.ui.model.ListModel)
2014-11-06 10:42:48 [org.springframework.web.servlet.mvc.method.annotation.RequestMappingHandlerMapping:197] [main]
INFO: Mapped "{[/DatacenterAction/PoolList],methods=[GET],params=[],headers=[],consumes=[],produces=[],custom=[]}" onto public java.lang.String com.oncecloud.ui.action.DatacenterAction.poolList(javax.servlet.http.HttpServletRequest)
2014-11-06 10:42:48 [org.springframework.web.servlet.mvc.method.annotation.RequestMappingHandlerMapping:197] [main]
INFO: Mapped "{[/LogAction/LogList],methods=[GET],params=[],headers=[],consumes=[],produces=[],custom=[]}" onto public java.lang.String com.oncecloud.ui.action.LogAction.logList(javax.servlet.http.HttpServletRequest,int,int,int) throws javax.servlet.ServletException,java.io.IOException
2014-11-06 10:42:48 [org.springframework.web.servlet.mvc.method.annotation.RequestMappingHandlerMapping:197] [main]
INFO: Mapped "{[/OverviewAction/Overview],methods=[GET],params=[],headers=[],consumes=[],produces=[],custom=[]}" onto public java.lang.String com.oncecloud.ui.action.OverviewAction.overview(javax.servlet.http.HttpServletRequest)
2014-11-06 10:42:48 [org.springframework.web.servlet.mvc.method.annotation.RequestMappingHandlerMapping:197] [main]
INFO: Mapped "{[/QAAction/CloseQuestion],methods=[GET],params=[],headers=[],consumes=[],produces=[],custom=[]}" onto public java.lang.String com.oncecloud.ui.action.QAAction.closeQuestion(javax.servlet.http.HttpServletRequest,int)
2014-11-06 10:42:48 [org.springframework.web.servlet.mvc.method.annotation.RequestMappingHandlerMapping:197] [main]
INFO: Mapped "{[/QAAction/Reply],methods=[POST],params=[],headers=[],consumes=[],produces=[],custom=[]}" onto public java.lang.String com.oncecloud.ui.action.QAAction.reply(javax.servlet.http.HttpServletRequest,int,java.lang.String)
2014-11-06 10:42:48 [org.springframework.web.servlet.mvc.method.annotation.RequestMappingHandlerMapping:197] [main]
INFO: Mapped "{[/QAAction/QuestionList],methods=[GET],params=[],headers=[],consumes=[],produces=[],custom=[]}" onto public java.lang.String com.oncecloud.ui.action.QAAction.questionList(javax.servlet.http.HttpServletRequest,com.oncecloud.ui.model.ListModel)
2014-11-06 10:42:48 [org.springframework.web.servlet.mvc.method.annotation.RequestMappingHandlerMapping:197] [main]
INFO: Mapped "{[/QAAction/ReplyList],methods=[GET],params=[],headers=[],consumes=[],produces=[],custom=[]}" onto public java.lang.String com.oncecloud.ui.action.QAAction.replyList(javax.servlet.http.HttpServletRequest,int)
2014-11-06 10:42:48 [org.springframework.web.servlet.mvc.method.annotation.RequestMappingHandlerMapping:197] [main]
INFO: Mapped "{[/QAAction/QuestionDetail],methods=[GET],params=[],headers=[],consumes=[],produces=[],custom=[]}" onto public java.lang.String com.oncecloud.ui.action.QAAction.questionDetail(javax.servlet.http.HttpServletRequest,int)
2014-11-06 10:42:48 [org.springframework.web.servlet.mvc.method.annotation.RequestMappingHandlerMapping:197] [main]
INFO: Mapped "{[/QAAction/CreateQuestion],methods=[POST],params=[],headers=[],consumes=[],produces=[],custom=[]}" onto public java.lang.String com.oncecloud.ui.action.QAAction.createQuestion(javax.servlet.http.HttpServletRequest,java.lang.String,java.lang.String)
2014-11-06 10:42:48 [org.springframework.web.servlet.mvc.method.annotation.RequestMappingHandlerMapping:197] [main]
INFO: Mapped "{[/captcha],methods=[GET],params=[],headers=[],consumes=[],produces=[],custom=[]}" onto public org.springframework.http.ResponseEntity<[B> com.oncecloud.ui.page.AccountController.image(javax.servlet.http.HttpServletRequest) throws java.io.IOException
2014-11-06 10:42:48 [org.springframework.web.servlet.mvc.method.annotation.RequestMappingHandlerMapping:197] [main]
INFO: Mapped "{[/logout],methods=[GET],params=[],headers=[],consumes=[],produces=[],custom=[]}" onto public org.springframework.web.servlet.ModelAndView com.oncecloud.ui.page.AccountController.logout(javax.servlet.http.HttpServletRequest)
2014-11-06 10:42:48 [org.springframework.web.servlet.mvc.method.annotation.RequestMappingHandlerMapping:197] [main]
INFO: Mapped "{[/backdoor],methods=[GET],params=[],headers=[],consumes=[],produces=[],custom=[]}" onto public org.springframework.web.servlet.ModelAndView com.oncecloud.ui.page.AccountController.backdoor(javax.servlet.http.HttpServletRequest)
2014-11-06 10:42:48 [org.springframework.web.servlet.mvc.method.annotation.RequestMappingHandlerMapping:197] [main]
INFO: Mapped "{[/backdoor],methods=[POST],params=[],headers=[],consumes=[],produces=[],custom=[]}" onto public org.springframework.web.servlet.ModelAndView com.oncecloud.ui.page.AccountController.backdoor(javax.servlet.http.HttpServletRequest,com.oncecloud.ui.model.LogOnModel)
2014-11-06 10:42:48 [org.springframework.web.servlet.mvc.method.annotation.RequestMappingHandlerMapping:197] [main]
INFO: Mapped "{[/404],methods=[GET],params=[],headers=[],consumes=[],produces=[],custom=[]}" onto public org.springframework.web.servlet.ModelAndView com.oncecloud.ui.page.AccountController.pageNotFound(javax.servlet.http.HttpServletRequest)
2014-11-06 10:42:48 [org.springframework.web.servlet.mvc.method.annotation.RequestMappingHandlerMapping:197] [main]
INFO: Mapped "{[/host],methods=[GET],params=[],headers=[],consumes=[],produces=[],custom=[]}" onto public org.springframework.web.servlet.ModelAndView com.oncecloud.ui.page.AdminController.host(javax.servlet.http.HttpServletRequest)
2014-11-06 10:42:48 [org.springframework.web.servlet.mvc.method.annotation.RequestMappingHandlerMapping:197] [main]
INFO: Mapped "{[/address],methods=[GET],params=[],headers=[],consumes=[],produces=[],custom=[]}" onto public org.springframework.web.servlet.ModelAndView com.oncecloud.ui.page.AdminController.address(javax.servlet.http.HttpServletRequest)
2014-11-06 10:42:48 [org.springframework.web.servlet.mvc.method.annotation.RequestMappingHandlerMapping:197] [main]
INFO: Mapped "{[/user],methods=[GET],params=[],headers=[],consumes=[],produces=[],custom=[]}" onto public org.springframework.web.servlet.ModelAndView com.oncecloud.ui.page.AdminController.user(javax.servlet.http.HttpServletRequest)
2014-11-06 10:42:48 [org.springframework.web.servlet.mvc.method.annotation.RequestMappingHandlerMapping:197] [main]
INFO: Mapped "{[/pool],methods=[GET],params=[],headers=[],consumes=[],produces=[],custom=[]}" onto public org.springframework.web.servlet.ModelAndView com.oncecloud.ui.page.AdminController.pool(javax.servlet.http.HttpServletRequest)
2014-11-06 10:42:48 [org.springframework.web.servlet.mvc.method.annotation.RequestMappingHandlerMapping:197] [main]
INFO: Mapped "{[/datacenter],methods=[GET],params=[],headers=[],consumes=[],produces=[],custom=[]}" onto public org.springframework.web.servlet.ModelAndView com.oncecloud.ui.page.AdminController.datacenter(javax.servlet.http.HttpServletRequest)
2014-11-06 10:42:48 [org.springframework.web.servlet.mvc.method.annotation.RequestMappingHandlerMapping:197] [main]
INFO: Mapped "{[/rack],methods=[GET],params=[],headers=[],consumes=[],produces=[],custom=[]}" onto public org.springframework.web.servlet.ModelAndView com.oncecloud.ui.page.AdminController.rack(javax.servlet.http.HttpServletRequest)
2014-11-06 10:42:48 [org.springframework.web.servlet.mvc.method.annotation.RequestMappingHandlerMapping:197] [main]
INFO: Mapped "{[/CompanyMap],methods=[GET],params=[],headers=[],consumes=[],produces=[],custom=[]}" onto public org.springframework.web.servlet.ModelAndView com.oncecloud.ui.page.AdminController.companyMap(javax.servlet.http.HttpServletRequest)
2014-11-06 10:42:48 [org.springframework.web.servlet.mvc.method.annotation.RequestMappingHandlerMapping:197] [main]
INFO: Mapped "{[/storage],methods=[GET],params=[],headers=[],consumes=[],produces=[],custom=[]}" onto public org.springframework.web.servlet.ModelAndView com.oncecloud.ui.page.AdminController.storage(javax.servlet.http.HttpServletRequest)
2014-11-06 10:42:48 [org.springframework.web.servlet.mvc.method.annotation.RequestMappingHandlerMapping:197] [main]
INFO: Mapped "{[/log],methods=[GET],params=[],headers=[],consumes=[],produces=[],custom=[]}" onto public org.springframework.web.servlet.ModelAndView com.oncecloud.ui.page.CommonController.log(javax.servlet.http.HttpServletRequest)
2014-11-06 10:42:48 [org.springframework.web.servlet.mvc.method.annotation.RequestMappingHandlerMapping:197] [main]
INFO: Mapped "{[/instance],methods=[GET],params=[],headers=[],consumes=[],produces=[],custom=[]}" onto public org.springframework.web.servlet.ModelAndView com.oncecloud.ui.page.CommonController.instance(javax.servlet.http.HttpServletRequest)
2014-11-06 10:42:48 [org.springframework.web.servlet.mvc.method.annotation.RequestMappingHandlerMapping:197] [main]
INFO: Mapped "{[/service],methods=[GET],params=[],headers=[],consumes=[],produces=[],custom=[]}" onto public org.springframework.web.servlet.ModelAndView com.oncecloud.ui.page.CommonController.service(javax.servlet.http.HttpServletRequest)
2014-11-06 10:42:48 [org.springframework.web.servlet.mvc.method.annotation.RequestMappingHandlerMapping:197] [main]
INFO: Mapped "{[/image],methods=[GET],params=[],headers=[],consumes=[],produces=[],custom=[]}" onto public org.springframework.web.servlet.ModelAndView com.oncecloud.ui.page.CommonController.image(javax.servlet.http.HttpServletRequest)
2014-11-06 10:42:48 [org.springframework.web.servlet.mvc.method.annotation.RequestMappingHandlerMapping:197] [main]
INFO: Mapped "{[/dashboard],methods=[GET],params=[],headers=[],consumes=[],produces=[],custom=[]}" onto public org.springframework.web.servlet.ModelAndView com.oncecloud.ui.page.CommonController.dashboard(javax.servlet.http.HttpServletRequest)
2014-11-06 10:42:48 [org.springframework.web.servlet.mvc.method.annotation.RequestMappingHandlerMapping:197] [main]
INFO: Mapped "{[/],methods=[GET],params=[],headers=[],consumes=[],produces=[],custom=[]}" onto public org.springframework.web.servlet.ModelAndView com.oncecloud.ui.page.CommonController.home(javax.servlet.http.HttpServletRequest)
2014-11-06 10:42:48 [org.springframework.web.servlet.mvc.method.annotation.RequestMappingHandlerMapping:197] [main]
INFO: Mapped "{[/image/detail],methods=[],params=[],headers=[],consumes=[],produces=[],custom=[]}" onto public org.springframework.web.servlet.ModelAndView com.oncecloud.ui.page.CommonController.imageDetail(javax.servlet.http.HttpServletRequest)
2014-11-06 10:42:48 [org.springframework.web.servlet.mvc.method.annotation.RequestMappingHandlerMapping:197] [main]
INFO: Mapped "{[/common/modify],methods=[],params=[],headers=[],consumes=[],produces=[],custom=[]}" onto public org.springframework.web.servlet.ModelAndView com.oncecloud.ui.page.CommonController.modify(javax.servlet.http.HttpServletRequest,com.oncecloud.ui.model.CommonModifyModel)
2014-11-06 10:42:48 [org.springframework.web.servlet.mvc.method.annotation.RequestMappingHandlerMapping:197] [main]
INFO: Mapped "{[/image/share],methods=[],params=[],headers=[],consumes=[],produces=[],custom=[]}" onto public org.springframework.web.servlet.ModelAndView com.oncecloud.ui.page.CommonController.shareImage(javax.servlet.http.HttpServletRequest)
2014-11-06 10:42:48 [org.springframework.web.servlet.mvc.method.annotation.RequestMappingHandlerMapping:197] [main]
INFO: Mapped "{[/image/update],methods=[],params=[],headers=[],consumes=[],produces=[],custom=[]}" onto public org.springframework.web.servlet.ModelAndView com.oncecloud.ui.page.CommonController.updateImage(javax.servlet.http.HttpServletRequest)
2014-11-06 10:42:48 [org.springframework.web.servlet.mvc.method.annotation.RequestMappingHandlerMapping:197] [main]
INFO: Mapped "{[/service/detail],methods=[],params=[],headers=[],consumes=[],produces=[],custom=[]}" onto public org.springframework.web.servlet.ModelAndView com.oncecloud.ui.page.CommonController.questionDetail(javax.servlet.http.HttpServletRequest)
2014-11-06 10:42:48 [org.springframework.web.servlet.mvc.method.annotation.RequestMappingHandlerMapping:197] [main]
INFO: Mapped "{[/image/create],methods=[GET],params=[],headers=[],consumes=[],produces=[],custom=[]}" onto public org.springframework.web.servlet.ModelAndView com.oncecloud.ui.page.CreateControllerAdmin.createImage(javax.servlet.http.HttpServletRequest)
2014-11-06 10:42:48 [org.springframework.web.servlet.mvc.method.annotation.RequestMappingHandlerMapping:197] [main]
INFO: Mapped "{[/storage/create],methods=[GET],params=[],headers=[],consumes=[],produces=[],custom=[]}" onto public org.springframework.web.servlet.ModelAndView com.oncecloud.ui.page.CreateControllerAdmin.createStorage(javax.servlet.http.HttpServletRequest)
2014-11-06 10:42:48 [org.springframework.web.servlet.mvc.method.annotation.RequestMappingHandlerMapping:197] [main]
INFO: Mapped "{[/rack/create],methods=[GET],params=[],headers=[],consumes=[],produces=[],custom=[]}" onto public org.springframework.web.servlet.ModelAndView com.oncecloud.ui.page.CreateControllerAdmin.createRack(javax.servlet.http.HttpServletRequest)
2014-11-06 10:42:48 [org.springframework.web.servlet.mvc.method.annotation.RequestMappingHandlerMapping:197] [main]
INFO: Mapped "{[/user/create],methods=[GET],params=[],headers=[],consumes=[],produces=[],custom=[]}" onto public org.springframework.web.servlet.ModelAndView com.oncecloud.ui.page.CreateControllerAdmin.createUser(javax.servlet.http.HttpServletRequest)
2014-11-06 10:42:48 [org.springframework.web.servlet.mvc.method.annotation.RequestMappingHandlerMapping:197] [main]
INFO: Mapped "{[/pool/create],methods=[GET],params=[],headers=[],consumes=[],produces=[],custom=[]}" onto public org.springframework.web.servlet.ModelAndView com.oncecloud.ui.page.CreateControllerAdmin.createPool(javax.servlet.http.HttpServletRequest)
2014-11-06 10:42:48 [org.springframework.web.servlet.mvc.method.annotation.RequestMappingHandlerMapping:197] [main]
INFO: Mapped "{[/host/create],methods=[GET],params=[],headers=[],consumes=[],produces=[],custom=[]}" onto public org.springframework.web.servlet.ModelAndView com.oncecloud.ui.page.CreateControllerAdmin.createHost(javax.servlet.http.HttpServletRequest)
2014-11-06 10:42:48 [org.springframework.web.servlet.mvc.method.annotation.RequestMappingHandlerMapping:197] [main]
INFO: Mapped "{[/address/create],methods=[GET],params=[],headers=[],consumes=[],produces=[],custom=[]}" onto public org.springframework.web.servlet.ModelAndView com.oncecloud.ui.page.CreateControllerAdmin.createAddress(javax.servlet.http.HttpServletRequest)
2014-11-06 10:42:48 [org.springframework.web.servlet.mvc.method.annotation.RequestMappingHandlerMapping:197] [main]
INFO: Mapped "{[/datacenter/create],methods=[GET],params=[],headers=[],consumes=[],produces=[],custom=[]}" onto public org.springframework.web.servlet.ModelAndView com.oncecloud.ui.page.CreateControllerAdmin.createDatecenter(javax.servlet.http.HttpServletRequest)
2014-11-06 10:42:48 [org.springframework.web.servlet.mvc.method.annotation.RequestMappingHandlerMapping:197] [main]
INFO: Mapped "{[/instanceiso/create],methods=[GET],params=[],headers=[],consumes=[],produces=[],custom=[]}" onto public org.springframework.web.servlet.ModelAndView com.oncecloud.ui.page.CreateControllerAdmin.createInstanceWithISO(javax.servlet.http.HttpServletRequest)
2014-11-06 10:42:48 [org.springframework.web.servlet.mvc.method.annotation.RequestMappingHandlerMapping:197] [main]
INFO: Mapped "{[/mac/create],methods=[GET],params=[],headers=[],consumes=[],produces=[],custom=[]}" onto public org.springframework.web.servlet.ModelAndView com.oncecloud.ui.page.CreateControllerAdmin.createmac(javax.servlet.http.HttpServletRequest)
2014-11-06 10:42:48 [org.springframework.web.servlet.mvc.method.annotation.RequestMappingHandlerMapping:197] [main]
INFO: Mapped "{[/datacenter/detail],methods=[],params=[],headers=[],consumes=[],produces=[],custom=[]}" onto public org.springframework.web.servlet.ModelAndView com.oncecloud.ui.page.DetailControllerAdmin.datacenterDetail(javax.servlet.http.HttpServletRequest)
2014-11-06 10:42:48 [org.springframework.web.servlet.mvc.method.annotation.RequestMappingHandlerMapping:197] [main]
INFO: Mapped "{[/companymap/detail],methods=[],params=[],headers=[],consumes=[],produces=[],custom=[]}" onto public org.springframework.web.servlet.ModelAndView com.oncecloud.ui.page.DetailControllerAdmin.companymapDetail(javax.servlet.http.HttpServletRequest)
2014-11-06 10:42:48 [org.springframework.web.servlet.mvc.method.annotation.RequestMappingHandlerMapping:197] [main]
INFO: Mapped "{[/host/detail],methods=[],params=[],headers=[],consumes=[],produces=[],custom=[]}" onto public org.springframework.web.servlet.ModelAndView com.oncecloud.ui.page.DetailControllerAdmin.hostDetail(javax.servlet.http.HttpServletRequest)
2014-11-06 10:42:48 [org.springframework.web.servlet.mvc.method.annotation.RequestMappingHandlerMapping:197] [main]
INFO: Mapped "{[/rack/detail],methods=[],params=[],headers=[],consumes=[],produces=[],custom=[]}" onto public org.springframework.web.servlet.ModelAndView com.oncecloud.ui.page.DetailControllerAdmin.rackDetail(javax.servlet.http.HttpServletRequest)
2014-11-06 10:42:48 [org.springframework.web.servlet.mvc.method.annotation.RequestMappingHandlerMapping:197] [main]
INFO: Mapped "{[/user/detail],methods=[],params=[],headers=[],consumes=[],produces=[],custom=[]}" onto public org.springframework.web.servlet.ModelAndView com.oncecloud.ui.page.DetailControllerAdmin.userDetail(javax.servlet.http.HttpServletRequest)
2014-11-06 10:42:48 [org.springframework.web.servlet.mvc.method.annotation.RequestMappingHandlerMapping:197] [main]
INFO: Mapped "{[/switch/detail],methods=[],params=[],headers=[],consumes=[],produces=[],custom=[]}" onto public org.springframework.web.servlet.ModelAndView com.oncecloud.ui.page.DetailControllerAdmin.switchDetail(javax.servlet.http.HttpServletRequest)
2014-11-06 10:42:48 [org.springframework.web.servlet.mvc.method.annotation.RequestMappingHandlerMapping:197] [main]
INFO: Mapped "{[/admin/modal/addtohost],methods=[],params=[],headers=[],consumes=[],produces=[],custom=[]}" onto public org.springframework.web.servlet.ModelAndView com.oncecloud.ui.page.ModalControllerAdmin.addtohost(javax.servlet.http.HttpServletRequest)
2014-11-06 10:42:48 [org.springframework.web.servlet.mvc.method.annotation.RequestMappingHandlerMapping:197] [main]
INFO: Mapped "{[/admin/modal/addtopool],methods=[],params=[],headers=[],consumes=[],produces=[],custom=[]}" onto public org.springframework.web.servlet.ModelAndView com.oncecloud.ui.page.ModalControllerAdmin.addtopool(javax.servlet.http.HttpServletRequest,java.lang.String)
2014-11-06 10:42:48 [org.springframework.web.servlet.mvc.method.annotation.RequestMappingHandlerMapping:197] [main]
INFO: Mapped "{[/admin/modal/savetodb],methods=[],params=[],headers=[],consumes=[],produces=[],custom=[]}" onto public org.springframework.web.servlet.ModelAndView com.oncecloud.ui.page.ModalControllerAdmin.savetodb(javax.servlet.http.HttpServletRequest)
2014-11-06 10:42:48 [org.springframework.web.servlet.mvc.method.annotation.RequestMappingHandlerMapping:197] [main]
INFO: Mapped "{[/admin/modal/storageofhost],methods=[],params=[],headers=[],consumes=[],produces=[],custom=[]}" onto public org.springframework.web.servlet.ModelAndView com.oncecloud.ui.page.ModalControllerAdmin.storageofhost(javax.servlet.http.HttpServletRequest,java.lang.String,java.lang.String)
2014-11-06 10:42:48 [org.springframework.web.servlet.mvc.method.annotation.RequestMappingHandlerMapping:197] [main]
INFO: Mapped "{[/admin/modal/modifynetwork],methods=[],params=[],headers=[],consumes=[],produces=[],custom=[]}" onto public org.springframework.web.servlet.ModelAndView com.oncecloud.ui.page.ModalControllerAdmin.modifynetwork(javax.servlet.http.HttpServletRequest,java.lang.String,java.lang.String,java.lang.String)
2014-11-06 10:42:49 [org.springframework.web.servlet.handler.SimpleUrlHandlerMapping:315] [main]
INFO: Mapped URL path [/bootstrap/**] onto handler 'org.springframework.web.servlet.resource.ResourceHttpRequestHandler#0'
2014-11-06 10:42:49 [org.springframework.web.servlet.handler.SimpleUrlHandlerMapping:315] [main]
INFO: Mapped URL path [/css/**] onto handler 'org.springframework.web.servlet.resource.ResourceHttpRequestHandler#1'
2014-11-06 10:42:49 [org.springframework.web.servlet.handler.SimpleUrlHandlerMapping:315] [main]
INFO: Mapped URL path [/js/**] onto handler 'org.springframework.web.servlet.resource.ResourceHttpRequestHandler#2'
2014-11-06 10:42:49 [org.springframework.web.servlet.handler.SimpleUrlHandlerMapping:315] [main]
INFO: Mapped URL path [/js/user/**] onto handler 'org.springframework.web.servlet.resource.ResourceHttpRequestHandler#3'
2014-11-06 10:42:49 [org.springframework.web.servlet.handler.SimpleUrlHandlerMapping:315] [main]
INFO: Mapped URL path [/js/admin/**] onto handler 'org.springframework.web.servlet.resource.ResourceHttpRequestHandler#4'
2014-11-06 10:42:49 [org.springframework.web.servlet.handler.SimpleUrlHandlerMapping:315] [main]
INFO: Mapped URL path [/img/**] onto handler 'org.springframework.web.servlet.resource.ResourceHttpRequestHandler#5'
2014-11-06 10:42:49 [org.springframework.web.servlet.mvc.method.annotation.RequestMappingHandlerMapping:197] [main]
INFO: Mapped "{[/DatacenterAction/Delete],methods=[POST],params=[],headers=[],consumes=[],produces=[],custom=[]}" onto public java.lang.String com.oncecloud.ui.action.DatacenterAction.delete(javax.servlet.http.HttpServletRequest,java.lang.String,java.lang.String)
2014-11-06 10:42:49 [org.springframework.web.servlet.mvc.method.annotation.RequestMappingHandlerMapping:197] [main]
INFO: Mapped "{[/DatacenterAction/Create],methods=[POST],params=[],headers=[],consumes=[],produces=[],custom=[]}" onto public java.lang.String com.oncecloud.ui.action.DatacenterAction.create(javax.servlet.http.HttpServletRequest,java.lang.String,java.lang.String,java.lang.String)
2014-11-06 10:42:49 [org.springframework.web.servlet.mvc.method.annotation.RequestMappingHandlerMapping:197] [main]
INFO: Mapped "{[/DatacenterAction/Update],methods=[POST],params=[],headers=[],consumes=[],produces=[],custom=[]}" onto public void com.oncecloud.ui.action.DatacenterAction.update(javax.servlet.http.HttpServletRequest,java.lang.String,java.lang.String,java.lang.String,java.lang.String)
2014-11-06 10:42:49 [org.springframework.web.servlet.mvc.method.annotation.RequestMappingHandlerMapping:197] [main]
INFO: Mapped "{[/DatacenterAction/RackList],methods=[GET],params=[],headers=[],consumes=[],produces=[],custom=[]}" onto public java.lang.String com.oncecloud.ui.action.DatacenterAction.rackList(javax.servlet.http.HttpServletRequest)
2014-11-06 10:42:49 [org.springframework.web.servlet.mvc.method.annotation.RequestMappingHandlerMapping:197] [main]
INFO: Mapped "{[/DatacenterAction/DCList],methods=[GET],params=[],headers=[],consumes=[],produces=[],custom=[]}" onto public java.lang.String com.oncecloud.ui.action.DatacenterAction.dcList(javax.servlet.http.HttpServletRequest,com.oncecloud.ui.model.ListModel)
2014-11-06 10:42:49 [org.springframework.web.servlet.mvc.method.annotation.RequestMappingHandlerMapping:197] [main]
INFO: Mapped "{[/DatacenterAction/PoolList],methods=[GET],params=[],headers=[],consumes=[],produces=[],custom=[]}" onto public java.lang.String com.oncecloud.ui.action.DatacenterAction.poolList(javax.servlet.http.HttpServletRequest)
2014-11-06 10:42:49 [org.springframework.web.servlet.mvc.method.annotation.RequestMappingHandlerMapping:197] [main]
INFO: Mapped "{[/LogAction/LogList],methods=[GET],params=[],headers=[],consumes=[],produces=[],custom=[]}" onto public java.lang.String com.oncecloud.ui.action.LogAction.logList(javax.servlet.http.HttpServletRequest,int,int,int) throws javax.servlet.ServletException,java.io.IOException
2014-11-06 10:42:49 [org.springframework.web.servlet.mvc.method.annotation.RequestMappingHandlerMapping:197] [main]
INFO: Mapped "{[/OverviewAction/Overview],methods=[GET],params=[],headers=[],consumes=[],produces=[],custom=[]}" onto public java.lang.String com.oncecloud.ui.action.OverviewAction.overview(javax.servlet.http.HttpServletRequest)
2014-11-06 10:42:49 [org.springframework.web.servlet.mvc.method.annotation.RequestMappingHandlerMapping:197] [main]
INFO: Mapped "{[/QAAction/CloseQuestion],methods=[GET],params=[],headers=[],consumes=[],produces=[],custom=[]}" onto public java.lang.String com.oncecloud.ui.action.QAAction.closeQuestion(javax.servlet.http.HttpServletRequest,int)
2014-11-06 10:42:49 [org.springframework.web.servlet.mvc.method.annotation.RequestMappingHandlerMapping:197] [main]
INFO: Mapped "{[/QAAction/Reply],methods=[POST],params=[],headers=[],consumes=[],produces=[],custom=[]}" onto public java.lang.String com.oncecloud.ui.action.QAAction.reply(javax.servlet.http.HttpServletRequest,int,java.lang.String)
2014-11-06 10:42:49 [org.springframework.web.servlet.mvc.method.annotation.RequestMappingHandlerMapping:197] [main]
INFO: Mapped "{[/QAAction/QuestionList],methods=[GET],params=[],headers=[],consumes=[],produces=[],custom=[]}" onto public java.lang.String com.oncecloud.ui.action.QAAction.questionList(javax.servlet.http.HttpServletRequest,com.oncecloud.ui.model.ListModel)
2014-11-06 10:42:49 [org.springframework.web.servlet.mvc.method.annotation.RequestMappingHandlerMapping:197] [main]
INFO: Mapped "{[/QAAction/ReplyList],methods=[GET],params=[],headers=[],consumes=[],produces=[],custom=[]}" onto public java.lang.String com.oncecloud.ui.action.QAAction.replyList(javax.servlet.http.HttpServletRequest,int)
2014-11-06 10:42:49 [org.springframework.web.servlet.mvc.method.annotation.RequestMappingHandlerMapping:197] [main]
INFO: Mapped "{[/QAAction/QuestionDetail],methods=[GET],params=[],headers=[],consumes=[],produces=[],custom=[]}" onto public java.lang.String com.oncecloud.ui.action.QAAction.questionDetail(javax.servlet.http.HttpServletRequest,int)
2014-11-06 10:42:49 [org.springframework.web.servlet.mvc.method.annotation.RequestMappingHandlerMapping:197] [main]
INFO: Mapped "{[/QAAction/CreateQuestion],methods=[POST],params=[],headers=[],consumes=[],produces=[],custom=[]}" onto public java.lang.String com.oncecloud.ui.action.QAAction.createQuestion(javax.servlet.http.HttpServletRequest,java.lang.String,java.lang.String)
2014-11-06 10:42:49 [org.springframework.web.servlet.mvc.method.annotation.RequestMappingHandlerMapping:197] [main]
INFO: Mapped "{[/captcha],methods=[GET],params=[],headers=[],consumes=[],produces=[],custom=[]}" onto public org.springframework.http.ResponseEntity<[B> com.oncecloud.ui.page.AccountController.image(javax.servlet.http.HttpServletRequest) throws java.io.IOException
2014-11-06 10:42:49 [org.springframework.web.servlet.mvc.method.annotation.RequestMappingHandlerMapping:197] [main]
INFO: Mapped "{[/logout],methods=[GET],params=[],headers=[],consumes=[],produces=[],custom=[]}" onto public org.springframework.web.servlet.ModelAndView com.oncecloud.ui.page.AccountController.logout(javax.servlet.http.HttpServletRequest)
2014-11-06 10:42:49 [org.springframework.web.servlet.mvc.method.annotation.RequestMappingHandlerMapping:197] [main]
INFO: Mapped "{[/backdoor],methods=[GET],params=[],headers=[],consumes=[],produces=[],custom=[]}" onto public org.springframework.web.servlet.ModelAndView com.oncecloud.ui.page.AccountController.backdoor(javax.servlet.http.HttpServletRequest)
2014-11-06 10:42:49 [org.springframework.web.servlet.mvc.method.annotation.RequestMappingHandlerMapping:197] [main]
INFO: Mapped "{[/backdoor],methods=[POST],params=[],headers=[],consumes=[],produces=[],custom=[]}" onto public org.springframework.web.servlet.ModelAndView com.oncecloud.ui.page.AccountController.backdoor(javax.servlet.http.HttpServletRequest,com.oncecloud.ui.model.LogOnModel)
2014-11-06 10:42:49 [org.springframework.web.servlet.mvc.method.annotation.RequestMappingHandlerMapping:197] [main]
INFO: Mapped "{[/404],methods=[GET],params=[],headers=[],consumes=[],produces=[],custom=[]}" onto public org.springframework.web.servlet.ModelAndView com.oncecloud.ui.page.AccountController.pageNotFound(javax.servlet.http.HttpServletRequest)
2014-11-06 10:42:49 [org.springframework.web.servlet.mvc.method.annotation.RequestMappingHandlerMapping:197] [main]
INFO: Mapped "{[/host],methods=[GET],params=[],headers=[],consumes=[],produces=[],custom=[]}" onto public org.springframework.web.servlet.ModelAndView com.oncecloud.ui.page.AdminController.host(javax.servlet.http.HttpServletRequest)
2014-11-06 10:42:49 [org.springframework.web.servlet.mvc.method.annotation.RequestMappingHandlerMapping:197] [main]
INFO: Mapped "{[/address],methods=[GET],params=[],headers=[],consumes=[],produces=[],custom=[]}" onto public org.springframework.web.servlet.ModelAndView com.oncecloud.ui.page.AdminController.address(javax.servlet.http.HttpServletRequest)
2014-11-06 10:42:49 [org.springframework.web.servlet.mvc.method.annotation.RequestMappingHandlerMapping:197] [main]
INFO: Mapped "{[/user],methods=[GET],params=[],headers=[],consumes=[],produces=[],custom=[]}" onto public org.springframework.web.servlet.ModelAndView com.oncecloud.ui.page.AdminController.user(javax.servlet.http.HttpServletRequest)
2014-11-06 10:42:49 [org.springframework.web.servlet.mvc.method.annotation.RequestMappingHandlerMapping:197] [main]
INFO: Mapped "{[/pool],methods=[GET],params=[],headers=[],consumes=[],produces=[],custom=[]}" onto public org.springframework.web.servlet.ModelAndView com.oncecloud.ui.page.AdminController.pool(javax.servlet.http.HttpServletRequest)
2014-11-06 10:42:49 [org.springframework.web.servlet.mvc.method.annotation.RequestMappingHandlerMapping:197] [main]
INFO: Mapped "{[/datacenter],methods=[GET],params=[],headers=[],consumes=[],produces=[],custom=[]}" onto public org.springframework.web.servlet.ModelAndView com.oncecloud.ui.page.AdminController.datacenter(javax.servlet.http.HttpServletRequest)
2014-11-06 10:42:49 [org.springframework.web.servlet.mvc.method.annotation.RequestMappingHandlerMapping:197] [main]
INFO: Mapped "{[/rack],methods=[GET],params=[],headers=[],consumes=[],produces=[],custom=[]}" onto public org.springframework.web.servlet.ModelAndView com.oncecloud.ui.page.AdminController.rack(javax.servlet.http.HttpServletRequest)
2014-11-06 10:42:49 [org.springframework.web.servlet.mvc.method.annotation.RequestMappingHandlerMapping:197] [main]
INFO: Mapped "{[/CompanyMap],methods=[GET],params=[],headers=[],consumes=[],produces=[],custom=[]}" onto public org.springframework.web.servlet.ModelAndView com.oncecloud.ui.page.AdminController.companyMap(javax.servlet.http.HttpServletRequest)
2014-11-06 10:42:49 [org.springframework.web.servlet.mvc.method.annotation.RequestMappingHandlerMapping:197] [main]
INFO: Mapped "{[/storage],methods=[GET],params=[],headers=[],consumes=[],produces=[],custom=[]}" onto public org.springframework.web.servlet.ModelAndView com.oncecloud.ui.page.AdminController.storage(javax.servlet.http.HttpServletRequest)
2014-11-06 10:42:49 [org.springframework.web.servlet.mvc.method.annotation.RequestMappingHandlerMapping:197] [main]
INFO: Mapped "{[/log],methods=[GET],params=[],headers=[],consumes=[],produces=[],custom=[]}" onto public org.springframework.web.servlet.ModelAndView com.oncecloud.ui.page.CommonController.log(javax.servlet.http.HttpServletRequest)
2014-11-06 10:42:49 [org.springframework.web.servlet.mvc.method.annotation.RequestMappingHandlerMapping:197] [main]
INFO: Mapped "{[/instance],methods=[GET],params=[],headers=[],consumes=[],produces=[],custom=[]}" onto public org.springframework.web.servlet.ModelAndView com.oncecloud.ui.page.CommonController.instance(javax.servlet.http.HttpServletRequest)
2014-11-06 10:42:49 [org.springframework.web.servlet.mvc.method.annotation.RequestMappingHandlerMapping:197] [main]
INFO: Mapped "{[/service],methods=[GET],params=[],headers=[],consumes=[],produces=[],custom=[]}" onto public org.springframework.web.servlet.ModelAndView com.oncecloud.ui.page.CommonController.service(javax.servlet.http.HttpServletRequest)
2014-11-06 10:42:49 [org.springframework.web.servlet.mvc.method.annotation.RequestMappingHandlerMapping:197] [main]
INFO: Mapped "{[/image],methods=[GET],params=[],headers=[],consumes=[],produces=[],custom=[]}" onto public org.springframework.web.servlet.ModelAndView com.oncecloud.ui.page.CommonController.image(javax.servlet.http.HttpServletRequest)
2014-11-06 10:42:49 [org.springframework.web.servlet.mvc.method.annotation.RequestMappingHandlerMapping:197] [main]
INFO: Mapped "{[/dashboard],methods=[GET],params=[],headers=[],consumes=[],produces=[],custom=[]}" onto public org.springframework.web.servlet.ModelAndView com.oncecloud.ui.page.CommonController.dashboard(javax.servlet.http.HttpServletRequest)
2014-11-06 10:42:49 [org.springframework.web.servlet.mvc.method.annotation.RequestMappingHandlerMapping:197] [main]
INFO: Mapped "{[/],methods=[GET],params=[],headers=[],consumes=[],produces=[],custom=[]}" onto public org.springframework.web.servlet.ModelAndView com.oncecloud.ui.page.CommonController.home(javax.servlet.http.HttpServletRequest)
2014-11-06 10:42:49 [org.springframework.web.servlet.mvc.method.annotation.RequestMappingHandlerMapping:197] [main]
INFO: Mapped "{[/image/detail],methods=[],params=[],headers=[],consumes=[],produces=[],custom=[]}" onto public org.springframework.web.servlet.ModelAndView com.oncecloud.ui.page.CommonController.imageDetail(javax.servlet.http.HttpServletRequest)
2014-11-06 10:42:49 [org.springframework.web.servlet.mvc.method.annotation.RequestMappingHandlerMapping:197] [main]
INFO: Mapped "{[/common/modify],methods=[],params=[],headers=[],consumes=[],produces=[],custom=[]}" onto public org.springframework.web.servlet.ModelAndView com.oncecloud.ui.page.CommonController.modify(javax.servlet.http.HttpServletRequest,com.oncecloud.ui.model.CommonModifyModel)
2014-11-06 10:42:49 [org.springframework.web.servlet.mvc.method.annotation.RequestMappingHandlerMapping:197] [main]
INFO: Mapped "{[/image/share],methods=[],params=[],headers=[],consumes=[],produces=[],custom=[]}" onto public org.springframework.web.servlet.ModelAndView com.oncecloud.ui.page.CommonController.shareImage(javax.servlet.http.HttpServletRequest)
2014-11-06 10:42:49 [org.springframework.web.servlet.mvc.method.annotation.RequestMappingHandlerMapping:197] [main]
INFO: Mapped "{[/image/update],methods=[],params=[],headers=[],consumes=[],produces=[],custom=[]}" onto public org.springframework.web.servlet.ModelAndView com.oncecloud.ui.page.CommonController.updateImage(javax.servlet.http.HttpServletRequest)
2014-11-06 10:42:49 [org.springframework.web.servlet.mvc.method.annotation.RequestMappingHandlerMapping:197] [main]
INFO: Mapped "{[/service/detail],methods=[],params=[],headers=[],consumes=[],produces=[],custom=[]}" onto public org.springframework.web.servlet.ModelAndView com.oncecloud.ui.page.CommonController.questionDetail(javax.servlet.http.HttpServletRequest)
2014-11-06 10:42:49 [org.springframework.web.servlet.mvc.method.annotation.RequestMappingHandlerMapping:197] [main]
INFO: Mapped "{[/image/create],methods=[GET],params=[],headers=[],consumes=[],produces=[],custom=[]}" onto public org.springframework.web.servlet.ModelAndView com.oncecloud.ui.page.CreateControllerAdmin.createImage(javax.servlet.http.HttpServletRequest)
2014-11-06 10:42:49 [org.springframework.web.servlet.mvc.method.annotation.RequestMappingHandlerMapping:197] [main]
INFO: Mapped "{[/storage/create],methods=[GET],params=[],headers=[],consumes=[],produces=[],custom=[]}" onto public org.springframework.web.servlet.ModelAndView com.oncecloud.ui.page.CreateControllerAdmin.createStorage(javax.servlet.http.HttpServletRequest)
2014-11-06 10:42:49 [org.springframework.web.servlet.mvc.method.annotation.RequestMappingHandlerMapping:197] [main]
INFO: Mapped "{[/rack/create],methods=[GET],params=[],headers=[],consumes=[],produces=[],custom=[]}" onto public org.springframework.web.servlet.ModelAndView com.oncecloud.ui.page.CreateControllerAdmin.createRack(javax.servlet.http.HttpServletRequest)
2014-11-06 10:42:49 [org.springframework.web.servlet.mvc.method.annotation.RequestMappingHandlerMapping:197] [main]
INFO: Mapped "{[/user/create],methods=[GET],params=[],headers=[],consumes=[],produces=[],custom=[]}" onto public org.springframework.web.servlet.ModelAndView com.oncecloud.ui.page.CreateControllerAdmin.createUser(javax.servlet.http.HttpServletRequest)
2014-11-06 10:42:49 [org.springframework.web.servlet.mvc.method.annotation.RequestMappingHandlerMapping:197] [main]
INFO: Mapped "{[/pool/create],methods=[GET],params=[],headers=[],consumes=[],produces=[],custom=[]}" onto public org.springframework.web.servlet.ModelAndView com.oncecloud.ui.page.CreateControllerAdmin.createPool(javax.servlet.http.HttpServletRequest)
2014-11-06 10:42:49 [org.springframework.web.servlet.mvc.method.annotation.RequestMappingHandlerMapping:197] [main]
INFO: Mapped "{[/host/create],methods=[GET],params=[],headers=[],consumes=[],produces=[],custom=[]}" onto public org.springframework.web.servlet.ModelAndView com.oncecloud.ui.page.CreateControllerAdmin.createHost(javax.servlet.http.HttpServletRequest)
2014-11-06 10:42:49 [org.springframework.web.servlet.mvc.method.annotation.RequestMappingHandlerMapping:197] [main]
INFO: Mapped "{[/address/create],methods=[GET],params=[],headers=[],consumes=[],produces=[],custom=[]}" onto public org.springframework.web.servlet.ModelAndView com.oncecloud.ui.page.CreateControllerAdmin.createAddress(javax.servlet.http.HttpServletRequest)
2014-11-06 10:42:49 [org.springframework.web.servlet.mvc.method.annotation.RequestMappingHandlerMapping:197] [main]
INFO: Mapped "{[/datacenter/create],methods=[GET],params=[],headers=[],consumes=[],produces=[],custom=[]}" onto public org.springframework.web.servlet.ModelAndView com.oncecloud.ui.page.CreateControllerAdmin.createDatecenter(javax.servlet.http.HttpServletRequest)
2014-11-06 10:42:49 [org.springframework.web.servlet.mvc.method.annotation.RequestMappingHandlerMapping:197] [main]
INFO: Mapped "{[/instanceiso/create],methods=[GET],params=[],headers=[],consumes=[],produces=[],custom=[]}" onto public org.springframework.web.servlet.ModelAndView com.oncecloud.ui.page.CreateControllerAdmin.createInstanceWithISO(javax.servlet.http.HttpServletRequest)
2014-11-06 10:42:49 [org.springframework.web.servlet.mvc.method.annotation.RequestMappingHandlerMapping:197] [main]
INFO: Mapped "{[/mac/create],methods=[GET],params=[],headers=[],consumes=[],produces=[],custom=[]}" onto public org.springframework.web.servlet.ModelAndView com.oncecloud.ui.page.CreateControllerAdmin.createmac(javax.servlet.http.HttpServletRequest)
2014-11-06 10:42:49 [org.springframework.web.servlet.mvc.method.annotation.RequestMappingHandlerMapping:197] [main]
INFO: Mapped "{[/datacenter/detail],methods=[],params=[],headers=[],consumes=[],produces=[],custom=[]}" onto public org.springframework.web.servlet.ModelAndView com.oncecloud.ui.page.DetailControllerAdmin.datacenterDetail(javax.servlet.http.HttpServletRequest)
2014-11-06 10:42:49 [org.springframework.web.servlet.mvc.method.annotation.RequestMappingHandlerMapping:197] [main]
INFO: Mapped "{[/companymap/detail],methods=[],params=[],headers=[],consumes=[],produces=[],custom=[]}" onto public org.springframework.web.servlet.ModelAndView com.oncecloud.ui.page.DetailControllerAdmin.companymapDetail(javax.servlet.http.HttpServletRequest)
2014-11-06 10:42:49 [org.springframework.web.servlet.mvc.method.annotation.RequestMappingHandlerMapping:197] [main]
INFO: Mapped "{[/host/detail],methods=[],params=[],headers=[],consumes=[],produces=[],custom=[]}" onto public org.springframework.web.servlet.ModelAndView com.oncecloud.ui.page.DetailControllerAdmin.hostDetail(javax.servlet.http.HttpServletRequest)
2014-11-06 10:42:49 [org.springframework.web.servlet.mvc.method.annotation.RequestMappingHandlerMapping:197] [main]
INFO: Mapped "{[/rack/detail],methods=[],params=[],headers=[],consumes=[],produces=[],custom=[]}" onto public org.springframework.web.servlet.ModelAndView com.oncecloud.ui.page.DetailControllerAdmin.rackDetail(javax.servlet.http.HttpServletRequest)
2014-11-06 10:42:49 [org.springframework.web.servlet.mvc.method.annotation.RequestMappingHandlerMapping:197] [main]
INFO: Mapped "{[/user/detail],methods=[],params=[],headers=[],consumes=[],produces=[],custom=[]}" onto public org.springframework.web.servlet.ModelAndView com.oncecloud.ui.page.DetailControllerAdmin.userDetail(javax.servlet.http.HttpServletRequest)
2014-11-06 10:42:49 [org.springframework.web.servlet.mvc.method.annotation.RequestMappingHandlerMapping:197] [main]
INFO: Mapped "{[/switch/detail],methods=[],params=[],headers=[],consumes=[],produces=[],custom=[]}" onto public org.springframework.web.servlet.ModelAndView com.oncecloud.ui.page.DetailControllerAdmin.switchDetail(javax.servlet.http.HttpServletRequest)
2014-11-06 10:42:49 [org.springframework.web.servlet.mvc.method.annotation.RequestMappingHandlerMapping:197] [main]
INFO: Mapped "{[/admin/modal/addtohost],methods=[],params=[],headers=[],consumes=[],produces=[],custom=[]}" onto public org.springframework.web.servlet.ModelAndView com.oncecloud.ui.page.ModalControllerAdmin.addtohost(javax.servlet.http.HttpServletRequest)
2014-11-06 10:42:49 [org.springframework.web.servlet.mvc.method.annotation.RequestMappingHandlerMapping:197] [main]
INFO: Mapped "{[/admin/modal/addtopool],methods=[],params=[],headers=[],consumes=[],produces=[],custom=[]}" onto public org.springframework.web.servlet.ModelAndView com.oncecloud.ui.page.ModalControllerAdmin.addtopool(javax.servlet.http.HttpServletRequest,java.lang.String)
2014-11-06 10:42:49 [org.springframework.web.servlet.mvc.method.annotation.RequestMappingHandlerMapping:197] [main]
INFO: Mapped "{[/admin/modal/savetodb],methods=[],params=[],headers=[],consumes=[],produces=[],custom=[]}" onto public org.springframework.web.servlet.ModelAndView com.oncecloud.ui.page.ModalControllerAdmin.savetodb(javax.servlet.http.HttpServletRequest)
2014-11-06 10:42:49 [org.springframework.web.servlet.mvc.method.annotation.RequestMappingHandlerMapping:197] [main]
INFO: Mapped "{[/admin/modal/storageofhost],methods=[],params=[],headers=[],consumes=[],produces=[],custom=[]}" onto public org.springframework.web.servlet.ModelAndView com.oncecloud.ui.page.ModalControllerAdmin.storageofhost(javax.servlet.http.HttpServletRequest,java.lang.String,java.lang.String)
2014-11-06 10:42:49 [org.springframework.web.servlet.mvc.method.annotation.RequestMappingHandlerMapping:197] [main]
INFO: Mapped "{[/admin/modal/modifynetwork],methods=[],params=[],headers=[],consumes=[],produces=[],custom=[]}" onto public org.springframework.web.servlet.ModelAndView com.oncecloud.ui.page.ModalControllerAdmin.modifynetwork(javax.servlet.http.HttpServletRequest,java.lang.String,java.lang.String,java.lang.String)
2014-11-06 10:42:49 [org.springframework.scheduling.concurrent.ThreadPoolTaskScheduler:165] [main]
INFO: Initializing ExecutorService  'defaultSockJsTaskScheduler'
2014-11-06 10:42:49 [org.springframework.web.servlet.handler.SimpleUrlHandlerMapping:315] [main]
INFO: Mapped URL path [/messagingService] onto handler of type [class org.springframework.web.socket.server.support.WebSocketHttpRequestHandler]
2014-11-06 10:42:49 [org.springframework.web.servlet.handler.SimpleUrlHandlerMapping:315] [main]
INFO: Mapped URL path [/sockjs/messagingService/**] onto handler of type [class org.springframework.web.socket.sockjs.support.SockJsHttpRequestHandler]
2014-11-06 10:42:49 [org.springframework.web.servlet.DispatcherServlet:498] [main]
INFO: FrameworkServlet 'dispatcherServlet': initialization completed in 3277 ms
2014-11-06 10:43:06 [com.oncecloud.manager.UserManager:77] [qtp191136176-14]
INFO: Check Login: User [admin] Result [0]
2014-11-06 10:43:09 [org.springframework.web.servlet.PageNotFound:1114] [qtp191136176-16]
WARN: No mapping found for HTTP request with URI [/UserAction/UserList] in DispatcherServlet with name 'dispatcherServlet'
2014-11-06 10:46:20 [org.springframework.web.servlet.PageNotFound:1114] [qtp191136176-13]
WARN: No mapping found for HTTP request with URI [/PerformanceAction/CPU] in DispatcherServlet with name 'dispatcherServlet'
2014-11-06 10:46:20 [org.springframework.web.servlet.PageNotFound:1114] [qtp191136176-12]
WARN: No mapping found for HTTP request with URI [/PerformanceAction/Memory] in DispatcherServlet with name 'dispatcherServlet'
2014-11-06 10:46:20 [org.springframework.web.servlet.PageNotFound:1114] [qtp191136176-18]
WARN: No mapping found for HTTP request with URI [/HostAction/OneHost] in DispatcherServlet with name 'dispatcherServlet'
2014-11-06 10:46:20 [org.springframework.web.servlet.PageNotFound:1114] [qtp191136176-14]
WARN: No mapping found for HTTP request with URI [/PerformanceAction/PIF] in DispatcherServlet with name 'dispatcherServlet'
2014-11-06 10:46:23 [org.springframework.web.servlet.PageNotFound:1114] [qtp191136176-12]
WARN: No mapping found for HTTP request with URI [/UserAction/UserList] in DispatcherServlet with name 'dispatcherServlet'
2014-11-06 11:16:12 [org.springframework.web.servlet.mvc.method.annotation.RequestMappingHandlerMapping:197] [main]
INFO: Mapped "{[/DatacenterAction/Delete],methods=[POST],params=[],headers=[],consumes=[],produces=[],custom=[]}" onto public java.lang.String com.oncecloud.ui.action.DatacenterAction.delete(javax.servlet.http.HttpServletRequest,java.lang.String,java.lang.String)
2014-11-06 11:16:12 [org.springframework.web.servlet.mvc.method.annotation.RequestMappingHandlerMapping:197] [main]
INFO: Mapped "{[/DatacenterAction/Create],methods=[POST],params=[],headers=[],consumes=[],produces=[],custom=[]}" onto public java.lang.String com.oncecloud.ui.action.DatacenterAction.create(javax.servlet.http.HttpServletRequest,java.lang.String,java.lang.String,java.lang.String)
2014-11-06 11:16:12 [org.springframework.web.servlet.mvc.method.annotation.RequestMappingHandlerMapping:197] [main]
INFO: Mapped "{[/DatacenterAction/Update],methods=[POST],params=[],headers=[],consumes=[],produces=[],custom=[]}" onto public void com.oncecloud.ui.action.DatacenterAction.update(javax.servlet.http.HttpServletRequest,java.lang.String,java.lang.String,java.lang.String,java.lang.String)
2014-11-06 11:16:12 [org.springframework.web.servlet.mvc.method.annotation.RequestMappingHandlerMapping:197] [main]
INFO: Mapped "{[/DatacenterAction/RackList],methods=[GET],params=[],headers=[],consumes=[],produces=[],custom=[]}" onto public java.lang.String com.oncecloud.ui.action.DatacenterAction.rackList(javax.servlet.http.HttpServletRequest)
2014-11-06 11:16:12 [org.springframework.web.servlet.mvc.method.annotation.RequestMappingHandlerMapping:197] [main]
INFO: Mapped "{[/DatacenterAction/DCList],methods=[GET],params=[],headers=[],consumes=[],produces=[],custom=[]}" onto public java.lang.String com.oncecloud.ui.action.DatacenterAction.dcList(javax.servlet.http.HttpServletRequest,com.oncecloud.ui.model.ListModel)
2014-11-06 11:16:12 [org.springframework.web.servlet.mvc.method.annotation.RequestMappingHandlerMapping:197] [main]
INFO: Mapped "{[/DatacenterAction/PoolList],methods=[GET],params=[],headers=[],consumes=[],produces=[],custom=[]}" onto public java.lang.String com.oncecloud.ui.action.DatacenterAction.poolList(javax.servlet.http.HttpServletRequest)
2014-11-06 11:16:12 [org.springframework.web.servlet.mvc.method.annotation.RequestMappingHandlerMapping:197] [main]
INFO: Mapped "{[/LogAction/LogList],methods=[GET],params=[],headers=[],consumes=[],produces=[],custom=[]}" onto public java.lang.String com.oncecloud.ui.action.LogAction.logList(javax.servlet.http.HttpServletRequest,int,int,int) throws javax.servlet.ServletException,java.io.IOException
2014-11-06 11:16:12 [org.springframework.web.servlet.mvc.method.annotation.RequestMappingHandlerMapping:197] [main]
INFO: Mapped "{[/OverviewAction/Overview],methods=[GET],params=[],headers=[],consumes=[],produces=[],custom=[]}" onto public java.lang.String com.oncecloud.ui.action.OverviewAction.overview(javax.servlet.http.HttpServletRequest)
2014-11-06 11:16:12 [org.springframework.web.servlet.mvc.method.annotation.RequestMappingHandlerMapping:197] [main]
INFO: Mapped "{[/QAAction/CreateQuestion],methods=[POST],params=[],headers=[],consumes=[],produces=[],custom=[]}" onto public java.lang.String com.oncecloud.ui.action.QAAction.createQuestion(javax.servlet.http.HttpServletRequest,java.lang.String,java.lang.String)
2014-11-06 11:16:12 [org.springframework.web.servlet.mvc.method.annotation.RequestMappingHandlerMapping:197] [main]
INFO: Mapped "{[/QAAction/CloseQuestion],methods=[GET],params=[],headers=[],consumes=[],produces=[],custom=[]}" onto public java.lang.String com.oncecloud.ui.action.QAAction.closeQuestion(javax.servlet.http.HttpServletRequest,int)
2014-11-06 11:16:12 [org.springframework.web.servlet.mvc.method.annotation.RequestMappingHandlerMapping:197] [main]
INFO: Mapped "{[/QAAction/Reply],methods=[POST],params=[],headers=[],consumes=[],produces=[],custom=[]}" onto public java.lang.String com.oncecloud.ui.action.QAAction.reply(javax.servlet.http.HttpServletRequest,int,java.lang.String)
2014-11-06 11:16:12 [org.springframework.web.servlet.mvc.method.annotation.RequestMappingHandlerMapping:197] [main]
INFO: Mapped "{[/QAAction/QuestionList],methods=[GET],params=[],headers=[],consumes=[],produces=[],custom=[]}" onto public java.lang.String com.oncecloud.ui.action.QAAction.questionList(javax.servlet.http.HttpServletRequest,com.oncecloud.ui.model.ListModel)
2014-11-06 11:16:12 [org.springframework.web.servlet.mvc.method.annotation.RequestMappingHandlerMapping:197] [main]
INFO: Mapped "{[/QAAction/ReplyList],methods=[GET],params=[],headers=[],consumes=[],produces=[],custom=[]}" onto public java.lang.String com.oncecloud.ui.action.QAAction.replyList(javax.servlet.http.HttpServletRequest,int)
2014-11-06 11:16:12 [org.springframework.web.servlet.mvc.method.annotation.RequestMappingHandlerMapping:197] [main]
INFO: Mapped "{[/QAAction/QuestionDetail],methods=[GET],params=[],headers=[],consumes=[],produces=[],custom=[]}" onto public java.lang.String com.oncecloud.ui.action.QAAction.questionDetail(javax.servlet.http.HttpServletRequest,int)
2014-11-06 11:16:12 [org.springframework.web.servlet.mvc.method.annotation.RequestMappingHandlerMapping:197] [main]
INFO: Mapped "{[/RackAction/RackList],methods=[GET],params=[],headers=[],consumes=[],produces=[],custom=[]}" onto public java.lang.String com.oncecloud.ui.action.RackAction.rackList(javax.servlet.http.HttpServletRequest,com.oncecloud.ui.model.ListModel)
2014-11-06 11:16:12 [org.springframework.web.servlet.mvc.method.annotation.RequestMappingHandlerMapping:197] [main]
INFO: Mapped "{[/captcha],methods=[GET],params=[],headers=[],consumes=[],produces=[],custom=[]}" onto public org.springframework.http.ResponseEntity<[B> com.oncecloud.ui.page.AccountController.image(javax.servlet.http.HttpServletRequest) throws java.io.IOException
2014-11-06 11:16:12 [org.springframework.web.servlet.mvc.method.annotation.RequestMappingHandlerMapping:197] [main]
INFO: Mapped "{[/logout],methods=[GET],params=[],headers=[],consumes=[],produces=[],custom=[]}" onto public org.springframework.web.servlet.ModelAndView com.oncecloud.ui.page.AccountController.logout(javax.servlet.http.HttpServletRequest)
2014-11-06 11:16:12 [org.springframework.web.servlet.mvc.method.annotation.RequestMappingHandlerMapping:197] [main]
INFO: Mapped "{[/backdoor],methods=[GET],params=[],headers=[],consumes=[],produces=[],custom=[]}" onto public org.springframework.web.servlet.ModelAndView com.oncecloud.ui.page.AccountController.backdoor(javax.servlet.http.HttpServletRequest)
2014-11-06 11:16:12 [org.springframework.web.servlet.mvc.method.annotation.RequestMappingHandlerMapping:197] [main]
INFO: Mapped "{[/backdoor],methods=[POST],params=[],headers=[],consumes=[],produces=[],custom=[]}" onto public org.springframework.web.servlet.ModelAndView com.oncecloud.ui.page.AccountController.backdoor(javax.servlet.http.HttpServletRequest,com.oncecloud.ui.model.LogOnModel)
2014-11-06 11:16:12 [org.springframework.web.servlet.mvc.method.annotation.RequestMappingHandlerMapping:197] [main]
INFO: Mapped "{[/404],methods=[GET],params=[],headers=[],consumes=[],produces=[],custom=[]}" onto public org.springframework.web.servlet.ModelAndView com.oncecloud.ui.page.AccountController.pageNotFound(javax.servlet.http.HttpServletRequest)
2014-11-06 11:16:12 [org.springframework.web.servlet.mvc.method.annotation.RequestMappingHandlerMapping:197] [main]
INFO: Mapped "{[/host],methods=[GET],params=[],headers=[],consumes=[],produces=[],custom=[]}" onto public org.springframework.web.servlet.ModelAndView com.oncecloud.ui.page.AdminController.host(javax.servlet.http.HttpServletRequest)
2014-11-06 11:16:12 [org.springframework.web.servlet.mvc.method.annotation.RequestMappingHandlerMapping:197] [main]
INFO: Mapped "{[/address],methods=[GET],params=[],headers=[],consumes=[],produces=[],custom=[]}" onto public org.springframework.web.servlet.ModelAndView com.oncecloud.ui.page.AdminController.address(javax.servlet.http.HttpServletRequest)
2014-11-06 11:16:12 [org.springframework.web.servlet.mvc.method.annotation.RequestMappingHandlerMapping:197] [main]
INFO: Mapped "{[/pool],methods=[GET],params=[],headers=[],consumes=[],produces=[],custom=[]}" onto public org.springframework.web.servlet.ModelAndView com.oncecloud.ui.page.AdminController.pool(javax.servlet.http.HttpServletRequest)
2014-11-06 11:16:12 [org.springframework.web.servlet.mvc.method.annotation.RequestMappingHandlerMapping:197] [main]
INFO: Mapped "{[/user],methods=[GET],params=[],headers=[],consumes=[],produces=[],custom=[]}" onto public org.springframework.web.servlet.ModelAndView com.oncecloud.ui.page.AdminController.user(javax.servlet.http.HttpServletRequest)
2014-11-06 11:16:12 [org.springframework.web.servlet.mvc.method.annotation.RequestMappingHandlerMapping:197] [main]
INFO: Mapped "{[/datacenter],methods=[GET],params=[],headers=[],consumes=[],produces=[],custom=[]}" onto public org.springframework.web.servlet.ModelAndView com.oncecloud.ui.page.AdminController.datacenter(javax.servlet.http.HttpServletRequest)
2014-11-06 11:16:12 [org.springframework.web.servlet.mvc.method.annotation.RequestMappingHandlerMapping:197] [main]
INFO: Mapped "{[/rack],methods=[GET],params=[],headers=[],consumes=[],produces=[],custom=[]}" onto public org.springframework.web.servlet.ModelAndView com.oncecloud.ui.page.AdminController.rack(javax.servlet.http.HttpServletRequest)
2014-11-06 11:16:12 [org.springframework.web.servlet.mvc.method.annotation.RequestMappingHandlerMapping:197] [main]
INFO: Mapped "{[/CompanyMap],methods=[GET],params=[],headers=[],consumes=[],produces=[],custom=[]}" onto public org.springframework.web.servlet.ModelAndView com.oncecloud.ui.page.AdminController.companyMap(javax.servlet.http.HttpServletRequest)
2014-11-06 11:16:12 [org.springframework.web.servlet.mvc.method.annotation.RequestMappingHandlerMapping:197] [main]
INFO: Mapped "{[/storage],methods=[GET],params=[],headers=[],consumes=[],produces=[],custom=[]}" onto public org.springframework.web.servlet.ModelAndView com.oncecloud.ui.page.AdminController.storage(javax.servlet.http.HttpServletRequest)
2014-11-06 11:16:12 [org.springframework.web.servlet.mvc.method.annotation.RequestMappingHandlerMapping:197] [main]
INFO: Mapped "{[/log],methods=[GET],params=[],headers=[],consumes=[],produces=[],custom=[]}" onto public org.springframework.web.servlet.ModelAndView com.oncecloud.ui.page.CommonController.log(javax.servlet.http.HttpServletRequest)
2014-11-06 11:16:12 [org.springframework.web.servlet.mvc.method.annotation.RequestMappingHandlerMapping:197] [main]
INFO: Mapped "{[/instance],methods=[GET],params=[],headers=[],consumes=[],produces=[],custom=[]}" onto public org.springframework.web.servlet.ModelAndView com.oncecloud.ui.page.CommonController.instance(javax.servlet.http.HttpServletRequest)
2014-11-06 11:16:12 [org.springframework.web.servlet.mvc.method.annotation.RequestMappingHandlerMapping:197] [main]
INFO: Mapped "{[/service],methods=[GET],params=[],headers=[],consumes=[],produces=[],custom=[]}" onto public org.springframework.web.servlet.ModelAndView com.oncecloud.ui.page.CommonController.service(javax.servlet.http.HttpServletRequest)
2014-11-06 11:16:12 [org.springframework.web.servlet.mvc.method.annotation.RequestMappingHandlerMapping:197] [main]
INFO: Mapped "{[/image],methods=[GET],params=[],headers=[],consumes=[],produces=[],custom=[]}" onto public org.springframework.web.servlet.ModelAndView com.oncecloud.ui.page.CommonController.image(javax.servlet.http.HttpServletRequest)
2014-11-06 11:16:12 [org.springframework.web.servlet.mvc.method.annotation.RequestMappingHandlerMapping:197] [main]
INFO: Mapped "{[/dashboard],methods=[GET],params=[],headers=[],consumes=[],produces=[],custom=[]}" onto public org.springframework.web.servlet.ModelAndView com.oncecloud.ui.page.CommonController.dashboard(javax.servlet.http.HttpServletRequest)
2014-11-06 11:16:12 [org.springframework.web.servlet.mvc.method.annotation.RequestMappingHandlerMapping:197] [main]
INFO: Mapped "{[/],methods=[GET],params=[],headers=[],consumes=[],produces=[],custom=[]}" onto public org.springframework.web.servlet.ModelAndView com.oncecloud.ui.page.CommonController.home(javax.servlet.http.HttpServletRequest)
2014-11-06 11:16:12 [org.springframework.web.servlet.mvc.method.annotation.RequestMappingHandlerMapping:197] [main]
INFO: Mapped "{[/image/detail],methods=[],params=[],headers=[],consumes=[],produces=[],custom=[]}" onto public org.springframework.web.servlet.ModelAndView com.oncecloud.ui.page.CommonController.imageDetail(javax.servlet.http.HttpServletRequest)
2014-11-06 11:16:12 [org.springframework.web.servlet.mvc.method.annotation.RequestMappingHandlerMapping:197] [main]
INFO: Mapped "{[/common/modify],methods=[],params=[],headers=[],consumes=[],produces=[],custom=[]}" onto public org.springframework.web.servlet.ModelAndView com.oncecloud.ui.page.CommonController.modify(javax.servlet.http.HttpServletRequest,com.oncecloud.ui.model.CommonModifyModel)
2014-11-06 11:16:12 [org.springframework.web.servlet.mvc.method.annotation.RequestMappingHandlerMapping:197] [main]
INFO: Mapped "{[/image/share],methods=[],params=[],headers=[],consumes=[],produces=[],custom=[]}" onto public org.springframework.web.servlet.ModelAndView com.oncecloud.ui.page.CommonController.shareImage(javax.servlet.http.HttpServletRequest)
2014-11-06 11:16:12 [org.springframework.web.servlet.mvc.method.annotation.RequestMappingHandlerMapping:197] [main]
INFO: Mapped "{[/image/update],methods=[],params=[],headers=[],consumes=[],produces=[],custom=[]}" onto public org.springframework.web.servlet.ModelAndView com.oncecloud.ui.page.CommonController.updateImage(javax.servlet.http.HttpServletRequest)
2014-11-06 11:16:12 [org.springframework.web.servlet.mvc.method.annotation.RequestMappingHandlerMapping:197] [main]
INFO: Mapped "{[/service/detail],methods=[],params=[],headers=[],consumes=[],produces=[],custom=[]}" onto public org.springframework.web.servlet.ModelAndView com.oncecloud.ui.page.CommonController.questionDetail(javax.servlet.http.HttpServletRequest)
2014-11-06 11:16:12 [org.springframework.web.servlet.mvc.method.annotation.RequestMappingHandlerMapping:197] [main]
INFO: Mapped "{[/storage/create],methods=[GET],params=[],headers=[],consumes=[],produces=[],custom=[]}" onto public org.springframework.web.servlet.ModelAndView com.oncecloud.ui.page.CreateControllerAdmin.createStorage(javax.servlet.http.HttpServletRequest)
2014-11-06 11:16:12 [org.springframework.web.servlet.mvc.method.annotation.RequestMappingHandlerMapping:197] [main]
INFO: Mapped "{[/rack/create],methods=[GET],params=[],headers=[],consumes=[],produces=[],custom=[]}" onto public org.springframework.web.servlet.ModelAndView com.oncecloud.ui.page.CreateControllerAdmin.createRack(javax.servlet.http.HttpServletRequest)
2014-11-06 11:16:12 [org.springframework.web.servlet.mvc.method.annotation.RequestMappingHandlerMapping:197] [main]
INFO: Mapped "{[/user/create],methods=[GET],params=[],headers=[],consumes=[],produces=[],custom=[]}" onto public org.springframework.web.servlet.ModelAndView com.oncecloud.ui.page.CreateControllerAdmin.createUser(javax.servlet.http.HttpServletRequest)
2014-11-06 11:16:12 [org.springframework.web.servlet.mvc.method.annotation.RequestMappingHandlerMapping:197] [main]
INFO: Mapped "{[/pool/create],methods=[GET],params=[],headers=[],consumes=[],produces=[],custom=[]}" onto public org.springframework.web.servlet.ModelAndView com.oncecloud.ui.page.CreateControllerAdmin.createPool(javax.servlet.http.HttpServletRequest)
2014-11-06 11:16:12 [org.springframework.web.servlet.mvc.method.annotation.RequestMappingHandlerMapping:197] [main]
INFO: Mapped "{[/host/create],methods=[GET],params=[],headers=[],consumes=[],produces=[],custom=[]}" onto public org.springframework.web.servlet.ModelAndView com.oncecloud.ui.page.CreateControllerAdmin.createHost(javax.servlet.http.HttpServletRequest)
2014-11-06 11:16:12 [org.springframework.web.servlet.mvc.method.annotation.RequestMappingHandlerMapping:197] [main]
INFO: Mapped "{[/address/create],methods=[GET],params=[],headers=[],consumes=[],produces=[],custom=[]}" onto public org.springframework.web.servlet.ModelAndView com.oncecloud.ui.page.CreateControllerAdmin.createAddress(javax.servlet.http.HttpServletRequest)
2014-11-06 11:16:12 [org.springframework.web.servlet.mvc.method.annotation.RequestMappingHandlerMapping:197] [main]
INFO: Mapped "{[/mac/create],methods=[GET],params=[],headers=[],consumes=[],produces=[],custom=[]}" onto public org.springframework.web.servlet.ModelAndView com.oncecloud.ui.page.CreateControllerAdmin.createmac(javax.servlet.http.HttpServletRequest)
2014-11-06 11:16:12 [org.springframework.web.servlet.mvc.method.annotation.RequestMappingHandlerMapping:197] [main]
INFO: Mapped "{[/image/create],methods=[GET],params=[],headers=[],consumes=[],produces=[],custom=[]}" onto public org.springframework.web.servlet.ModelAndView com.oncecloud.ui.page.CreateControllerAdmin.createImage(javax.servlet.http.HttpServletRequest)
2014-11-06 11:16:12 [org.springframework.web.servlet.mvc.method.annotation.RequestMappingHandlerMapping:197] [main]
INFO: Mapped "{[/datacenter/create],methods=[GET],params=[],headers=[],consumes=[],produces=[],custom=[]}" onto public org.springframework.web.servlet.ModelAndView com.oncecloud.ui.page.CreateControllerAdmin.createDatecenter(javax.servlet.http.HttpServletRequest)
2014-11-06 11:16:12 [org.springframework.web.servlet.mvc.method.annotation.RequestMappingHandlerMapping:197] [main]
INFO: Mapped "{[/instanceiso/create],methods=[GET],params=[],headers=[],consumes=[],produces=[],custom=[]}" onto public org.springframework.web.servlet.ModelAndView com.oncecloud.ui.page.CreateControllerAdmin.createInstanceWithISO(javax.servlet.http.HttpServletRequest)
2014-11-06 11:16:12 [org.springframework.web.servlet.mvc.method.annotation.RequestMappingHandlerMapping:197] [main]
INFO: Mapped "{[/host/detail],methods=[],params=[],headers=[],consumes=[],produces=[],custom=[]}" onto public org.springframework.web.servlet.ModelAndView com.oncecloud.ui.page.DetailControllerAdmin.hostDetail(javax.servlet.http.HttpServletRequest)
2014-11-06 11:16:12 [org.springframework.web.servlet.mvc.method.annotation.RequestMappingHandlerMapping:197] [main]
INFO: Mapped "{[/rack/detail],methods=[],params=[],headers=[],consumes=[],produces=[],custom=[]}" onto public org.springframework.web.servlet.ModelAndView com.oncecloud.ui.page.DetailControllerAdmin.rackDetail(javax.servlet.http.HttpServletRequest)
2014-11-06 11:16:12 [org.springframework.web.servlet.mvc.method.annotation.RequestMappingHandlerMapping:197] [main]
INFO: Mapped "{[/user/detail],methods=[],params=[],headers=[],consumes=[],produces=[],custom=[]}" onto public org.springframework.web.servlet.ModelAndView com.oncecloud.ui.page.DetailControllerAdmin.userDetail(javax.servlet.http.HttpServletRequest)
2014-11-06 11:16:12 [org.springframework.web.servlet.mvc.method.annotation.RequestMappingHandlerMapping:197] [main]
INFO: Mapped "{[/switch/detail],methods=[],params=[],headers=[],consumes=[],produces=[],custom=[]}" onto public org.springframework.web.servlet.ModelAndView com.oncecloud.ui.page.DetailControllerAdmin.switchDetail(javax.servlet.http.HttpServletRequest)
2014-11-06 11:16:12 [org.springframework.web.servlet.mvc.method.annotation.RequestMappingHandlerMapping:197] [main]
INFO: Mapped "{[/datacenter/detail],methods=[],params=[],headers=[],consumes=[],produces=[],custom=[]}" onto public org.springframework.web.servlet.ModelAndView com.oncecloud.ui.page.DetailControllerAdmin.datacenterDetail(javax.servlet.http.HttpServletRequest)
2014-11-06 11:16:12 [org.springframework.web.servlet.mvc.method.annotation.RequestMappingHandlerMapping:197] [main]
INFO: Mapped "{[/companymap/detail],methods=[],params=[],headers=[],consumes=[],produces=[],custom=[]}" onto public org.springframework.web.servlet.ModelAndView com.oncecloud.ui.page.DetailControllerAdmin.companymapDetail(javax.servlet.http.HttpServletRequest)
2014-11-06 11:16:12 [org.springframework.web.servlet.mvc.method.annotation.RequestMappingHandlerMapping:197] [main]
INFO: Mapped "{[/admin/modal/addtohost],methods=[],params=[],headers=[],consumes=[],produces=[],custom=[]}" onto public org.springframework.web.servlet.ModelAndView com.oncecloud.ui.page.ModalControllerAdmin.addtohost(javax.servlet.http.HttpServletRequest)
2014-11-06 11:16:12 [org.springframework.web.servlet.mvc.method.annotation.RequestMappingHandlerMapping:197] [main]
INFO: Mapped "{[/admin/modal/addtopool],methods=[],params=[],headers=[],consumes=[],produces=[],custom=[]}" onto public org.springframework.web.servlet.ModelAndView com.oncecloud.ui.page.ModalControllerAdmin.addtopool(javax.servlet.http.HttpServletRequest,java.lang.String)
2014-11-06 11:16:12 [org.springframework.web.servlet.mvc.method.annotation.RequestMappingHandlerMapping:197] [main]
INFO: Mapped "{[/admin/modal/savetodb],methods=[],params=[],headers=[],consumes=[],produces=[],custom=[]}" onto public org.springframework.web.servlet.ModelAndView com.oncecloud.ui.page.ModalControllerAdmin.savetodb(javax.servlet.http.HttpServletRequest)
2014-11-06 11:16:12 [org.springframework.web.servlet.mvc.method.annotation.RequestMappingHandlerMapping:197] [main]
INFO: Mapped "{[/admin/modal/storageofhost],methods=[],params=[],headers=[],consumes=[],produces=[],custom=[]}" onto public org.springframework.web.servlet.ModelAndView com.oncecloud.ui.page.ModalControllerAdmin.storageofhost(javax.servlet.http.HttpServletRequest,java.lang.String,java.lang.String)
2014-11-06 11:16:12 [org.springframework.web.servlet.mvc.method.annotation.RequestMappingHandlerMapping:197] [main]
INFO: Mapped "{[/admin/modal/modifynetwork],methods=[],params=[],headers=[],consumes=[],produces=[],custom=[]}" onto public org.springframework.web.servlet.ModelAndView com.oncecloud.ui.page.ModalControllerAdmin.modifynetwork(javax.servlet.http.HttpServletRequest,java.lang.String,java.lang.String,java.lang.String)
2014-11-06 11:16:12 [org.springframework.web.servlet.handler.SimpleUrlHandlerMapping:315] [main]
INFO: Mapped URL path [/bootstrap/**] onto handler 'org.springframework.web.servlet.resource.ResourceHttpRequestHandler#0'
2014-11-06 11:16:12 [org.springframework.web.servlet.handler.SimpleUrlHandlerMapping:315] [main]
INFO: Mapped URL path [/css/**] onto handler 'org.springframework.web.servlet.resource.ResourceHttpRequestHandler#1'
2014-11-06 11:16:12 [org.springframework.web.servlet.handler.SimpleUrlHandlerMapping:315] [main]
INFO: Mapped URL path [/js/**] onto handler 'org.springframework.web.servlet.resource.ResourceHttpRequestHandler#2'
2014-11-06 11:16:12 [org.springframework.web.servlet.handler.SimpleUrlHandlerMapping:315] [main]
INFO: Mapped URL path [/js/user/**] onto handler 'org.springframework.web.servlet.resource.ResourceHttpRequestHandler#3'
2014-11-06 11:16:12 [org.springframework.web.servlet.handler.SimpleUrlHandlerMapping:315] [main]
INFO: Mapped URL path [/js/admin/**] onto handler 'org.springframework.web.servlet.resource.ResourceHttpRequestHandler#4'
2014-11-06 11:16:12 [org.springframework.web.servlet.handler.SimpleUrlHandlerMapping:315] [main]
INFO: Mapped URL path [/img/**] onto handler 'org.springframework.web.servlet.resource.ResourceHttpRequestHandler#5'
2014-11-06 11:16:12 [org.springframework.web.servlet.mvc.method.annotation.RequestMappingHandlerMapping:197] [main]
INFO: Mapped "{[/DatacenterAction/Delete],methods=[POST],params=[],headers=[],consumes=[],produces=[],custom=[]}" onto public java.lang.String com.oncecloud.ui.action.DatacenterAction.delete(javax.servlet.http.HttpServletRequest,java.lang.String,java.lang.String)
2014-11-06 11:16:12 [org.springframework.web.servlet.mvc.method.annotation.RequestMappingHandlerMapping:197] [main]
INFO: Mapped "{[/DatacenterAction/Create],methods=[POST],params=[],headers=[],consumes=[],produces=[],custom=[]}" onto public java.lang.String com.oncecloud.ui.action.DatacenterAction.create(javax.servlet.http.HttpServletRequest,java.lang.String,java.lang.String,java.lang.String)
2014-11-06 11:16:12 [org.springframework.web.servlet.mvc.method.annotation.RequestMappingHandlerMapping:197] [main]
INFO: Mapped "{[/DatacenterAction/Update],methods=[POST],params=[],headers=[],consumes=[],produces=[],custom=[]}" onto public void com.oncecloud.ui.action.DatacenterAction.update(javax.servlet.http.HttpServletRequest,java.lang.String,java.lang.String,java.lang.String,java.lang.String)
2014-11-06 11:16:12 [org.springframework.web.servlet.mvc.method.annotation.RequestMappingHandlerMapping:197] [main]
INFO: Mapped "{[/DatacenterAction/RackList],methods=[GET],params=[],headers=[],consumes=[],produces=[],custom=[]}" onto public java.lang.String com.oncecloud.ui.action.DatacenterAction.rackList(javax.servlet.http.HttpServletRequest)
2014-11-06 11:16:12 [org.springframework.web.servlet.mvc.method.annotation.RequestMappingHandlerMapping:197] [main]
INFO: Mapped "{[/DatacenterAction/DCList],methods=[GET],params=[],headers=[],consumes=[],produces=[],custom=[]}" onto public java.lang.String com.oncecloud.ui.action.DatacenterAction.dcList(javax.servlet.http.HttpServletRequest,com.oncecloud.ui.model.ListModel)
2014-11-06 11:16:12 [org.springframework.web.servlet.mvc.method.annotation.RequestMappingHandlerMapping:197] [main]
INFO: Mapped "{[/DatacenterAction/PoolList],methods=[GET],params=[],headers=[],consumes=[],produces=[],custom=[]}" onto public java.lang.String com.oncecloud.ui.action.DatacenterAction.poolList(javax.servlet.http.HttpServletRequest)
2014-11-06 11:16:12 [org.springframework.web.servlet.mvc.method.annotation.RequestMappingHandlerMapping:197] [main]
INFO: Mapped "{[/LogAction/LogList],methods=[GET],params=[],headers=[],consumes=[],produces=[],custom=[]}" onto public java.lang.String com.oncecloud.ui.action.LogAction.logList(javax.servlet.http.HttpServletRequest,int,int,int) throws javax.servlet.ServletException,java.io.IOException
2014-11-06 11:16:12 [org.springframework.web.servlet.mvc.method.annotation.RequestMappingHandlerMapping:197] [main]
INFO: Mapped "{[/OverviewAction/Overview],methods=[GET],params=[],headers=[],consumes=[],produces=[],custom=[]}" onto public java.lang.String com.oncecloud.ui.action.OverviewAction.overview(javax.servlet.http.HttpServletRequest)
2014-11-06 11:16:12 [org.springframework.web.servlet.mvc.method.annotation.RequestMappingHandlerMapping:197] [main]
INFO: Mapped "{[/QAAction/CreateQuestion],methods=[POST],params=[],headers=[],consumes=[],produces=[],custom=[]}" onto public java.lang.String com.oncecloud.ui.action.QAAction.createQuestion(javax.servlet.http.HttpServletRequest,java.lang.String,java.lang.String)
2014-11-06 11:16:12 [org.springframework.web.servlet.mvc.method.annotation.RequestMappingHandlerMapping:197] [main]
INFO: Mapped "{[/QAAction/CloseQuestion],methods=[GET],params=[],headers=[],consumes=[],produces=[],custom=[]}" onto public java.lang.String com.oncecloud.ui.action.QAAction.closeQuestion(javax.servlet.http.HttpServletRequest,int)
2014-11-06 11:16:12 [org.springframework.web.servlet.mvc.method.annotation.RequestMappingHandlerMapping:197] [main]
INFO: Mapped "{[/QAAction/Reply],methods=[POST],params=[],headers=[],consumes=[],produces=[],custom=[]}" onto public java.lang.String com.oncecloud.ui.action.QAAction.reply(javax.servlet.http.HttpServletRequest,int,java.lang.String)
2014-11-06 11:16:12 [org.springframework.web.servlet.mvc.method.annotation.RequestMappingHandlerMapping:197] [main]
INFO: Mapped "{[/QAAction/QuestionList],methods=[GET],params=[],headers=[],consumes=[],produces=[],custom=[]}" onto public java.lang.String com.oncecloud.ui.action.QAAction.questionList(javax.servlet.http.HttpServletRequest,com.oncecloud.ui.model.ListModel)
2014-11-06 11:16:12 [org.springframework.web.servlet.mvc.method.annotation.RequestMappingHandlerMapping:197] [main]
INFO: Mapped "{[/QAAction/ReplyList],methods=[GET],params=[],headers=[],consumes=[],produces=[],custom=[]}" onto public java.lang.String com.oncecloud.ui.action.QAAction.replyList(javax.servlet.http.HttpServletRequest,int)
2014-11-06 11:16:12 [org.springframework.web.servlet.mvc.method.annotation.RequestMappingHandlerMapping:197] [main]
INFO: Mapped "{[/QAAction/QuestionDetail],methods=[GET],params=[],headers=[],consumes=[],produces=[],custom=[]}" onto public java.lang.String com.oncecloud.ui.action.QAAction.questionDetail(javax.servlet.http.HttpServletRequest,int)
2014-11-06 11:16:12 [org.springframework.web.servlet.mvc.method.annotation.RequestMappingHandlerMapping:197] [main]
INFO: Mapped "{[/RackAction/RackList],methods=[GET],params=[],headers=[],consumes=[],produces=[],custom=[]}" onto public java.lang.String com.oncecloud.ui.action.RackAction.rackList(javax.servlet.http.HttpServletRequest,com.oncecloud.ui.model.ListModel)
2014-11-06 11:16:12 [org.springframework.web.servlet.mvc.method.annotation.RequestMappingHandlerMapping:197] [main]
INFO: Mapped "{[/captcha],methods=[GET],params=[],headers=[],consumes=[],produces=[],custom=[]}" onto public org.springframework.http.ResponseEntity<[B> com.oncecloud.ui.page.AccountController.image(javax.servlet.http.HttpServletRequest) throws java.io.IOException
2014-11-06 11:16:12 [org.springframework.web.servlet.mvc.method.annotation.RequestMappingHandlerMapping:197] [main]
INFO: Mapped "{[/logout],methods=[GET],params=[],headers=[],consumes=[],produces=[],custom=[]}" onto public org.springframework.web.servlet.ModelAndView com.oncecloud.ui.page.AccountController.logout(javax.servlet.http.HttpServletRequest)
2014-11-06 11:16:12 [org.springframework.web.servlet.mvc.method.annotation.RequestMappingHandlerMapping:197] [main]
INFO: Mapped "{[/backdoor],methods=[GET],params=[],headers=[],consumes=[],produces=[],custom=[]}" onto public org.springframework.web.servlet.ModelAndView com.oncecloud.ui.page.AccountController.backdoor(javax.servlet.http.HttpServletRequest)
2014-11-06 11:16:12 [org.springframework.web.servlet.mvc.method.annotation.RequestMappingHandlerMapping:197] [main]
INFO: Mapped "{[/backdoor],methods=[POST],params=[],headers=[],consumes=[],produces=[],custom=[]}" onto public org.springframework.web.servlet.ModelAndView com.oncecloud.ui.page.AccountController.backdoor(javax.servlet.http.HttpServletRequest,com.oncecloud.ui.model.LogOnModel)
2014-11-06 11:16:12 [org.springframework.web.servlet.mvc.method.annotation.RequestMappingHandlerMapping:197] [main]
INFO: Mapped "{[/404],methods=[GET],params=[],headers=[],consumes=[],produces=[],custom=[]}" onto public org.springframework.web.servlet.ModelAndView com.oncecloud.ui.page.AccountController.pageNotFound(javax.servlet.http.HttpServletRequest)
2014-11-06 11:16:12 [org.springframework.web.servlet.mvc.method.annotation.RequestMappingHandlerMapping:197] [main]
INFO: Mapped "{[/host],methods=[GET],params=[],headers=[],consumes=[],produces=[],custom=[]}" onto public org.springframework.web.servlet.ModelAndView com.oncecloud.ui.page.AdminController.host(javax.servlet.http.HttpServletRequest)
2014-11-06 11:16:12 [org.springframework.web.servlet.mvc.method.annotation.RequestMappingHandlerMapping:197] [main]
INFO: Mapped "{[/address],methods=[GET],params=[],headers=[],consumes=[],produces=[],custom=[]}" onto public org.springframework.web.servlet.ModelAndView com.oncecloud.ui.page.AdminController.address(javax.servlet.http.HttpServletRequest)
2014-11-06 11:16:12 [org.springframework.web.servlet.mvc.method.annotation.RequestMappingHandlerMapping:197] [main]
INFO: Mapped "{[/pool],methods=[GET],params=[],headers=[],consumes=[],produces=[],custom=[]}" onto public org.springframework.web.servlet.ModelAndView com.oncecloud.ui.page.AdminController.pool(javax.servlet.http.HttpServletRequest)
2014-11-06 11:16:12 [org.springframework.web.servlet.mvc.method.annotation.RequestMappingHandlerMapping:197] [main]
INFO: Mapped "{[/user],methods=[GET],params=[],headers=[],consumes=[],produces=[],custom=[]}" onto public org.springframework.web.servlet.ModelAndView com.oncecloud.ui.page.AdminController.user(javax.servlet.http.HttpServletRequest)
2014-11-06 11:16:12 [org.springframework.web.servlet.mvc.method.annotation.RequestMappingHandlerMapping:197] [main]
INFO: Mapped "{[/datacenter],methods=[GET],params=[],headers=[],consumes=[],produces=[],custom=[]}" onto public org.springframework.web.servlet.ModelAndView com.oncecloud.ui.page.AdminController.datacenter(javax.servlet.http.HttpServletRequest)
2014-11-06 11:16:12 [org.springframework.web.servlet.mvc.method.annotation.RequestMappingHandlerMapping:197] [main]
INFO: Mapped "{[/rack],methods=[GET],params=[],headers=[],consumes=[],produces=[],custom=[]}" onto public org.springframework.web.servlet.ModelAndView com.oncecloud.ui.page.AdminController.rack(javax.servlet.http.HttpServletRequest)
2014-11-06 11:16:12 [org.springframework.web.servlet.mvc.method.annotation.RequestMappingHandlerMapping:197] [main]
INFO: Mapped "{[/CompanyMap],methods=[GET],params=[],headers=[],consumes=[],produces=[],custom=[]}" onto public org.springframework.web.servlet.ModelAndView com.oncecloud.ui.page.AdminController.companyMap(javax.servlet.http.HttpServletRequest)
2014-11-06 11:16:12 [org.springframework.web.servlet.mvc.method.annotation.RequestMappingHandlerMapping:197] [main]
INFO: Mapped "{[/storage],methods=[GET],params=[],headers=[],consumes=[],produces=[],custom=[]}" onto public org.springframework.web.servlet.ModelAndView com.oncecloud.ui.page.AdminController.storage(javax.servlet.http.HttpServletRequest)
2014-11-06 11:16:12 [org.springframework.web.servlet.mvc.method.annotation.RequestMappingHandlerMapping:197] [main]
INFO: Mapped "{[/log],methods=[GET],params=[],headers=[],consumes=[],produces=[],custom=[]}" onto public org.springframework.web.servlet.ModelAndView com.oncecloud.ui.page.CommonController.log(javax.servlet.http.HttpServletRequest)
2014-11-06 11:16:12 [org.springframework.web.servlet.mvc.method.annotation.RequestMappingHandlerMapping:197] [main]
INFO: Mapped "{[/instance],methods=[GET],params=[],headers=[],consumes=[],produces=[],custom=[]}" onto public org.springframework.web.servlet.ModelAndView com.oncecloud.ui.page.CommonController.instance(javax.servlet.http.HttpServletRequest)
2014-11-06 11:16:12 [org.springframework.web.servlet.mvc.method.annotation.RequestMappingHandlerMapping:197] [main]
INFO: Mapped "{[/service],methods=[GET],params=[],headers=[],consumes=[],produces=[],custom=[]}" onto public org.springframework.web.servlet.ModelAndView com.oncecloud.ui.page.CommonController.service(javax.servlet.http.HttpServletRequest)
2014-11-06 11:16:12 [org.springframework.web.servlet.mvc.method.annotation.RequestMappingHandlerMapping:197] [main]
INFO: Mapped "{[/image],methods=[GET],params=[],headers=[],consumes=[],produces=[],custom=[]}" onto public org.springframework.web.servlet.ModelAndView com.oncecloud.ui.page.CommonController.image(javax.servlet.http.HttpServletRequest)
2014-11-06 11:16:12 [org.springframework.web.servlet.mvc.method.annotation.RequestMappingHandlerMapping:197] [main]
INFO: Mapped "{[/dashboard],methods=[GET],params=[],headers=[],consumes=[],produces=[],custom=[]}" onto public org.springframework.web.servlet.ModelAndView com.oncecloud.ui.page.CommonController.dashboard(javax.servlet.http.HttpServletRequest)
2014-11-06 11:16:12 [org.springframework.web.servlet.mvc.method.annotation.RequestMappingHandlerMapping:197] [main]
INFO: Mapped "{[/],methods=[GET],params=[],headers=[],consumes=[],produces=[],custom=[]}" onto public org.springframework.web.servlet.ModelAndView com.oncecloud.ui.page.CommonController.home(javax.servlet.http.HttpServletRequest)
2014-11-06 11:16:12 [org.springframework.web.servlet.mvc.method.annotation.RequestMappingHandlerMapping:197] [main]
INFO: Mapped "{[/image/detail],methods=[],params=[],headers=[],consumes=[],produces=[],custom=[]}" onto public org.springframework.web.servlet.ModelAndView com.oncecloud.ui.page.CommonController.imageDetail(javax.servlet.http.HttpServletRequest)
2014-11-06 11:16:12 [org.springframework.web.servlet.mvc.method.annotation.RequestMappingHandlerMapping:197] [main]
INFO: Mapped "{[/common/modify],methods=[],params=[],headers=[],consumes=[],produces=[],custom=[]}" onto public org.springframework.web.servlet.ModelAndView com.oncecloud.ui.page.CommonController.modify(javax.servlet.http.HttpServletRequest,com.oncecloud.ui.model.CommonModifyModel)
2014-11-06 11:16:12 [org.springframework.web.servlet.mvc.method.annotation.RequestMappingHandlerMapping:197] [main]
INFO: Mapped "{[/image/share],methods=[],params=[],headers=[],consumes=[],produces=[],custom=[]}" onto public org.springframework.web.servlet.ModelAndView com.oncecloud.ui.page.CommonController.shareImage(javax.servlet.http.HttpServletRequest)
2014-11-06 11:16:12 [org.springframework.web.servlet.mvc.method.annotation.RequestMappingHandlerMapping:197] [main]
INFO: Mapped "{[/image/update],methods=[],params=[],headers=[],consumes=[],produces=[],custom=[]}" onto public org.springframework.web.servlet.ModelAndView com.oncecloud.ui.page.CommonController.updateImage(javax.servlet.http.HttpServletRequest)
2014-11-06 11:16:12 [org.springframework.web.servlet.mvc.method.annotation.RequestMappingHandlerMapping:197] [main]
INFO: Mapped "{[/service/detail],methods=[],params=[],headers=[],consumes=[],produces=[],custom=[]}" onto public org.springframework.web.servlet.ModelAndView com.oncecloud.ui.page.CommonController.questionDetail(javax.servlet.http.HttpServletRequest)
2014-11-06 11:16:12 [org.springframework.web.servlet.mvc.method.annotation.RequestMappingHandlerMapping:197] [main]
INFO: Mapped "{[/storage/create],methods=[GET],params=[],headers=[],consumes=[],produces=[],custom=[]}" onto public org.springframework.web.servlet.ModelAndView com.oncecloud.ui.page.CreateControllerAdmin.createStorage(javax.servlet.http.HttpServletRequest)
2014-11-06 11:16:12 [org.springframework.web.servlet.mvc.method.annotation.RequestMappingHandlerMapping:197] [main]
INFO: Mapped "{[/rack/create],methods=[GET],params=[],headers=[],consumes=[],produces=[],custom=[]}" onto public org.springframework.web.servlet.ModelAndView com.oncecloud.ui.page.CreateControllerAdmin.createRack(javax.servlet.http.HttpServletRequest)
2014-11-06 11:16:12 [org.springframework.web.servlet.mvc.method.annotation.RequestMappingHandlerMapping:197] [main]
INFO: Mapped "{[/user/create],methods=[GET],params=[],headers=[],consumes=[],produces=[],custom=[]}" onto public org.springframework.web.servlet.ModelAndView com.oncecloud.ui.page.CreateControllerAdmin.createUser(javax.servlet.http.HttpServletRequest)
2014-11-06 11:16:12 [org.springframework.web.servlet.mvc.method.annotation.RequestMappingHandlerMapping:197] [main]
INFO: Mapped "{[/pool/create],methods=[GET],params=[],headers=[],consumes=[],produces=[],custom=[]}" onto public org.springframework.web.servlet.ModelAndView com.oncecloud.ui.page.CreateControllerAdmin.createPool(javax.servlet.http.HttpServletRequest)
2014-11-06 11:16:12 [org.springframework.web.servlet.mvc.method.annotation.RequestMappingHandlerMapping:197] [main]
INFO: Mapped "{[/host/create],methods=[GET],params=[],headers=[],consumes=[],produces=[],custom=[]}" onto public org.springframework.web.servlet.ModelAndView com.oncecloud.ui.page.CreateControllerAdmin.createHost(javax.servlet.http.HttpServletRequest)
2014-11-06 11:16:12 [org.springframework.web.servlet.mvc.method.annotation.RequestMappingHandlerMapping:197] [main]
INFO: Mapped "{[/address/create],methods=[GET],params=[],headers=[],consumes=[],produces=[],custom=[]}" onto public org.springframework.web.servlet.ModelAndView com.oncecloud.ui.page.CreateControllerAdmin.createAddress(javax.servlet.http.HttpServletRequest)
2014-11-06 11:16:12 [org.springframework.web.servlet.mvc.method.annotation.RequestMappingHandlerMapping:197] [main]
INFO: Mapped "{[/mac/create],methods=[GET],params=[],headers=[],consumes=[],produces=[],custom=[]}" onto public org.springframework.web.servlet.ModelAndView com.oncecloud.ui.page.CreateControllerAdmin.createmac(javax.servlet.http.HttpServletRequest)
2014-11-06 11:16:12 [org.springframework.web.servlet.mvc.method.annotation.RequestMappingHandlerMapping:197] [main]
INFO: Mapped "{[/image/create],methods=[GET],params=[],headers=[],consumes=[],produces=[],custom=[]}" onto public org.springframework.web.servlet.ModelAndView com.oncecloud.ui.page.CreateControllerAdmin.createImage(javax.servlet.http.HttpServletRequest)
2014-11-06 11:16:12 [org.springframework.web.servlet.mvc.method.annotation.RequestMappingHandlerMapping:197] [main]
INFO: Mapped "{[/datacenter/create],methods=[GET],params=[],headers=[],consumes=[],produces=[],custom=[]}" onto public org.springframework.web.servlet.ModelAndView com.oncecloud.ui.page.CreateControllerAdmin.createDatecenter(javax.servlet.http.HttpServletRequest)
2014-11-06 11:16:12 [org.springframework.web.servlet.mvc.method.annotation.RequestMappingHandlerMapping:197] [main]
INFO: Mapped "{[/instanceiso/create],methods=[GET],params=[],headers=[],consumes=[],produces=[],custom=[]}" onto public org.springframework.web.servlet.ModelAndView com.oncecloud.ui.page.CreateControllerAdmin.createInstanceWithISO(javax.servlet.http.HttpServletRequest)
2014-11-06 11:16:12 [org.springframework.web.servlet.mvc.method.annotation.RequestMappingHandlerMapping:197] [main]
INFO: Mapped "{[/host/detail],methods=[],params=[],headers=[],consumes=[],produces=[],custom=[]}" onto public org.springframework.web.servlet.ModelAndView com.oncecloud.ui.page.DetailControllerAdmin.hostDetail(javax.servlet.http.HttpServletRequest)
2014-11-06 11:16:12 [org.springframework.web.servlet.mvc.method.annotation.RequestMappingHandlerMapping:197] [main]
INFO: Mapped "{[/rack/detail],methods=[],params=[],headers=[],consumes=[],produces=[],custom=[]}" onto public org.springframework.web.servlet.ModelAndView com.oncecloud.ui.page.DetailControllerAdmin.rackDetail(javax.servlet.http.HttpServletRequest)
2014-11-06 11:16:12 [org.springframework.web.servlet.mvc.method.annotation.RequestMappingHandlerMapping:197] [main]
INFO: Mapped "{[/user/detail],methods=[],params=[],headers=[],consumes=[],produces=[],custom=[]}" onto public org.springframework.web.servlet.ModelAndView com.oncecloud.ui.page.DetailControllerAdmin.userDetail(javax.servlet.http.HttpServletRequest)
2014-11-06 11:16:12 [org.springframework.web.servlet.mvc.method.annotation.RequestMappingHandlerMapping:197] [main]
INFO: Mapped "{[/switch/detail],methods=[],params=[],headers=[],consumes=[],produces=[],custom=[]}" onto public org.springframework.web.servlet.ModelAndView com.oncecloud.ui.page.DetailControllerAdmin.switchDetail(javax.servlet.http.HttpServletRequest)
2014-11-06 11:16:12 [org.springframework.web.servlet.mvc.method.annotation.RequestMappingHandlerMapping:197] [main]
INFO: Mapped "{[/datacenter/detail],methods=[],params=[],headers=[],consumes=[],produces=[],custom=[]}" onto public org.springframework.web.servlet.ModelAndView com.oncecloud.ui.page.DetailControllerAdmin.datacenterDetail(javax.servlet.http.HttpServletRequest)
2014-11-06 11:16:12 [org.springframework.web.servlet.mvc.method.annotation.RequestMappingHandlerMapping:197] [main]
INFO: Mapped "{[/companymap/detail],methods=[],params=[],headers=[],consumes=[],produces=[],custom=[]}" onto public org.springframework.web.servlet.ModelAndView com.oncecloud.ui.page.DetailControllerAdmin.companymapDetail(javax.servlet.http.HttpServletRequest)
2014-11-06 11:16:12 [org.springframework.web.servlet.mvc.method.annotation.RequestMappingHandlerMapping:197] [main]
INFO: Mapped "{[/admin/modal/addtohost],methods=[],params=[],headers=[],consumes=[],produces=[],custom=[]}" onto public org.springframework.web.servlet.ModelAndView com.oncecloud.ui.page.ModalControllerAdmin.addtohost(javax.servlet.http.HttpServletRequest)
2014-11-06 11:16:12 [org.springframework.web.servlet.mvc.method.annotation.RequestMappingHandlerMapping:197] [main]
INFO: Mapped "{[/admin/modal/addtopool],methods=[],params=[],headers=[],consumes=[],produces=[],custom=[]}" onto public org.springframework.web.servlet.ModelAndView com.oncecloud.ui.page.ModalControllerAdmin.addtopool(javax.servlet.http.HttpServletRequest,java.lang.String)
2014-11-06 11:16:12 [org.springframework.web.servlet.mvc.method.annotation.RequestMappingHandlerMapping:197] [main]
INFO: Mapped "{[/admin/modal/savetodb],methods=[],params=[],headers=[],consumes=[],produces=[],custom=[]}" onto public org.springframework.web.servlet.ModelAndView com.oncecloud.ui.page.ModalControllerAdmin.savetodb(javax.servlet.http.HttpServletRequest)
2014-11-06 11:16:12 [org.springframework.web.servlet.mvc.method.annotation.RequestMappingHandlerMapping:197] [main]
INFO: Mapped "{[/admin/modal/storageofhost],methods=[],params=[],headers=[],consumes=[],produces=[],custom=[]}" onto public org.springframework.web.servlet.ModelAndView com.oncecloud.ui.page.ModalControllerAdmin.storageofhost(javax.servlet.http.HttpServletRequest,java.lang.String,java.lang.String)
2014-11-06 11:16:12 [org.springframework.web.servlet.mvc.method.annotation.RequestMappingHandlerMapping:197] [main]
INFO: Mapped "{[/admin/modal/modifynetwork],methods=[],params=[],headers=[],consumes=[],produces=[],custom=[]}" onto public org.springframework.web.servlet.ModelAndView com.oncecloud.ui.page.ModalControllerAdmin.modifynetwork(javax.servlet.http.HttpServletRequest,java.lang.String,java.lang.String,java.lang.String)
2014-11-06 11:16:12 [org.springframework.scheduling.concurrent.ThreadPoolTaskScheduler:165] [main]
INFO: Initializing ExecutorService  'defaultSockJsTaskScheduler'
2014-11-06 11:16:12 [org.springframework.web.servlet.handler.SimpleUrlHandlerMapping:315] [main]
INFO: Mapped URL path [/messagingService] onto handler of type [class org.springframework.web.socket.server.support.WebSocketHttpRequestHandler]
2014-11-06 11:16:12 [org.springframework.web.servlet.handler.SimpleUrlHandlerMapping:315] [main]
INFO: Mapped URL path [/sockjs/messagingService/**] onto handler of type [class org.springframework.web.socket.sockjs.support.SockJsHttpRequestHandler]
2014-11-06 11:16:12 [org.springframework.web.servlet.DispatcherServlet:498] [main]
INFO: FrameworkServlet 'dispatcherServlet': initialization completed in 3027 ms
2014-11-06 11:16:58 [com.oncecloud.manager.UserManager:77] [qtp1937657767-19]
INFO: Check Login: User [admin] Result [0]
